[0.805s] Invoking command in '/home/monster/arduinobot_ws/src/arduinobot_py_examples': PYTHONPATH=/home/monster/arduinobot_ws/src/build/arduinobot_py_examples/prefix_override:/usr/lib/python3/dist-packages/colcon_core/task/python/colcon_distutils_commands:/home/monster/arduinobot_ws/src/install/arduinobot_py_examples/lib/python3.10/site-packages:${PYTHONPATH} /usr/bin/python3 -W ignore:setup.py install is deprecated setup.py egg_info --egg-base ../build/arduinobot_py_examples build --build-base /home/monster/arduinobot_ws/src/build/arduinobot_py_examples/build install --record /home/monster/arduinobot_ws/src/build/arduinobot_py_examples/install.log --single-version-externally-managed install_data
[1.082s] running egg_info
[1.083s] creating ../build/arduinobot_py_examples/arduinobot_py_examples.egg-info
[1.083s] writing ../build/arduinobot_py_examples/arduinobot_py_examples.egg-info/PKG-INFO
[1.083s] writing dependency_links to ../build/arduinobot_py_examples/arduinobot_py_examples.egg-info/dependency_links.txt
[1.083s] writing entry points to ../build/arduinobot_py_examples/arduinobot_py_examples.egg-info/entry_points.txt
[1.083s] writing requirements to ../build/arduinobot_py_examples/arduinobot_py_examples.egg-info/requires.txt
[1.083s] writing top-level names to ../build/arduinobot_py_examples/arduinobot_py_examples.egg-info/top_level.txt
[1.084s] writing manifest file '../build/arduinobot_py_examples/arduinobot_py_examples.egg-info/SOURCES.txt'
[1.085s] reading manifest file '../build/arduinobot_py_examples/arduinobot_py_examples.egg-info/SOURCES.txt'
[1.086s] writing manifest file '../build/arduinobot_py_examples/arduinobot_py_examples.egg-info/SOURCES.txt'
[1.086s] running build
[1.086s] running build_py
[1.086s] creating /home/monster/arduinobot_ws/src/build/arduinobot_py_examples/build
[1.086s] creating /home/monster/arduinobot_ws/src/build/arduinobot_py_examples/build/lib
[1.086s] creating /home/monster/arduinobot_ws/src/build/arduinobot_py_examples/build/lib/arduinobot_py_examples
[1.087s] copying arduinobot_py_examples/__init__.py -> /home/monster/arduinobot_ws/src/build/arduinobot_py_examples/build/lib/arduinobot_py_examples
[1.087s] running install
[1.087s] running install_lib
[1.088s] creating /home/monster/arduinobot_ws/src/install/arduinobot_py_examples/lib/python3.10/site-packages/arduinobot_py_examples
[1.088s] copying /home/monster/arduinobot_ws/src/build/arduinobot_py_examples/build/lib/arduinobot_py_examples/__init__.py -> /home/monster/arduinobot_ws/src/install/arduinobot_py_examples/lib/python3.10/site-packages/arduinobot_py_examples
[1.088s] byte-compiling /home/monster/arduinobot_ws/src/install/arduinobot_py_examples/lib/python3.10/site-packages/arduinobot_py_examples/__init__.py to __init__.cpython-310.pyc
[1.088s] running install_data
[1.089s] creating /home/monster/arduinobot_ws/src/install/arduinobot_py_examples/share/ament_index
[1.089s] creating /home/monster/arduinobot_ws/src/install/arduinobot_py_examples/share/ament_index/resource_index
[1.089s] creating /home/monster/arduinobot_ws/src/install/arduinobot_py_examples/share/ament_index/resource_index/packages
[1.089s] copying resource/arduinobot_py_examples -> /home/monster/arduinobot_ws/src/install/arduinobot_py_examples/share/ament_index/resource_index/packages
[1.089s] copying package.xml -> /home/monster/arduinobot_ws/src/install/arduinobot_py_examples/share/arduinobot_py_examples
[1.089s] running install_egg_info
[1.090s] Copying ../build/arduinobot_py_examples/arduinobot_py_examples.egg-info to /home/monster/arduinobot_ws/src/install/arduinobot_py_examples/lib/python3.10/site-packages/arduinobot_py_examples-0.0.0-py3.10.egg-info
[1.091s] running install_scripts
[1.113s] writing list of installed files to '/home/monster/arduinobot_ws/src/build/arduinobot_py_examples/install.log'
[1.147s] Invoked command in '/home/monster/arduinobot_ws/src/arduinobot_py_examples' returned '0': PYTHONPATH=/home/monster/arduinobot_ws/src/build/arduinobot_py_examples/prefix_override:/usr/lib/python3/dist-packages/colcon_core/task/python/colcon_distutils_commands:/home/monster/arduinobot_ws/src/install/arduinobot_py_examples/lib/python3.10/site-packages:${PYTHONPATH} /usr/bin/python3 -W ignore:setup.py install is deprecated setup.py egg_info --egg-base ../build/arduinobot_py_examples build --build-base /home/monster/arduinobot_ws/src/build/arduinobot_py_examples/build install --record /home/monster/arduinobot_ws/src/build/arduinobot_py_examples/install.log --single-version-externally-managed install_data
