[0.025s] Invoking command in '/home/monster/arduinobot_ws/build/arduinobot_firmware': CMAKE_PREFIX_PATH=${CMAKE_PREFIX_PATH}:/home/monster/arduinobot_ws/install/arduinobot_py_examples:/opt/ros/humble /usr/bin/cmake --build /home/monster/arduinobot_ws/build/arduinobot_firmware -- -j3 -l3
[0.098s] [  0%] Built target ament_cmake_python_copy_arduinobot_firmware
[0.099s] [100%] Built target simple_serial_transmitter
[0.336s] running egg_info
[0.337s] writing arduinobot_firmware.egg-info/PKG-INFO
[0.337s] writing dependency_links to arduinobot_firmware.egg-info/dependency_links.txt
[0.337s] writing top-level names to arduinobot_firmware.egg-info/top_level.txt
[0.341s] reading manifest file 'arduinobot_firmware.egg-info/SOURCES.txt'
[0.342s] writing manifest file 'arduinobot_firmware.egg-info/SOURCES.txt'
[0.372s] [100%] Built target ament_cmake_python_build_arduinobot_firmware_egg
[0.382s] Invoked command in '/home/monster/arduinobot_ws/build/arduinobot_firmware' returned '0': CMAKE_PREFIX_PATH=${CMAKE_PREFIX_PATH}:/home/monster/arduinobot_ws/install/arduinobot_py_examples:/opt/ros/humble /usr/bin/cmake --build /home/monster/arduinobot_ws/build/arduinobot_firmware -- -j3 -l3
[0.418s] Invoking command in '/home/monster/arduinobot_ws/build/arduinobot_firmware': CMAKE_PREFIX_PATH=${CMAKE_PREFIX_PATH}:/home/monster/arduinobot_ws/install/arduinobot_py_examples:/opt/ros/humble /usr/bin/cmake --install /home/monster/arduinobot_ws/build/arduinobot_firmware
[0.429s] -- Install configuration: ""
[0.429s] -- Up-to-date: /home/monster/arduinobot_ws/install/arduinobot_firmware/share/arduinobot_firmware/environment/pythonpath.sh
[0.430s] -- Up-to-date: /home/monster/arduinobot_ws/install/arduinobot_firmware/share/arduinobot_firmware/environment/pythonpath.dsv
[0.430s] -- Up-to-date: /home/monster/arduinobot_ws/install/arduinobot_firmware/local/lib/python3.10/dist-packages/arduinobot_firmware-0.0.0-py3.10.egg-info
[0.430s] -- Installing: /home/monster/arduinobot_ws/install/arduinobot_firmware/local/lib/python3.10/dist-packages/arduinobot_firmware-0.0.0-py3.10.egg-info/PKG-INFO
[0.430s] -- Installing: /home/monster/arduinobot_ws/install/arduinobot_firmware/local/lib/python3.10/dist-packages/arduinobot_firmware-0.0.0-py3.10.egg-info/SOURCES.txt
[0.431s] -- Installing: /home/monster/arduinobot_ws/install/arduinobot_firmware/local/lib/python3.10/dist-packages/arduinobot_firmware-0.0.0-py3.10.egg-info/dependency_links.txt
[0.431s] -- Installing: /home/monster/arduinobot_ws/install/arduinobot_firmware/local/lib/python3.10/dist-packages/arduinobot_firmware-0.0.0-py3.10.egg-info/top_level.txt
[0.432s] -- Up-to-date: /home/monster/arduinobot_ws/install/arduinobot_firmware/local/lib/python3.10/dist-packages/arduinobot_firmware
[0.432s] -- Up-to-date: /home/monster/arduinobot_ws/install/arduinobot_firmware/local/lib/python3.10/dist-packages/arduinobot_firmware/__init__.py
[0.432s] -- Up-to-date: /home/monster/arduinobot_ws/install/arduinobot_firmware/local/lib/python3.10/dist-packages/arduinobot_firmware/simple_serial_transmitter.py
[0.461s] Listing '/home/monster/arduinobot_ws/install/arduinobot_firmware/local/lib/python3.10/dist-packages/arduinobot_firmware'...
[0.465s] -- Up-to-date: /home/monster/arduinobot_ws/install/arduinobot_firmware/lib/arduinobot_firmware/simple_serial_transmitter
[0.466s] -- Up-to-date: /home/monster/arduinobot_ws/install/arduinobot_firmware/lib/arduinobot_firmware/simple_serial_transmitter.py
[0.466s] -- Up-to-date: /home/monster/arduinobot_ws/install/arduinobot_firmware/share/ament_index/resource_index/package_run_dependencies/arduinobot_firmware
[0.466s] -- Up-to-date: /home/monster/arduinobot_ws/install/arduinobot_firmware/share/ament_index/resource_index/parent_prefix_path/arduinobot_firmware
[0.466s] -- Up-to-date: /home/monster/arduinobot_ws/install/arduinobot_firmware/share/arduinobot_firmware/environment/ament_prefix_path.sh
[0.466s] -- Up-to-date: /home/monster/arduinobot_ws/install/arduinobot_firmware/share/arduinobot_firmware/environment/ament_prefix_path.dsv
[0.466s] -- Up-to-date: /home/monster/arduinobot_ws/install/arduinobot_firmware/share/arduinobot_firmware/environment/path.sh
[0.466s] -- Up-to-date: /home/monster/arduinobot_ws/install/arduinobot_firmware/share/arduinobot_firmware/environment/path.dsv
[0.467s] -- Up-to-date: /home/monster/arduinobot_ws/install/arduinobot_firmware/share/arduinobot_firmware/local_setup.bash
[0.467s] -- Up-to-date: /home/monster/arduinobot_ws/install/arduinobot_firmware/share/arduinobot_firmware/local_setup.sh
[0.467s] -- Up-to-date: /home/monster/arduinobot_ws/install/arduinobot_firmware/share/arduinobot_firmware/local_setup.zsh
[0.467s] -- Up-to-date: /home/monster/arduinobot_ws/install/arduinobot_firmware/share/arduinobot_firmware/local_setup.dsv
[0.467s] -- Installing: /home/monster/arduinobot_ws/install/arduinobot_firmware/share/arduinobot_firmware/package.dsv
[0.468s] -- Up-to-date: /home/monster/arduinobot_ws/install/arduinobot_firmware/share/ament_index/resource_index/packages/arduinobot_firmware
[0.468s] -- Up-to-date: /home/monster/arduinobot_ws/install/arduinobot_firmware/share/arduinobot_firmware/cmake/arduinobot_firmwareConfig.cmake
[0.468s] -- Up-to-date: /home/monster/arduinobot_ws/install/arduinobot_firmware/share/arduinobot_firmware/cmake/arduinobot_firmwareConfig-version.cmake
[0.468s] -- Up-to-date: /home/monster/arduinobot_ws/install/arduinobot_firmware/share/arduinobot_firmware/package.xml
[0.471s] Invoked command in '/home/monster/arduinobot_ws/build/arduinobot_firmware' returned '0': CMAKE_PREFIX_PATH=${CMAKE_PREFIX_PATH}:/home/monster/arduinobot_ws/install/arduinobot_py_examples:/opt/ros/humble /usr/bin/cmake --install /home/monster/arduinobot_ws/build/arduinobot_firmware
