[0.024s] Invoking command in '/home/monster/arduinobot_ws/build/arduinobot_firmware': CMAKE_PREFIX_PATH=/opt/ros/humble /usr/bin/cmake --build /home/monster/arduinobot_ws/build/arduinobot_firmware -- -j6 -l6
[0.072s] -- Found ament_cmake: 1.3.10 (/opt/ros/humble/share/ament_cmake/cmake)
[0.265s] -- Found rclpy: 3.3.14 (/opt/ros/humble/share/rclpy/cmake)
[0.265s] -- Found rclcpp: 16.0.10 (/opt/ros/humble/share/rclcpp/cmake)
[0.307s] -- Found rosidl_generator_c: 3.1.5 (/opt/ros/humble/share/rosidl_generator_c/cmake)
[0.311s] -- Found rosidl_adapter: 3.1.5 (/opt/ros/humble/share/rosidl_adapter/cmake)
[0.321s] -- Found rosidl_generator_cpp: 3.1.5 (/opt/ros/humble/share/rosidl_generator_cpp/cmake)
[0.337s] -- Using all available rosidl_typesupport_c: rosidl_typesupport_fastrtps_c;rosidl_typesupport_introspection_c
[0.355s] -- Using all available rosidl_typesupport_cpp: rosidl_typesupport_fastrtps_cpp;rosidl_typesupport_introspection_cpp
[0.392s] -- Found rmw_implementation_cmake: 6.1.2 (/opt/ros/humble/share/rmw_implementation_cmake/cmake)
[0.393s] -- Found rmw_fastrtps_cpp: 6.2.7 (/opt/ros/humble/share/rmw_fastrtps_cpp/cmake)
[0.504s] -- Using RMW implementation 'rmw_fastrtps_cpp' as default
[0.629s] -- Found ament_lint_auto: 0.12.11 (/opt/ros/humble/share/ament_lint_auto/cmake)
[0.715s] -- Added test 'cppcheck' to perform static code analysis on C / C++ code
[0.715s] -- Configured cppcheck include dirs: /home/monster/arduinobot_ws/src/arduinobot_firmware/
[0.715s] -- Configured cppcheck exclude dirs and/or files: 
[0.715s] -- Added test 'flake8' to check Python code syntax and style conventions
[0.716s] -- Added test 'lint_cmake' to check CMake code style
[0.716s] -- Added test 'pep257' to check Python code against some of the docstring style conventions in PEP 257
[0.717s] -- Added test 'uncrustify' to check C / C++ code style
[0.717s] -- Configured uncrustify additional arguments: 
[0.718s] -- Added test 'xmllint' to check XML markup files
[0.719s] -- Configuring done
[0.736s] -- Generating done
[0.739s] -- Build files have been written to: /home/monster/arduinobot_ws/build/arduinobot_firmware
[0.772s] [35m[1mConsolidate compiler generated dependencies of target simple_serial_transmitter[0m
[0.796s] [ 50%] [32mBuilding CXX object CMakeFiles/simple_serial_transmitter.dir/src/simple_serial_transmitter.cpp.o[0m
[0.797s] [ 50%] Built target ament_cmake_python_copy_arduinobot_firmware
[1.140s] [01m[K/home/monster/arduinobot_ws/src/arduinobot_firmware/src/simple_serial_transmitter.cpp:3:10:[m[K [01;31m[Kfatal error: [m[Klibserial/SerialPort.h: No such file or directory
[1.140s]     3 | #include [01;31m[K<libserial/SerialPort.h>[m[K
[1.140s]       |          [01;31m[K^~~~~~~~~~~~~~~~~~~~~~~~[m[K
[1.140s] compilation terminated.
[1.144s] gmake[2]: *** [CMakeFiles/simple_serial_transmitter.dir/build.make:76: CMakeFiles/simple_serial_transmitter.dir/src/simple_serial_transmitter.cpp.o] Error 1
[1.144s] gmake[1]: *** [CMakeFiles/Makefile2:192: CMakeFiles/simple_serial_transmitter.dir/all] Error 2
[1.145s] gmake[1]: *** Waiting for unfinished jobs....
[1.201s] running egg_info
[1.202s] writing arduinobot_firmware.egg-info/PKG-INFO
[1.203s] writing dependency_links to arduinobot_firmware.egg-info/dependency_links.txt
[1.203s] writing top-level names to arduinobot_firmware.egg-info/top_level.txt
[1.207s] reading manifest file 'arduinobot_firmware.egg-info/SOURCES.txt'
[1.209s] writing manifest file 'arduinobot_firmware.egg-info/SOURCES.txt'
[1.246s] [ 50%] Built target ament_cmake_python_build_arduinobot_firmware_egg
[1.247s] gmake: *** [Makefile:146: all] Error 2
[1.249s] Invoked command in '/home/monster/arduinobot_ws/build/arduinobot_firmware' returned '2': CMAKE_PREFIX_PATH=/opt/ros/humble /usr/bin/cmake --build /home/monster/arduinobot_ws/build/arduinobot_firmware -- -j6 -l6
