[0.098s] DEBUG:colcon:Command line arguments: ['/usr/bin/colcon', 'build']
[0.098s] DEBUG:colcon:Parsed command line arguments: Namespace(log_base=None, log_level=None, verb_name='build', build_base='build', install_base='install', merge_install=False, symlink_install=False, test_result_base=None, continue_on_error=False, executor='parallel', parallel_workers=3, event_handlers=None, ignore_user_meta=False, metas=['./colcon.meta'], base_paths=['.'], packages_ignore=None, packages_ignore_regex=None, paths=None, packages_up_to=None, packages_up_to_regex=None, packages_above=None, packages_above_and_dependencies=None, packages_above_depth=None, packages_select_by_dep=None, packages_skip_by_dep=None, packages_skip_up_to=None, packages_select_build_failed=False, packages_skip_build_finished=False, packages_select_test_failures=False, packages_skip_test_passed=False, packages_select=None, packages_skip=None, packages_select_regex=None, packages_skip_regex=None, packages_start=None, packages_end=None, allow_overriding=[], cmake_args=None, cmake_target=None, cmake_target_skip_unavailable=False, cmake_clean_cache=False, cmake_clean_first=False, cmake_force_configure=False, ament_cmake_args=None, catkin_cmake_args=None, catkin_skip_building_tests=False, mixin_files=None, mixin=None, verb_parser=<colcon_mixin.mixin.mixin_argument.MixinArgumentDecorator object at 0x7a9c70041f30>, verb_extension=<colcon_core.verb.build.BuildVerb object at 0x7a9c701b73d0>, main=<bound method BuildVerb.main of <colcon_core.verb.build.BuildVerb object at 0x7a9c701b73d0>>, mixin_verb=('build',))
[0.246s] Level 1:colcon.colcon_core.package_discovery:discover_packages(colcon_meta) check parameters
[0.246s] Level 1:colcon.colcon_core.package_discovery:discover_packages(recursive) check parameters
[0.246s] Level 1:colcon.colcon_core.package_discovery:discover_packages(ignore) check parameters
[0.246s] Level 1:colcon.colcon_core.package_discovery:discover_packages(path) check parameters
[0.246s] Level 1:colcon.colcon_core.package_discovery:discover_packages(colcon_meta) discover
[0.247s] Level 1:colcon.colcon_core.package_discovery:discover_packages(recursive) discover
[0.247s] INFO:colcon.colcon_core.package_discovery:Crawling recursively for packages in '/home/monster/arduinobot_ws/src'
[0.247s] Level 1:colcon.colcon_core.package_identification:_identify(.) by extensions ['ignore', 'ignore_ament_install']
[0.247s] Level 1:colcon.colcon_core.package_identification:_identify(.) by extension 'ignore'
[0.247s] Level 1:colcon.colcon_core.package_identification:_identify(.) by extension 'ignore_ament_install'
[0.247s] Level 1:colcon.colcon_core.package_identification:_identify(.) by extensions ['colcon_pkg']
[0.247s] Level 1:colcon.colcon_core.package_identification:_identify(.) by extension 'colcon_pkg'
[0.247s] Level 1:colcon.colcon_core.package_identification:_identify(.) by extensions ['colcon_meta']
[0.247s] Level 1:colcon.colcon_core.package_identification:_identify(.) by extension 'colcon_meta'
[0.247s] Level 1:colcon.colcon_core.package_identification:_identify(.) by extensions ['ros']
[0.247s] Level 1:colcon.colcon_core.package_identification:_identify(.) by extension 'ros'
[0.259s] Level 1:colcon.colcon_core.package_identification:_identify(.) by extensions ['cmake', 'python']
[0.259s] Level 1:colcon.colcon_core.package_identification:_identify(.) by extension 'cmake'
[0.259s] Level 1:colcon.colcon_core.package_identification:_identify(.) by extension 'python'
[0.259s] Level 1:colcon.colcon_core.package_identification:_identify(.) by extensions ['python_setup_py']
[0.259s] Level 1:colcon.colcon_core.package_identification:_identify(.) by extension 'python_setup_py'
[0.259s] Level 1:colcon.colcon_core.package_identification:_identify(arduinobot_cpp_examples) by extensions ['ignore', 'ignore_ament_install']
[0.259s] Level 1:colcon.colcon_core.package_identification:_identify(arduinobot_cpp_examples) by extension 'ignore'
[0.259s] Level 1:colcon.colcon_core.package_identification:_identify(arduinobot_cpp_examples) by extension 'ignore_ament_install'
[0.259s] Level 1:colcon.colcon_core.package_identification:_identify(arduinobot_cpp_examples) by extensions ['colcon_pkg']
[0.259s] Level 1:colcon.colcon_core.package_identification:_identify(arduinobot_cpp_examples) by extension 'colcon_pkg'
[0.259s] Level 1:colcon.colcon_core.package_identification:_identify(arduinobot_cpp_examples) by extensions ['colcon_meta']
[0.259s] Level 1:colcon.colcon_core.package_identification:_identify(arduinobot_cpp_examples) by extension 'colcon_meta'
[0.259s] Level 1:colcon.colcon_core.package_identification:_identify(arduinobot_cpp_examples) by extensions ['ros']
[0.259s] Level 1:colcon.colcon_core.package_identification:_identify(arduinobot_cpp_examples) by extension 'ros'
[0.261s] DEBUG:colcon.colcon_core.package_identification:Package 'arduinobot_cpp_examples' with type 'ros.ament_cmake' and name 'arduinobot_cpp_examples'
[0.262s] Level 1:colcon.colcon_core.package_identification:_identify(arduinobot_firmware) by extensions ['ignore', 'ignore_ament_install']
[0.262s] Level 1:colcon.colcon_core.package_identification:_identify(arduinobot_firmware) by extension 'ignore'
[0.262s] Level 1:colcon.colcon_core.package_identification:_identify(arduinobot_firmware) by extension 'ignore_ament_install'
[0.262s] Level 1:colcon.colcon_core.package_identification:_identify(arduinobot_firmware) by extensions ['colcon_pkg']
[0.262s] Level 1:colcon.colcon_core.package_identification:_identify(arduinobot_firmware) by extension 'colcon_pkg'
[0.262s] Level 1:colcon.colcon_core.package_identification:_identify(arduinobot_firmware) by extensions ['colcon_meta']
[0.262s] Level 1:colcon.colcon_core.package_identification:_identify(arduinobot_firmware) by extension 'colcon_meta'
[0.262s] Level 1:colcon.colcon_core.package_identification:_identify(arduinobot_firmware) by extensions ['ros']
[0.262s] Level 1:colcon.colcon_core.package_identification:_identify(arduinobot_firmware) by extension 'ros'
[0.263s] DEBUG:colcon.colcon_core.package_identification:Package 'arduinobot_firmware' with type 'ros.ament_cmake' and name 'arduinobot_firmware'
[0.263s] Level 1:colcon.colcon_core.package_identification:_identify(arduinobot_py_examples) by extensions ['ignore', 'ignore_ament_install']
[0.263s] Level 1:colcon.colcon_core.package_identification:_identify(arduinobot_py_examples) by extension 'ignore'
[0.263s] Level 1:colcon.colcon_core.package_identification:_identify(arduinobot_py_examples) by extension 'ignore_ament_install'
[0.263s] Level 1:colcon.colcon_core.package_identification:_identify(arduinobot_py_examples) by extensions ['colcon_pkg']
[0.263s] Level 1:colcon.colcon_core.package_identification:_identify(arduinobot_py_examples) by extension 'colcon_pkg'
[0.263s] Level 1:colcon.colcon_core.package_identification:_identify(arduinobot_py_examples) by extensions ['colcon_meta']
[0.263s] Level 1:colcon.colcon_core.package_identification:_identify(arduinobot_py_examples) by extension 'colcon_meta'
[0.263s] Level 1:colcon.colcon_core.package_identification:_identify(arduinobot_py_examples) by extensions ['ros']
[0.263s] Level 1:colcon.colcon_core.package_identification:_identify(arduinobot_py_examples) by extension 'ros'
[0.264s] DEBUG:colcon.colcon_core.package_identification:Package 'arduinobot_py_examples' with type 'ros.ament_python' and name 'arduinobot_py_examples'
[0.264s] Level 1:colcon.colcon_core.package_identification:_identify(aruinobot_description) by extensions ['ignore', 'ignore_ament_install']
[0.264s] Level 1:colcon.colcon_core.package_identification:_identify(aruinobot_description) by extension 'ignore'
[0.264s] Level 1:colcon.colcon_core.package_identification:_identify(aruinobot_description) by extension 'ignore_ament_install'
[0.264s] Level 1:colcon.colcon_core.package_identification:_identify(aruinobot_description) by extensions ['colcon_pkg']
[0.264s] Level 1:colcon.colcon_core.package_identification:_identify(aruinobot_description) by extension 'colcon_pkg'
[0.264s] Level 1:colcon.colcon_core.package_identification:_identify(aruinobot_description) by extensions ['colcon_meta']
[0.264s] Level 1:colcon.colcon_core.package_identification:_identify(aruinobot_description) by extension 'colcon_meta'
[0.264s] Level 1:colcon.colcon_core.package_identification:_identify(aruinobot_description) by extensions ['ros']
[0.264s] Level 1:colcon.colcon_core.package_identification:_identify(aruinobot_description) by extension 'ros'
[0.265s] DEBUG:colcon.colcon_core.package_identification:Package 'aruinobot_description' with type 'ros.ament_cmake' and name 'aruinobot_description'
[0.265s] Level 1:colcon.colcon_core.package_identification:_identify(build) by extensions ['ignore', 'ignore_ament_install']
[0.265s] Level 1:colcon.colcon_core.package_identification:_identify(build) by extension 'ignore'
[0.265s] Level 1:colcon.colcon_core.package_identification:_identify(build) ignored
[0.265s] Level 1:colcon.colcon_core.package_identification:_identify(install) by extensions ['ignore', 'ignore_ament_install']
[0.265s] Level 1:colcon.colcon_core.package_identification:_identify(install) by extension 'ignore'
[0.265s] Level 1:colcon.colcon_core.package_identification:_identify(install) ignored
[0.265s] Level 1:colcon.colcon_core.package_identification:_identify(log) by extensions ['ignore', 'ignore_ament_install']
[0.265s] Level 1:colcon.colcon_core.package_identification:_identify(log) by extension 'ignore'
[0.265s] Level 1:colcon.colcon_core.package_identification:_identify(log) ignored
[0.265s] Level 1:colcon.colcon_core.package_discovery:discover_packages(recursive) using defaults
[0.265s] Level 1:colcon.colcon_core.package_discovery:discover_packages(ignore) discover
[0.265s] Level 1:colcon.colcon_core.package_discovery:discover_packages(ignore) using defaults
[0.265s] Level 1:colcon.colcon_core.package_discovery:discover_packages(path) discover
[0.266s] Level 1:colcon.colcon_core.package_discovery:discover_packages(path) using defaults
[0.283s] Level 1:colcon.colcon_core.package_discovery:discover_packages(prefix_path) check parameters
[0.283s] Level 1:colcon.colcon_core.package_discovery:discover_packages(prefix_path) discover
[0.285s] DEBUG:colcon.colcon_installed_package_information.package_discovery:Found 3 installed packages in /home/monster/arduinobot_ws/install
[0.286s] DEBUG:colcon.colcon_installed_package_information.package_discovery:Found 270 installed packages in /opt/ros/humble
[0.288s] Level 1:colcon.colcon_core.package_discovery:discover_packages(prefix_path) using defaults
[0.329s] Level 5:colcon.colcon_core.verb:set package 'arduinobot_cpp_examples' build argument 'cmake_args' from command line to 'None'
[0.329s] Level 5:colcon.colcon_core.verb:set package 'arduinobot_cpp_examples' build argument 'cmake_target' from command line to 'None'
[0.329s] Level 5:colcon.colcon_core.verb:set package 'arduinobot_cpp_examples' build argument 'cmake_target_skip_unavailable' from command line to 'False'
[0.329s] Level 5:colcon.colcon_core.verb:set package 'arduinobot_cpp_examples' build argument 'cmake_clean_cache' from command line to 'False'
[0.329s] Level 5:colcon.colcon_core.verb:set package 'arduinobot_cpp_examples' build argument 'cmake_clean_first' from command line to 'False'
[0.329s] Level 5:colcon.colcon_core.verb:set package 'arduinobot_cpp_examples' build argument 'cmake_force_configure' from command line to 'False'
[0.330s] Level 5:colcon.colcon_core.verb:set package 'arduinobot_cpp_examples' build argument 'ament_cmake_args' from command line to 'None'
[0.330s] Level 5:colcon.colcon_core.verb:set package 'arduinobot_cpp_examples' build argument 'catkin_cmake_args' from command line to 'None'
[0.330s] Level 5:colcon.colcon_core.verb:set package 'arduinobot_cpp_examples' build argument 'catkin_skip_building_tests' from command line to 'False'
[0.330s] DEBUG:colcon.colcon_core.verb:Building package 'arduinobot_cpp_examples' with the following arguments: {'ament_cmake_args': None, 'build_base': '/home/monster/arduinobot_ws/src/build/arduinobot_cpp_examples', 'catkin_cmake_args': None, 'catkin_skip_building_tests': False, 'cmake_args': None, 'cmake_clean_cache': False, 'cmake_clean_first': False, 'cmake_force_configure': False, 'cmake_target': None, 'cmake_target_skip_unavailable': False, 'install_base': '/home/monster/arduinobot_ws/src/install/arduinobot_cpp_examples', 'merge_install': False, 'path': '/home/monster/arduinobot_ws/src/arduinobot_cpp_examples', 'symlink_install': False, 'test_result_base': None}
[0.330s] Level 5:colcon.colcon_core.verb:set package 'arduinobot_firmware' build argument 'cmake_args' from command line to 'None'
[0.330s] Level 5:colcon.colcon_core.verb:set package 'arduinobot_firmware' build argument 'cmake_target' from command line to 'None'
[0.330s] Level 5:colcon.colcon_core.verb:set package 'arduinobot_firmware' build argument 'cmake_target_skip_unavailable' from command line to 'False'
[0.330s] Level 5:colcon.colcon_core.verb:set package 'arduinobot_firmware' build argument 'cmake_clean_cache' from command line to 'False'
[0.330s] Level 5:colcon.colcon_core.verb:set package 'arduinobot_firmware' build argument 'cmake_clean_first' from command line to 'False'
[0.330s] Level 5:colcon.colcon_core.verb:set package 'arduinobot_firmware' build argument 'cmake_force_configure' from command line to 'False'
[0.330s] Level 5:colcon.colcon_core.verb:set package 'arduinobot_firmware' build argument 'ament_cmake_args' from command line to 'None'
[0.330s] Level 5:colcon.colcon_core.verb:set package 'arduinobot_firmware' build argument 'catkin_cmake_args' from command line to 'None'
[0.330s] Level 5:colcon.colcon_core.verb:set package 'arduinobot_firmware' build argument 'catkin_skip_building_tests' from command line to 'False'
[0.330s] DEBUG:colcon.colcon_core.verb:Building package 'arduinobot_firmware' with the following arguments: {'ament_cmake_args': None, 'build_base': '/home/monster/arduinobot_ws/src/build/arduinobot_firmware', 'catkin_cmake_args': None, 'catkin_skip_building_tests': False, 'cmake_args': None, 'cmake_clean_cache': False, 'cmake_clean_first': False, 'cmake_force_configure': False, 'cmake_target': None, 'cmake_target_skip_unavailable': False, 'install_base': '/home/monster/arduinobot_ws/src/install/arduinobot_firmware', 'merge_install': False, 'path': '/home/monster/arduinobot_ws/src/arduinobot_firmware', 'symlink_install': False, 'test_result_base': None}
[0.330s] Level 5:colcon.colcon_core.verb:set package 'arduinobot_py_examples' build argument 'cmake_args' from command line to 'None'
[0.330s] Level 5:colcon.colcon_core.verb:set package 'arduinobot_py_examples' build argument 'cmake_target' from command line to 'None'
[0.330s] Level 5:colcon.colcon_core.verb:set package 'arduinobot_py_examples' build argument 'cmake_target_skip_unavailable' from command line to 'False'
[0.331s] Level 5:colcon.colcon_core.verb:set package 'arduinobot_py_examples' build argument 'cmake_clean_cache' from command line to 'False'
[0.331s] Level 5:colcon.colcon_core.verb:set package 'arduinobot_py_examples' build argument 'cmake_clean_first' from command line to 'False'
[0.331s] Level 5:colcon.colcon_core.verb:set package 'arduinobot_py_examples' build argument 'cmake_force_configure' from command line to 'False'
[0.331s] Level 5:colcon.colcon_core.verb:set package 'arduinobot_py_examples' build argument 'ament_cmake_args' from command line to 'None'
[0.331s] Level 5:colcon.colcon_core.verb:set package 'arduinobot_py_examples' build argument 'catkin_cmake_args' from command line to 'None'
[0.331s] Level 5:colcon.colcon_core.verb:set package 'arduinobot_py_examples' build argument 'catkin_skip_building_tests' from command line to 'False'
[0.331s] DEBUG:colcon.colcon_core.verb:Building package 'arduinobot_py_examples' with the following arguments: {'ament_cmake_args': None, 'build_base': '/home/monster/arduinobot_ws/src/build/arduinobot_py_examples', 'catkin_cmake_args': None, 'catkin_skip_building_tests': False, 'cmake_args': None, 'cmake_clean_cache': False, 'cmake_clean_first': False, 'cmake_force_configure': False, 'cmake_target': None, 'cmake_target_skip_unavailable': False, 'install_base': '/home/monster/arduinobot_ws/src/install/arduinobot_py_examples', 'merge_install': False, 'path': '/home/monster/arduinobot_ws/src/arduinobot_py_examples', 'symlink_install': False, 'test_result_base': None}
[0.331s] Level 5:colcon.colcon_core.verb:set package 'aruinobot_description' build argument 'cmake_args' from command line to 'None'
[0.331s] Level 5:colcon.colcon_core.verb:set package 'aruinobot_description' build argument 'cmake_target' from command line to 'None'
[0.331s] Level 5:colcon.colcon_core.verb:set package 'aruinobot_description' build argument 'cmake_target_skip_unavailable' from command line to 'False'
[0.331s] Level 5:colcon.colcon_core.verb:set package 'aruinobot_description' build argument 'cmake_clean_cache' from command line to 'False'
[0.331s] Level 5:colcon.colcon_core.verb:set package 'aruinobot_description' build argument 'cmake_clean_first' from command line to 'False'
[0.331s] Level 5:colcon.colcon_core.verb:set package 'aruinobot_description' build argument 'cmake_force_configure' from command line to 'False'
[0.331s] Level 5:colcon.colcon_core.verb:set package 'aruinobot_description' build argument 'ament_cmake_args' from command line to 'None'
[0.331s] Level 5:colcon.colcon_core.verb:set package 'aruinobot_description' build argument 'catkin_cmake_args' from command line to 'None'
[0.331s] Level 5:colcon.colcon_core.verb:set package 'aruinobot_description' build argument 'catkin_skip_building_tests' from command line to 'False'
[0.331s] DEBUG:colcon.colcon_core.verb:Building package 'aruinobot_description' with the following arguments: {'ament_cmake_args': None, 'build_base': '/home/monster/arduinobot_ws/src/build/aruinobot_description', 'catkin_cmake_args': None, 'catkin_skip_building_tests': False, 'cmake_args': None, 'cmake_clean_cache': False, 'cmake_clean_first': False, 'cmake_force_configure': False, 'cmake_target': None, 'cmake_target_skip_unavailable': False, 'install_base': '/home/monster/arduinobot_ws/src/install/aruinobot_description', 'merge_install': False, 'path': '/home/monster/arduinobot_ws/src/aruinobot_description', 'symlink_install': False, 'test_result_base': None}
[0.331s] INFO:colcon.colcon_core.executor:Executing jobs using 'parallel' executor
[0.332s] DEBUG:colcon.colcon_parallel_executor.executor.parallel:run_until_complete
[0.332s] INFO:colcon.colcon_ros.task.ament_cmake.build:Building ROS package in '/home/monster/arduinobot_ws/src/arduinobot_cpp_examples' with build type 'ament_cmake'
[0.332s] INFO:colcon.colcon_cmake.task.cmake.build:Building CMake package in '/home/monster/arduinobot_ws/src/arduinobot_cpp_examples'
[0.334s] INFO:colcon.colcon_core.plugin_system:Skipping extension 'colcon_core.shell.bat': Not used on non-Windows systems
[0.335s] INFO:colcon.colcon_core.shell:Skip shell extension 'powershell' for command environment: Not usable outside of PowerShell
[0.335s] DEBUG:colcon.colcon_core.shell:Skip shell extension 'dsv' for command environment
[0.338s] INFO:colcon.colcon_ros.task.ament_cmake.build:Building ROS package in '/home/monster/arduinobot_ws/src/arduinobot_firmware' with build type 'ament_cmake'
[0.338s] INFO:colcon.colcon_cmake.task.cmake.build:Building CMake package in '/home/monster/arduinobot_ws/src/arduinobot_firmware'
[0.339s] INFO:colcon.colcon_core.shell:Skip shell extension 'powershell' for command environment: Not usable outside of PowerShell
[0.339s] DEBUG:colcon.colcon_core.shell:Skip shell extension 'dsv' for command environment
[0.342s] INFO:colcon.colcon_ros.task.ament_python.build:Building ROS package in '/home/monster/arduinobot_ws/src/arduinobot_py_examples' with build type 'ament_python'
[0.342s] Level 1:colcon.colcon_core.shell:create_environment_hook('arduinobot_py_examples', 'ament_prefix_path')
[0.342s] INFO:colcon.colcon_core.shell:Creating environment hook '/home/monster/arduinobot_ws/src/install/arduinobot_py_examples/share/arduinobot_py_examples/hook/ament_prefix_path.ps1'
[0.343s] INFO:colcon.colcon_core.shell:Creating environment descriptor '/home/monster/arduinobot_ws/src/install/arduinobot_py_examples/share/arduinobot_py_examples/hook/ament_prefix_path.dsv'
[0.344s] INFO:colcon.colcon_core.shell:Creating environment hook '/home/monster/arduinobot_ws/src/install/arduinobot_py_examples/share/arduinobot_py_examples/hook/ament_prefix_path.sh'
[0.345s] INFO:colcon.colcon_core.shell:Skip shell extension 'powershell' for command environment: Not usable outside of PowerShell
[0.346s] DEBUG:colcon.colcon_core.shell:Skip shell extension 'dsv' for command environment
[0.354s] DEBUG:colcon.colcon_core.event_handler.log_command:Invoking command in '/home/monster/arduinobot_ws/src/build/arduinobot_cpp_examples': CMAKE_PREFIX_PATH=${CMAKE_PREFIX_PATH}:/home/monster/arduinobot_ws/install/arduinobot_py_examples:/opt/ros/humble /usr/bin/cmake --build /home/monster/arduinobot_ws/src/build/arduinobot_cpp_examples -- -j3 -l3
[0.360s] DEBUG:colcon.colcon_core.event_handler.log_command:Invoking command in '/home/monster/arduinobot_ws/src/build/arduinobot_firmware': CMAKE_PREFIX_PATH=${CMAKE_PREFIX_PATH}:/home/monster/arduinobot_ws/install/arduinobot_py_examples:/opt/ros/humble /usr/bin/cmake --build /home/monster/arduinobot_ws/src/build/arduinobot_firmware -- -j3 -l3
[0.634s] INFO:colcon.colcon_core.task.python.build:Building Python package in '/home/monster/arduinobot_ws/src/arduinobot_py_examples'
[0.635s] INFO:colcon.colcon_core.shell:Skip shell extension 'powershell' for command environment: Not usable outside of PowerShell
[0.635s] DEBUG:colcon.colcon_core.shell:Skip shell extension 'dsv' for command environment
[0.796s] DEBUG:colcon.colcon_core.event_handler.log_command:Invoked command in '/home/monster/arduinobot_ws/src/build/arduinobot_firmware' returned '0': CMAKE_PREFIX_PATH=${CMAKE_PREFIX_PATH}:/home/monster/arduinobot_ws/install/arduinobot_py_examples:/opt/ros/humble /usr/bin/cmake --build /home/monster/arduinobot_ws/src/build/arduinobot_firmware -- -j3 -l3
[0.851s] DEBUG:colcon.colcon_core.event_handler.log_command:Invoking command in '/home/monster/arduinobot_ws/src/build/arduinobot_firmware': CMAKE_PREFIX_PATH=${CMAKE_PREFIX_PATH}:/home/monster/arduinobot_ws/install/arduinobot_py_examples:/opt/ros/humble /usr/bin/cmake --install /home/monster/arduinobot_ws/src/build/arduinobot_firmware
[0.912s] Level 1:colcon.colcon_core.environment:create_environment_scripts_only(arduinobot_firmware)
[0.913s] DEBUG:colcon.colcon_core.event_handler.log_command:Invoked command in '/home/monster/arduinobot_ws/src/build/arduinobot_firmware' returned '0': CMAKE_PREFIX_PATH=${CMAKE_PREFIX_PATH}:/home/monster/arduinobot_ws/install/arduinobot_py_examples:/opt/ros/humble /usr/bin/cmake --install /home/monster/arduinobot_ws/src/build/arduinobot_firmware
[0.915s] Level 1:colcon.colcon_core.environment:checking '/home/monster/arduinobot_ws/src/install/arduinobot_firmware' for CMake module files
[0.915s] Level 1:colcon.colcon_core.environment:checking '/home/monster/arduinobot_ws/src/install/arduinobot_firmware' for CMake config files
[0.915s] Level 1:colcon.colcon_core.shell:create_environment_hook('arduinobot_firmware', 'cmake_prefix_path')
[0.916s] INFO:colcon.colcon_core.shell:Creating environment hook '/home/monster/arduinobot_ws/src/install/arduinobot_firmware/share/arduinobot_firmware/hook/cmake_prefix_path.ps1'
[0.916s] INFO:colcon.colcon_core.shell:Creating environment descriptor '/home/monster/arduinobot_ws/src/install/arduinobot_firmware/share/arduinobot_firmware/hook/cmake_prefix_path.dsv'
[0.917s] INFO:colcon.colcon_core.shell:Creating environment hook '/home/monster/arduinobot_ws/src/install/arduinobot_firmware/share/arduinobot_firmware/hook/cmake_prefix_path.sh'
[0.918s] Level 1:colcon.colcon_core.environment:checking '/home/monster/arduinobot_ws/src/install/arduinobot_firmware/lib'
[0.918s] Level 1:colcon.colcon_core.environment:checking '/home/monster/arduinobot_ws/src/install/arduinobot_firmware/bin'
[0.918s] Level 1:colcon.colcon_core.environment:checking '/home/monster/arduinobot_ws/src/install/arduinobot_firmware/lib/pkgconfig/arduinobot_firmware.pc'
[0.918s] Level 1:colcon.colcon_core.environment:checking '/home/monster/arduinobot_ws/src/install/arduinobot_firmware/lib/python3.10/site-packages'
[0.919s] Level 1:colcon.colcon_core.environment:checking '/home/monster/arduinobot_ws/src/install/arduinobot_firmware/bin'
[0.919s] INFO:colcon.colcon_core.shell:Creating package script '/home/monster/arduinobot_ws/src/install/arduinobot_firmware/share/arduinobot_firmware/package.ps1'
[0.920s] INFO:colcon.colcon_core.shell:Creating package descriptor '/home/monster/arduinobot_ws/src/install/arduinobot_firmware/share/arduinobot_firmware/package.dsv'
[0.921s] INFO:colcon.colcon_core.shell:Creating package script '/home/monster/arduinobot_ws/src/install/arduinobot_firmware/share/arduinobot_firmware/package.sh'
[0.921s] INFO:colcon.colcon_core.shell:Creating package script '/home/monster/arduinobot_ws/src/install/arduinobot_firmware/share/arduinobot_firmware/package.bash'
[0.922s] INFO:colcon.colcon_core.shell:Creating package script '/home/monster/arduinobot_ws/src/install/arduinobot_firmware/share/arduinobot_firmware/package.zsh'
[0.923s] Level 1:colcon.colcon_core.environment:create_file_with_runtime_dependencies(/home/monster/arduinobot_ws/src/install/arduinobot_firmware/share/colcon-core/packages/arduinobot_firmware)
[0.964s] Level 1:colcon.colcon_core.environment:create_environment_scripts_only(arduinobot_firmware)
[0.964s] Level 1:colcon.colcon_core.environment:checking '/home/monster/arduinobot_ws/src/install/arduinobot_firmware' for CMake module files
[0.964s] Level 1:colcon.colcon_core.environment:checking '/home/monster/arduinobot_ws/src/install/arduinobot_firmware' for CMake config files
[0.964s] Level 1:colcon.colcon_core.shell:create_environment_hook('arduinobot_firmware', 'cmake_prefix_path')
[0.965s] INFO:colcon.colcon_core.shell:Creating environment hook '/home/monster/arduinobot_ws/src/install/arduinobot_firmware/share/arduinobot_firmware/hook/cmake_prefix_path.ps1'
[0.965s] INFO:colcon.colcon_core.shell:Creating environment descriptor '/home/monster/arduinobot_ws/src/install/arduinobot_firmware/share/arduinobot_firmware/hook/cmake_prefix_path.dsv'
[0.966s] INFO:colcon.colcon_core.shell:Creating environment hook '/home/monster/arduinobot_ws/src/install/arduinobot_firmware/share/arduinobot_firmware/hook/cmake_prefix_path.sh'
[0.966s] Level 1:colcon.colcon_core.environment:checking '/home/monster/arduinobot_ws/src/install/arduinobot_firmware/lib'
[0.966s] Level 1:colcon.colcon_core.environment:checking '/home/monster/arduinobot_ws/src/install/arduinobot_firmware/bin'
[0.966s] Level 1:colcon.colcon_core.environment:checking '/home/monster/arduinobot_ws/src/install/arduinobot_firmware/lib/pkgconfig/arduinobot_firmware.pc'
[0.967s] Level 1:colcon.colcon_core.environment:checking '/home/monster/arduinobot_ws/src/install/arduinobot_firmware/lib/python3.10/site-packages'
[0.967s] Level 1:colcon.colcon_core.environment:checking '/home/monster/arduinobot_ws/src/install/arduinobot_firmware/bin'
[0.967s] INFO:colcon.colcon_core.shell:Creating package script '/home/monster/arduinobot_ws/src/install/arduinobot_firmware/share/arduinobot_firmware/package.ps1'
[0.967s] INFO:colcon.colcon_core.shell:Creating package descriptor '/home/monster/arduinobot_ws/src/install/arduinobot_firmware/share/arduinobot_firmware/package.dsv'
[0.968s] INFO:colcon.colcon_core.shell:Creating package script '/home/monster/arduinobot_ws/src/install/arduinobot_firmware/share/arduinobot_firmware/package.sh'
[0.968s] INFO:colcon.colcon_core.shell:Creating package script '/home/monster/arduinobot_ws/src/install/arduinobot_firmware/share/arduinobot_firmware/package.bash'
[0.969s] INFO:colcon.colcon_core.shell:Creating package script '/home/monster/arduinobot_ws/src/install/arduinobot_firmware/share/arduinobot_firmware/package.zsh'
[0.969s] Level 1:colcon.colcon_core.environment:create_file_with_runtime_dependencies(/home/monster/arduinobot_ws/src/install/arduinobot_firmware/share/colcon-core/packages/arduinobot_firmware)
[0.971s] INFO:colcon.colcon_ros.task.ament_cmake.build:Building ROS package in '/home/monster/arduinobot_ws/src/aruinobot_description' with build type 'ament_cmake'
[0.971s] INFO:colcon.colcon_cmake.task.cmake.build:Building CMake package in '/home/monster/arduinobot_ws/src/aruinobot_description'
[0.971s] INFO:colcon.colcon_core.shell:Skip shell extension 'powershell' for command environment: Not usable outside of PowerShell
[0.972s] DEBUG:colcon.colcon_core.shell:Skip shell extension 'dsv' for command environment
[0.984s] DEBUG:colcon.colcon_core.event_handler.log_command:Invoking command in '/home/monster/arduinobot_ws/src/build/aruinobot_description': CMAKE_PREFIX_PATH=${CMAKE_PREFIX_PATH}:/home/monster/arduinobot_ws/install/arduinobot_py_examples:/opt/ros/humble /usr/bin/cmake /home/monster/arduinobot_ws/src/aruinobot_description -DCMAKE_INSTALL_PREFIX=/home/monster/arduinobot_ws/src/install/aruinobot_description
[1.010s] DEBUG:colcon.colcon_core.event_handler.log_command:Invoking command in '/home/monster/arduinobot_ws/src/arduinobot_py_examples': PYTHONPATH=/home/monster/arduinobot_ws/src/build/arduinobot_py_examples/prefix_override:/usr/lib/python3/dist-packages/colcon_core/task/python/colcon_distutils_commands:/home/monster/arduinobot_ws/src/install/arduinobot_py_examples/lib/python3.10/site-packages:${PYTHONPATH} /usr/bin/python3 -W ignore:setup.py install is deprecated setup.py egg_info --egg-base ../build/arduinobot_py_examples build --build-base /home/monster/arduinobot_ws/src/build/arduinobot_py_examples/build install --record /home/monster/arduinobot_ws/src/build/arduinobot_py_examples/install.log --single-version-externally-managed install_data
[1.355s] Level 1:colcon.colcon_core.environment:checking '/home/monster/arduinobot_ws/src/install/arduinobot_py_examples' for CMake module files
[1.356s] DEBUG:colcon.colcon_core.event_handler.log_command:Invoked command in '/home/monster/arduinobot_ws/src/arduinobot_py_examples' returned '0': PYTHONPATH=/home/monster/arduinobot_ws/src/build/arduinobot_py_examples/prefix_override:/usr/lib/python3/dist-packages/colcon_core/task/python/colcon_distutils_commands:/home/monster/arduinobot_ws/src/install/arduinobot_py_examples/lib/python3.10/site-packages:${PYTHONPATH} /usr/bin/python3 -W ignore:setup.py install is deprecated setup.py egg_info --egg-base ../build/arduinobot_py_examples build --build-base /home/monster/arduinobot_ws/src/build/arduinobot_py_examples/build install --record /home/monster/arduinobot_ws/src/build/arduinobot_py_examples/install.log --single-version-externally-managed install_data
[1.356s] Level 1:colcon.colcon_core.environment:checking '/home/monster/arduinobot_ws/src/install/arduinobot_py_examples' for CMake config files
[1.357s] Level 1:colcon.colcon_core.environment:checking '/home/monster/arduinobot_ws/src/install/arduinobot_py_examples/lib'
[1.357s] Level 1:colcon.colcon_core.environment:checking '/home/monster/arduinobot_ws/src/install/arduinobot_py_examples/bin'
[1.357s] Level 1:colcon.colcon_core.environment:checking '/home/monster/arduinobot_ws/src/install/arduinobot_py_examples/lib/pkgconfig/arduinobot_py_examples.pc'
[1.358s] Level 1:colcon.colcon_core.environment:checking '/home/monster/arduinobot_ws/src/install/arduinobot_py_examples/lib/python3.10/site-packages'
[1.358s] Level 1:colcon.colcon_core.shell:create_environment_hook('arduinobot_py_examples', 'pythonpath')
[1.358s] INFO:colcon.colcon_core.shell:Creating environment hook '/home/monster/arduinobot_ws/src/install/arduinobot_py_examples/share/arduinobot_py_examples/hook/pythonpath.ps1'
[1.358s] INFO:colcon.colcon_core.shell:Creating environment descriptor '/home/monster/arduinobot_ws/src/install/arduinobot_py_examples/share/arduinobot_py_examples/hook/pythonpath.dsv'
[1.359s] INFO:colcon.colcon_core.shell:Creating environment hook '/home/monster/arduinobot_ws/src/install/arduinobot_py_examples/share/arduinobot_py_examples/hook/pythonpath.sh'
[1.359s] Level 1:colcon.colcon_core.environment:checking '/home/monster/arduinobot_ws/src/install/arduinobot_py_examples/bin'
[1.359s] Level 1:colcon.colcon_core.environment:create_environment_scripts_only(arduinobot_py_examples)
[1.360s] INFO:colcon.colcon_core.shell:Creating package script '/home/monster/arduinobot_ws/src/install/arduinobot_py_examples/share/arduinobot_py_examples/package.ps1'
[1.360s] INFO:colcon.colcon_core.shell:Creating package descriptor '/home/monster/arduinobot_ws/src/install/arduinobot_py_examples/share/arduinobot_py_examples/package.dsv'
[1.361s] INFO:colcon.colcon_core.shell:Creating package script '/home/monster/arduinobot_ws/src/install/arduinobot_py_examples/share/arduinobot_py_examples/package.sh'
[1.362s] INFO:colcon.colcon_core.shell:Creating package script '/home/monster/arduinobot_ws/src/install/arduinobot_py_examples/share/arduinobot_py_examples/package.bash'
[1.362s] INFO:colcon.colcon_core.shell:Creating package script '/home/monster/arduinobot_ws/src/install/arduinobot_py_examples/share/arduinobot_py_examples/package.zsh'
[1.363s] Level 1:colcon.colcon_core.environment:create_file_with_runtime_dependencies(/home/monster/arduinobot_ws/src/install/arduinobot_py_examples/share/colcon-core/packages/arduinobot_py_examples)
[1.713s] DEBUG:colcon.colcon_core.event_handler.log_command:Invoked command in '/home/monster/arduinobot_ws/src/build/aruinobot_description' returned '0': CMAKE_PREFIX_PATH=${CMAKE_PREFIX_PATH}:/home/monster/arduinobot_ws/install/arduinobot_py_examples:/opt/ros/humble /usr/bin/cmake /home/monster/arduinobot_ws/src/aruinobot_description -DCMAKE_INSTALL_PREFIX=/home/monster/arduinobot_ws/src/install/aruinobot_description
[1.714s] DEBUG:colcon.colcon_core.event_handler.log_command:Invoking command in '/home/monster/arduinobot_ws/src/build/aruinobot_description': CMAKE_PREFIX_PATH=${CMAKE_PREFIX_PATH}:/home/monster/arduinobot_ws/install/arduinobot_py_examples:/opt/ros/humble /usr/bin/cmake --build /home/monster/arduinobot_ws/src/build/aruinobot_description -- -j3 -l3
[1.754s] DEBUG:colcon.colcon_core.event_handler.log_command:Invoked command in '/home/monster/arduinobot_ws/src/build/aruinobot_description' returned '0': CMAKE_PREFIX_PATH=${CMAKE_PREFIX_PATH}:/home/monster/arduinobot_ws/install/arduinobot_py_examples:/opt/ros/humble /usr/bin/cmake --build /home/monster/arduinobot_ws/src/build/aruinobot_description -- -j3 -l3
[1.780s] DEBUG:colcon.colcon_core.event_handler.log_command:Invoking command in '/home/monster/arduinobot_ws/src/build/aruinobot_description': CMAKE_PREFIX_PATH=${CMAKE_PREFIX_PATH}:/home/monster/arduinobot_ws/install/arduinobot_py_examples:/opt/ros/humble /usr/bin/cmake --install /home/monster/arduinobot_ws/src/build/aruinobot_description
[1.798s] Level 1:colcon.colcon_core.environment:create_environment_scripts_only(aruinobot_description)
[1.798s] Level 1:colcon.colcon_core.environment:checking '/home/monster/arduinobot_ws/src/install/aruinobot_description' for CMake module files
[1.799s] Level 1:colcon.colcon_core.environment:checking '/home/monster/arduinobot_ws/src/install/aruinobot_description' for CMake config files
[1.799s] Level 1:colcon.colcon_core.shell:create_environment_hook('aruinobot_description', 'cmake_prefix_path')
[1.800s] INFO:colcon.colcon_core.shell:Creating environment hook '/home/monster/arduinobot_ws/src/install/aruinobot_description/share/aruinobot_description/hook/cmake_prefix_path.ps1'
[1.802s] DEBUG:colcon.colcon_core.event_handler.log_command:Invoked command in '/home/monster/arduinobot_ws/src/build/aruinobot_description' returned '0': CMAKE_PREFIX_PATH=${CMAKE_PREFIX_PATH}:/home/monster/arduinobot_ws/install/arduinobot_py_examples:/opt/ros/humble /usr/bin/cmake --install /home/monster/arduinobot_ws/src/build/aruinobot_description
[1.802s] INFO:colcon.colcon_core.shell:Creating environment descriptor '/home/monster/arduinobot_ws/src/install/aruinobot_description/share/aruinobot_description/hook/cmake_prefix_path.dsv'
[1.803s] INFO:colcon.colcon_core.shell:Creating environment hook '/home/monster/arduinobot_ws/src/install/aruinobot_description/share/aruinobot_description/hook/cmake_prefix_path.sh'
[1.803s] Level 1:colcon.colcon_core.environment:checking '/home/monster/arduinobot_ws/src/install/aruinobot_description/bin'
[1.803s] Level 1:colcon.colcon_core.environment:checking '/home/monster/arduinobot_ws/src/install/aruinobot_description/lib/pkgconfig/aruinobot_description.pc'
[1.804s] Level 1:colcon.colcon_core.environment:checking '/home/monster/arduinobot_ws/src/install/aruinobot_description/lib/python3.10/site-packages'
[1.804s] Level 1:colcon.colcon_core.environment:checking '/home/monster/arduinobot_ws/src/install/aruinobot_description/bin'
[1.804s] INFO:colcon.colcon_core.shell:Creating package script '/home/monster/arduinobot_ws/src/install/aruinobot_description/share/aruinobot_description/package.ps1'
[1.805s] INFO:colcon.colcon_core.shell:Creating package descriptor '/home/monster/arduinobot_ws/src/install/aruinobot_description/share/aruinobot_description/package.dsv'
[1.805s] INFO:colcon.colcon_core.shell:Creating package script '/home/monster/arduinobot_ws/src/install/aruinobot_description/share/aruinobot_description/package.sh'
[1.806s] INFO:colcon.colcon_core.shell:Creating package script '/home/monster/arduinobot_ws/src/install/aruinobot_description/share/aruinobot_description/package.bash'
[1.806s] INFO:colcon.colcon_core.shell:Creating package script '/home/monster/arduinobot_ws/src/install/aruinobot_description/share/aruinobot_description/package.zsh'
[1.806s] Level 1:colcon.colcon_core.environment:create_file_with_runtime_dependencies(/home/monster/arduinobot_ws/src/install/aruinobot_description/share/colcon-core/packages/aruinobot_description)
[1.828s] Level 1:colcon.colcon_core.environment:create_environment_scripts_only(aruinobot_description)
[1.828s] Level 1:colcon.colcon_core.environment:checking '/home/monster/arduinobot_ws/src/install/aruinobot_description' for CMake module files
[1.829s] Level 1:colcon.colcon_core.environment:checking '/home/monster/arduinobot_ws/src/install/aruinobot_description' for CMake config files
[1.829s] Level 1:colcon.colcon_core.shell:create_environment_hook('aruinobot_description', 'cmake_prefix_path')
[1.829s] INFO:colcon.colcon_core.shell:Creating environment hook '/home/monster/arduinobot_ws/src/install/aruinobot_description/share/aruinobot_description/hook/cmake_prefix_path.ps1'
[1.830s] INFO:colcon.colcon_core.shell:Creating environment descriptor '/home/monster/arduinobot_ws/src/install/aruinobot_description/share/aruinobot_description/hook/cmake_prefix_path.dsv'
[1.830s] INFO:colcon.colcon_core.shell:Creating environment hook '/home/monster/arduinobot_ws/src/install/aruinobot_description/share/aruinobot_description/hook/cmake_prefix_path.sh'
[1.831s] Level 1:colcon.colcon_core.environment:checking '/home/monster/arduinobot_ws/src/install/aruinobot_description/bin'
[1.831s] Level 1:colcon.colcon_core.environment:checking '/home/monster/arduinobot_ws/src/install/aruinobot_description/lib/pkgconfig/aruinobot_description.pc'
[1.831s] Level 1:colcon.colcon_core.environment:checking '/home/monster/arduinobot_ws/src/install/aruinobot_description/lib/python3.10/site-packages'
[1.831s] Level 1:colcon.colcon_core.environment:checking '/home/monster/arduinobot_ws/src/install/aruinobot_description/bin'
[1.832s] INFO:colcon.colcon_core.shell:Creating package script '/home/monster/arduinobot_ws/src/install/aruinobot_description/share/aruinobot_description/package.ps1'
[1.832s] INFO:colcon.colcon_core.shell:Creating package descriptor '/home/monster/arduinobot_ws/src/install/aruinobot_description/share/aruinobot_description/package.dsv'
[1.833s] INFO:colcon.colcon_core.shell:Creating package script '/home/monster/arduinobot_ws/src/install/aruinobot_description/share/aruinobot_description/package.sh'
[1.834s] INFO:colcon.colcon_core.shell:Creating package script '/home/monster/arduinobot_ws/src/install/aruinobot_description/share/aruinobot_description/package.bash'
[1.834s] INFO:colcon.colcon_core.shell:Creating package script '/home/monster/arduinobot_ws/src/install/aruinobot_description/share/aruinobot_description/package.zsh'
[1.835s] Level 1:colcon.colcon_core.environment:create_file_with_runtime_dependencies(/home/monster/arduinobot_ws/src/install/aruinobot_description/share/colcon-core/packages/aruinobot_description)
[10.571s] DEBUG:colcon.colcon_core.event_handler.log_command:Invoked command in '/home/monster/arduinobot_ws/src/build/arduinobot_cpp_examples' returned '0': CMAKE_PREFIX_PATH=${CMAKE_PREFIX_PATH}:/home/monster/arduinobot_ws/install/arduinobot_py_examples:/opt/ros/humble /usr/bin/cmake --build /home/monster/arduinobot_ws/src/build/arduinobot_cpp_examples -- -j3 -l3
[10.620s] DEBUG:colcon.colcon_core.event_handler.log_command:Invoking command in '/home/monster/arduinobot_ws/src/build/arduinobot_cpp_examples': CMAKE_PREFIX_PATH=${CMAKE_PREFIX_PATH}:/home/monster/arduinobot_ws/install/arduinobot_py_examples:/opt/ros/humble /usr/bin/cmake --install /home/monster/arduinobot_ws/src/build/arduinobot_cpp_examples
[10.641s] Level 1:colcon.colcon_core.environment:create_environment_scripts_only(arduinobot_cpp_examples)
[10.647s] DEBUG:colcon.colcon_core.event_handler.log_command:Invoked command in '/home/monster/arduinobot_ws/src/build/arduinobot_cpp_examples' returned '0': CMAKE_PREFIX_PATH=${CMAKE_PREFIX_PATH}:/home/monster/arduinobot_ws/install/arduinobot_py_examples:/opt/ros/humble /usr/bin/cmake --install /home/monster/arduinobot_ws/src/build/arduinobot_cpp_examples
[10.653s] Level 1:colcon.colcon_core.environment:checking '/home/monster/arduinobot_ws/src/install/arduinobot_cpp_examples' for CMake module files
[10.655s] Level 1:colcon.colcon_core.environment:checking '/home/monster/arduinobot_ws/src/install/arduinobot_cpp_examples' for CMake config files
[10.656s] Level 1:colcon.colcon_core.shell:create_environment_hook('arduinobot_cpp_examples', 'cmake_prefix_path')
[10.658s] INFO:colcon.colcon_core.shell:Creating environment hook '/home/monster/arduinobot_ws/src/install/arduinobot_cpp_examples/share/arduinobot_cpp_examples/hook/cmake_prefix_path.ps1'
[10.677s] INFO:colcon.colcon_core.shell:Creating environment descriptor '/home/monster/arduinobot_ws/src/install/arduinobot_cpp_examples/share/arduinobot_cpp_examples/hook/cmake_prefix_path.dsv'
[10.679s] INFO:colcon.colcon_core.shell:Creating environment hook '/home/monster/arduinobot_ws/src/install/arduinobot_cpp_examples/share/arduinobot_cpp_examples/hook/cmake_prefix_path.sh'
[10.684s] Level 1:colcon.colcon_core.environment:checking '/home/monster/arduinobot_ws/src/install/arduinobot_cpp_examples/lib'
[10.684s] Level 1:colcon.colcon_core.environment:checking '/home/monster/arduinobot_ws/src/install/arduinobot_cpp_examples/bin'
[10.684s] Level 1:colcon.colcon_core.environment:checking '/home/monster/arduinobot_ws/src/install/arduinobot_cpp_examples/lib/pkgconfig/arduinobot_cpp_examples.pc'
[10.688s] Level 1:colcon.colcon_core.environment:checking '/home/monster/arduinobot_ws/src/install/arduinobot_cpp_examples/lib/python3.10/site-packages'
[10.689s] Level 1:colcon.colcon_core.environment:checking '/home/monster/arduinobot_ws/src/install/arduinobot_cpp_examples/bin'
[10.689s] INFO:colcon.colcon_core.shell:Creating package script '/home/monster/arduinobot_ws/src/install/arduinobot_cpp_examples/share/arduinobot_cpp_examples/package.ps1'
[10.691s] INFO:colcon.colcon_core.shell:Creating package descriptor '/home/monster/arduinobot_ws/src/install/arduinobot_cpp_examples/share/arduinobot_cpp_examples/package.dsv'
[10.692s] INFO:colcon.colcon_core.shell:Creating package script '/home/monster/arduinobot_ws/src/install/arduinobot_cpp_examples/share/arduinobot_cpp_examples/package.sh'
[10.693s] INFO:colcon.colcon_core.shell:Creating package script '/home/monster/arduinobot_ws/src/install/arduinobot_cpp_examples/share/arduinobot_cpp_examples/package.bash'
[10.694s] INFO:colcon.colcon_core.shell:Creating package script '/home/monster/arduinobot_ws/src/install/arduinobot_cpp_examples/share/arduinobot_cpp_examples/package.zsh'
[10.695s] Level 1:colcon.colcon_core.environment:create_file_with_runtime_dependencies(/home/monster/arduinobot_ws/src/install/arduinobot_cpp_examples/share/colcon-core/packages/arduinobot_cpp_examples)
[10.720s] Level 1:colcon.colcon_core.environment:create_environment_scripts_only(arduinobot_cpp_examples)
[10.720s] Level 1:colcon.colcon_core.environment:checking '/home/monster/arduinobot_ws/src/install/arduinobot_cpp_examples' for CMake module files
[10.721s] Level 1:colcon.colcon_core.environment:checking '/home/monster/arduinobot_ws/src/install/arduinobot_cpp_examples' for CMake config files
[10.721s] Level 1:colcon.colcon_core.shell:create_environment_hook('arduinobot_cpp_examples', 'cmake_prefix_path')
[10.721s] INFO:colcon.colcon_core.shell:Creating environment hook '/home/monster/arduinobot_ws/src/install/arduinobot_cpp_examples/share/arduinobot_cpp_examples/hook/cmake_prefix_path.ps1'
[10.722s] INFO:colcon.colcon_core.shell:Creating environment descriptor '/home/monster/arduinobot_ws/src/install/arduinobot_cpp_examples/share/arduinobot_cpp_examples/hook/cmake_prefix_path.dsv'
[10.723s] INFO:colcon.colcon_core.shell:Creating environment hook '/home/monster/arduinobot_ws/src/install/arduinobot_cpp_examples/share/arduinobot_cpp_examples/hook/cmake_prefix_path.sh'
[10.724s] Level 1:colcon.colcon_core.environment:checking '/home/monster/arduinobot_ws/src/install/arduinobot_cpp_examples/lib'
[10.724s] Level 1:colcon.colcon_core.environment:checking '/home/monster/arduinobot_ws/src/install/arduinobot_cpp_examples/bin'
[10.725s] Level 1:colcon.colcon_core.environment:checking '/home/monster/arduinobot_ws/src/install/arduinobot_cpp_examples/lib/pkgconfig/arduinobot_cpp_examples.pc'
[10.725s] Level 1:colcon.colcon_core.environment:checking '/home/monster/arduinobot_ws/src/install/arduinobot_cpp_examples/lib/python3.10/site-packages'
[10.725s] Level 1:colcon.colcon_core.environment:checking '/home/monster/arduinobot_ws/src/install/arduinobot_cpp_examples/bin'
[10.725s] INFO:colcon.colcon_core.shell:Creating package script '/home/monster/arduinobot_ws/src/install/arduinobot_cpp_examples/share/arduinobot_cpp_examples/package.ps1'
[10.726s] INFO:colcon.colcon_core.shell:Creating package descriptor '/home/monster/arduinobot_ws/src/install/arduinobot_cpp_examples/share/arduinobot_cpp_examples/package.dsv'
[10.727s] INFO:colcon.colcon_core.shell:Creating package script '/home/monster/arduinobot_ws/src/install/arduinobot_cpp_examples/share/arduinobot_cpp_examples/package.sh'
[10.727s] INFO:colcon.colcon_core.shell:Creating package script '/home/monster/arduinobot_ws/src/install/arduinobot_cpp_examples/share/arduinobot_cpp_examples/package.bash'
[10.728s] INFO:colcon.colcon_core.shell:Creating package script '/home/monster/arduinobot_ws/src/install/arduinobot_cpp_examples/share/arduinobot_cpp_examples/package.zsh'
[10.729s] Level 1:colcon.colcon_core.environment:create_file_with_runtime_dependencies(/home/monster/arduinobot_ws/src/install/arduinobot_cpp_examples/share/colcon-core/packages/arduinobot_cpp_examples)
[10.730s] DEBUG:colcon.colcon_parallel_executor.executor.parallel:closing loop
[10.731s] DEBUG:colcon.colcon_parallel_executor.executor.parallel:loop closed
[10.731s] DEBUG:colcon.colcon_parallel_executor.executor.parallel:run_until_complete finished with '0'
[10.732s] DEBUG:colcon.colcon_core.event_reactor:joining thread
[10.780s] INFO:colcon.colcon_core.plugin_system:Skipping extension 'colcon_notification.desktop_notification.terminal_notifier': Not used on non-Darwin systems
[10.780s] INFO:colcon.colcon_core.plugin_system:Skipping extension 'colcon_notification.desktop_notification.win32': Not used on non-Windows systems
[10.780s] INFO:colcon.colcon_notification.desktop_notification:Sending desktop notification using 'notify2'
[10.873s] DEBUG:colcon.colcon_core.event_reactor:joined thread
[10.875s] INFO:colcon.colcon_core.shell:Creating prefix script '/home/monster/arduinobot_ws/src/install/local_setup.ps1'
[10.876s] INFO:colcon.colcon_core.shell:Creating prefix util module '/home/monster/arduinobot_ws/src/install/_local_setup_util_ps1.py'
[10.878s] INFO:colcon.colcon_core.shell:Creating prefix chain script '/home/monster/arduinobot_ws/src/install/setup.ps1'
[10.880s] INFO:colcon.colcon_core.shell:Creating prefix script '/home/monster/arduinobot_ws/src/install/local_setup.sh'
[10.880s] INFO:colcon.colcon_core.shell:Creating prefix util module '/home/monster/arduinobot_ws/src/install/_local_setup_util_sh.py'
[10.881s] INFO:colcon.colcon_core.shell:Creating prefix chain script '/home/monster/arduinobot_ws/src/install/setup.sh'
[10.882s] INFO:colcon.colcon_core.shell:Creating prefix script '/home/monster/arduinobot_ws/src/install/local_setup.bash'
[10.883s] INFO:colcon.colcon_core.shell:Creating prefix chain script '/home/monster/arduinobot_ws/src/install/setup.bash'
[10.884s] INFO:colcon.colcon_core.shell:Creating prefix script '/home/monster/arduinobot_ws/src/install/local_setup.zsh'
[10.885s] INFO:colcon.colcon_core.shell:Creating prefix chain script '/home/monster/arduinobot_ws/src/install/setup.zsh'
