[0.040s] Invoking command in '/home/monster/arduinobot_ws/src/build/arduinobot_firmware': CMAKE_PREFIX_PATH=/opt/ros/humble /usr/bin/cmake --build /home/monster/arduinobot_ws/src/build/arduinobot_firmware -- -j3 -l3
[0.263s] [  0%] Built target ament_cmake_python_copy_arduinobot_firmware
[0.323s] [100%] Built target simple_serial_transmitter
[0.701s] running egg_info
[0.702s] writing arduinobot_firmware.egg-info/PKG-INFO
[0.704s] writing dependency_links to arduinobot_firmware.egg-info/dependency_links.txt
[0.704s] writing top-level names to arduinobot_firmware.egg-info/top_level.txt
[0.708s] reading manifest file 'arduinobot_firmware.egg-info/SOURCES.txt'
[0.709s] writing manifest file 'arduinobot_firmware.egg-info/SOURCES.txt'
[0.782s] [100%] Built target ament_cmake_python_build_arduinobot_firmware_egg
[0.867s] Invoked command in '/home/monster/arduinobot_ws/src/build/arduinobot_firmware' returned '0': CMAKE_PREFIX_PATH=/opt/ros/humble /usr/bin/cmake --build /home/monster/arduinobot_ws/src/build/arduinobot_firmware -- -j3 -l3
[0.907s] Invoking command in '/home/monster/arduinobot_ws/src/build/arduinobot_firmware': CMAKE_PREFIX_PATH=/opt/ros/humble /usr/bin/cmake --install /home/monster/arduinobot_ws/src/build/arduinobot_firmware
[0.917s] -- Install configuration: ""
[0.919s] -- Up-to-date: /home/monster/arduinobot_ws/src/install/arduinobot_firmware/share/arduinobot_firmware/environment/pythonpath.sh
[0.920s] -- Up-to-date: /home/monster/arduinobot_ws/src/install/arduinobot_firmware/share/arduinobot_firmware/environment/pythonpath.dsv
[0.920s] -- Up-to-date: /home/monster/arduinobot_ws/src/install/arduinobot_firmware/local/lib/python3.10/dist-packages/arduinobot_firmware-0.0.0-py3.10.egg-info
[0.921s] -- Installing: /home/monster/arduinobot_ws/src/install/arduinobot_firmware/local/lib/python3.10/dist-packages/arduinobot_firmware-0.0.0-py3.10.egg-info/PKG-INFO
[0.921s] -- Installing: /home/monster/arduinobot_ws/src/install/arduinobot_firmware/local/lib/python3.10/dist-packages/arduinobot_firmware-0.0.0-py3.10.egg-info/SOURCES.txt
[0.921s] -- Installing: /home/monster/arduinobot_ws/src/install/arduinobot_firmware/local/lib/python3.10/dist-packages/arduinobot_firmware-0.0.0-py3.10.egg-info/dependency_links.txt
[0.921s] -- Installing: /home/monster/arduinobot_ws/src/install/arduinobot_firmware/local/lib/python3.10/dist-packages/arduinobot_firmware-0.0.0-py3.10.egg-info/top_level.txt
[0.921s] -- Up-to-date: /home/monster/arduinobot_ws/src/install/arduinobot_firmware/local/lib/python3.10/dist-packages/arduinobot_firmware
[0.922s] -- Up-to-date: /home/monster/arduinobot_ws/src/install/arduinobot_firmware/local/lib/python3.10/dist-packages/arduinobot_firmware/__init__.py
[0.922s] -- Up-to-date: /home/monster/arduinobot_ws/src/install/arduinobot_firmware/local/lib/python3.10/dist-packages/arduinobot_firmware/simple_serial_transmitter.py
[0.960s] Listing '/home/monster/arduinobot_ws/src/install/arduinobot_firmware/local/lib/python3.10/dist-packages/arduinobot_firmware'...
[0.967s] -- Up-to-date: /home/monster/arduinobot_ws/src/install/arduinobot_firmware/lib/arduinobot_firmware/simple_serial_transmitter
[0.968s] -- Up-to-date: /home/monster/arduinobot_ws/src/install/arduinobot_firmware/lib/arduinobot_firmware/simple_serial_transmitter.py
[0.969s] -- Up-to-date: /home/monster/arduinobot_ws/src/install/arduinobot_firmware/share/ament_index/resource_index/package_run_dependencies/arduinobot_firmware
[0.969s] -- Up-to-date: /home/monster/arduinobot_ws/src/install/arduinobot_firmware/share/ament_index/resource_index/parent_prefix_path/arduinobot_firmware
[0.969s] -- Up-to-date: /home/monster/arduinobot_ws/src/install/arduinobot_firmware/share/arduinobot_firmware/environment/ament_prefix_path.sh
[0.970s] -- Up-to-date: /home/monster/arduinobot_ws/src/install/arduinobot_firmware/share/arduinobot_firmware/environment/ament_prefix_path.dsv
[0.970s] -- Up-to-date: /home/monster/arduinobot_ws/src/install/arduinobot_firmware/share/arduinobot_firmware/environment/path.sh
[0.970s] -- Up-to-date: /home/monster/arduinobot_ws/src/install/arduinobot_firmware/share/arduinobot_firmware/environment/path.dsv
[0.970s] -- Up-to-date: /home/monster/arduinobot_ws/src/install/arduinobot_firmware/share/arduinobot_firmware/local_setup.bash
[0.970s] -- Up-to-date: /home/monster/arduinobot_ws/src/install/arduinobot_firmware/share/arduinobot_firmware/local_setup.sh
[0.970s] -- Up-to-date: /home/monster/arduinobot_ws/src/install/arduinobot_firmware/share/arduinobot_firmware/local_setup.zsh
[0.970s] -- Up-to-date: /home/monster/arduinobot_ws/src/install/arduinobot_firmware/share/arduinobot_firmware/local_setup.dsv
[0.971s] -- Installing: /home/monster/arduinobot_ws/src/install/arduinobot_firmware/share/arduinobot_firmware/package.dsv
[0.971s] -- Up-to-date: /home/monster/arduinobot_ws/src/install/arduinobot_firmware/share/ament_index/resource_index/packages/arduinobot_firmware
[0.971s] -- Up-to-date: /home/monster/arduinobot_ws/src/install/arduinobot_firmware/share/arduinobot_firmware/cmake/arduinobot_firmwareConfig.cmake
[0.971s] -- Up-to-date: /home/monster/arduinobot_ws/src/install/arduinobot_firmware/share/arduinobot_firmware/cmake/arduinobot_firmwareConfig-version.cmake
[0.971s] -- Up-to-date: /home/monster/arduinobot_ws/src/install/arduinobot_firmware/share/arduinobot_firmware/package.xml
[0.973s] Invoked command in '/home/monster/arduinobot_ws/src/build/arduinobot_firmware' returned '0': CMAKE_PREFIX_PATH=/opt/ros/humble /usr/bin/cmake --install /home/monster/arduinobot_ws/src/build/arduinobot_firmware
