[0.025s] Invoking command in '/home/monster/arduinobot_ws/build/arduinobot_firmware': CMAKE_PREFIX_PATH=/opt/ros/humble /usr/bin/cmake --build /home/monster/arduinobot_ws/build/arduinobot_firmware -- -j3 -l3
[0.173s] [  0%] Built target ament_cmake_python_copy_arduinobot_firmware
[0.180s] [100%] Built target simple_serial_transmitter
[0.463s] running egg_info
[0.465s] writing arduinobot_firmware.egg-info/PKG-INFO
[0.465s] writing dependency_links to arduinobot_firmware.egg-info/dependency_links.txt
[0.466s] writing top-level names to arduinobot_firmware.egg-info/top_level.txt
[0.470s] reading manifest file 'arduinobot_firmware.egg-info/SOURCES.txt'
[0.470s] writing manifest file 'arduinobot_firmware.egg-info/SOURCES.txt'
[0.505s] [100%] Built target ament_cmake_python_build_arduinobot_firmware_egg
[0.686s] Invoked command in '/home/monster/arduinobot_ws/build/arduinobot_firmware' returned '0': CMAKE_PREFIX_PATH=/opt/ros/humble /usr/bin/cmake --build /home/monster/arduinobot_ws/build/arduinobot_firmware -- -j3 -l3
[0.718s] Invoking command in '/home/monster/arduinobot_ws/build/arduinobot_firmware': CMAKE_PREFIX_PATH=/opt/ros/humble /usr/bin/cmake --install /home/monster/arduinobot_ws/build/arduinobot_firmware
[0.728s] -- Install configuration: ""
[0.729s] -- Up-to-date: /home/monster/arduinobot_ws/install/arduinobot_firmware/share/arduinobot_firmware/environment/pythonpath.sh
[0.730s] -- Up-to-date: /home/monster/arduinobot_ws/install/arduinobot_firmware/share/arduinobot_firmware/environment/pythonpath.dsv
[0.731s] -- Up-to-date: /home/monster/arduinobot_ws/install/arduinobot_firmware/local/lib/python3.10/dist-packages/arduinobot_firmware-0.0.0-py3.10.egg-info
[0.731s] -- Installing: /home/monster/arduinobot_ws/install/arduinobot_firmware/local/lib/python3.10/dist-packages/arduinobot_firmware-0.0.0-py3.10.egg-info/PKG-INFO
[0.731s] -- Installing: /home/monster/arduinobot_ws/install/arduinobot_firmware/local/lib/python3.10/dist-packages/arduinobot_firmware-0.0.0-py3.10.egg-info/SOURCES.txt
[0.732s] -- Installing: /home/monster/arduinobot_ws/install/arduinobot_firmware/local/lib/python3.10/dist-packages/arduinobot_firmware-0.0.0-py3.10.egg-info/dependency_links.txt
[0.732s] -- Installing: /home/monster/arduinobot_ws/install/arduinobot_firmware/local/lib/python3.10/dist-packages/arduinobot_firmware-0.0.0-py3.10.egg-info/top_level.txt
[0.732s] -- Up-to-date: /home/monster/arduinobot_ws/install/arduinobot_firmware/local/lib/python3.10/dist-packages/arduinobot_firmware
[0.732s] -- Up-to-date: /home/monster/arduinobot_ws/install/arduinobot_firmware/local/lib/python3.10/dist-packages/arduinobot_firmware/__init__.py
[0.732s] -- Up-to-date: /home/monster/arduinobot_ws/install/arduinobot_firmware/local/lib/python3.10/dist-packages/arduinobot_firmware/simple_serial_transmitter.py
[0.766s] Listing '/home/monster/arduinobot_ws/install/arduinobot_firmware/local/lib/python3.10/dist-packages/arduinobot_firmware'...
[0.773s] -- Up-to-date: /home/monster/arduinobot_ws/install/arduinobot_firmware/lib/arduinobot_firmware/simple_serial_transmitter
[0.774s] -- Up-to-date: /home/monster/arduinobot_ws/install/arduinobot_firmware/lib/arduinobot_firmware/simple_serial_transmitter.py
[0.774s] -- Up-to-date: /home/monster/arduinobot_ws/install/arduinobot_firmware/share/ament_index/resource_index/package_run_dependencies/arduinobot_firmware
[0.774s] -- Up-to-date: /home/monster/arduinobot_ws/install/arduinobot_firmware/share/ament_index/resource_index/parent_prefix_path/arduinobot_firmware
[0.774s] -- Up-to-date: /home/monster/arduinobot_ws/install/arduinobot_firmware/share/arduinobot_firmware/environment/ament_prefix_path.sh
[0.774s] -- Up-to-date: /home/monster/arduinobot_ws/install/arduinobot_firmware/share/arduinobot_firmware/environment/ament_prefix_path.dsv
[0.774s] -- Up-to-date: /home/monster/arduinobot_ws/install/arduinobot_firmware/share/arduinobot_firmware/environment/path.sh
[0.775s] -- Up-to-date: /home/monster/arduinobot_ws/install/arduinobot_firmware/share/arduinobot_firmware/environment/path.dsv
[0.775s] -- Up-to-date: /home/monster/arduinobot_ws/install/arduinobot_firmware/share/arduinobot_firmware/local_setup.bash
[0.775s] -- Up-to-date: /home/monster/arduinobot_ws/install/arduinobot_firmware/share/arduinobot_firmware/local_setup.sh
[0.775s] -- Up-to-date: /home/monster/arduinobot_ws/install/arduinobot_firmware/share/arduinobot_firmware/local_setup.zsh
[0.775s] -- Up-to-date: /home/monster/arduinobot_ws/install/arduinobot_firmware/share/arduinobot_firmware/local_setup.dsv
[0.775s] -- Installing: /home/monster/arduinobot_ws/install/arduinobot_firmware/share/arduinobot_firmware/package.dsv
[0.775s] -- Up-to-date: /home/monster/arduinobot_ws/install/arduinobot_firmware/share/ament_index/resource_index/packages/arduinobot_firmware
[0.775s] -- Up-to-date: /home/monster/arduinobot_ws/install/arduinobot_firmware/share/arduinobot_firmware/cmake/arduinobot_firmwareConfig.cmake
[0.776s] -- Up-to-date: /home/monster/arduinobot_ws/install/arduinobot_firmware/share/arduinobot_firmware/cmake/arduinobot_firmwareConfig-version.cmake
[0.776s] -- Up-to-date: /home/monster/arduinobot_ws/install/arduinobot_firmware/share/arduinobot_firmware/package.xml
[0.779s] Invoked command in '/home/monster/arduinobot_ws/build/arduinobot_firmware' returned '0': CMAKE_PREFIX_PATH=/opt/ros/humble /usr/bin/cmake --install /home/monster/arduinobot_ws/build/arduinobot_firmware
