[0.020s] Invoking command in '/home/monster/arduinobot_ws/build/arduinobot_description': CMAKE_PREFIX_PATH=${CMAKE_PREFIX_PATH}:/home/monster/arduinobot_ws/install/arduinobot_py_examples:/opt/ros/humble /usr/bin/cmake --build /home/monster/arduinobot_ws/build/arduinobot_description -- -j3 -l3
[0.075s] -- Found ament_cmake: 1.3.9 (/opt/ros/humble/share/ament_cmake/cmake)
[0.262s] -- Found ament_lint_auto: 0.12.11 (/opt/ros/humble/share/ament_lint_auto/cmake)
[0.347s] -- Added test 'lint_cmake' to check CMake code style
[0.348s] -- Added test 'xmllint' to check XML markup files
[0.349s] -- Configuring done
[0.355s] -- Generating done
[0.356s] -- Build files have been written to: /home/monster/arduinobot_ws/build/arduinobot_description
[0.597s] Invoked command in '/home/monster/arduinobot_ws/build/arduinobot_description' returned '0': CMAKE_PREFIX_PATH=${CMAKE_PREFIX_PATH}:/home/monster/arduinobot_ws/install/arduinobot_py_examples:/opt/ros/humble /usr/bin/cmake --build /home/monster/arduinobot_ws/build/arduinobot_description -- -j3 -l3
[0.620s] Invoking command in '/home/monster/arduinobot_ws/build/arduinobot_description': CMAKE_PREFIX_PATH=${CMAKE_PREFIX_PATH}:/home/monster/arduinobot_ws/install/arduinobot_py_examples:/opt/ros/humble /usr/bin/cmake --install /home/monster/arduinobot_ws/build/arduinobot_description
[0.636s] -- Install configuration: ""
[0.637s] -- Up-to-date: /home/monster/arduinobot_ws/install/arduinobot_description/share/arduinobot_description/urdf
[0.637s] -- Installing: /home/monster/arduinobot_ws/install/arduinobot_description/share/arduinobot_description/urdf/arduinobot.urdf.xacro
[0.638s] -- Up-to-date: /home/monster/arduinobot_ws/install/arduinobot_description/share/ament_index/resource_index/package_run_dependencies/arduinobot_description
[0.638s] -- Installing: /home/monster/arduinobot_ws/install/arduinobot_description/share/ament_index/resource_index/parent_prefix_path/arduinobot_description
[0.639s] -- Up-to-date: /home/monster/arduinobot_ws/install/arduinobot_description/share/arduinobot_description/environment/ament_prefix_path.sh
[0.639s] -- Installing: /home/monster/arduinobot_ws/install/arduinobot_description/share/arduinobot_description/environment/ament_prefix_path.dsv
[0.640s] -- Up-to-date: /home/monster/arduinobot_ws/install/arduinobot_description/share/arduinobot_description/environment/path.sh
[0.640s] -- Installing: /home/monster/arduinobot_ws/install/arduinobot_description/share/arduinobot_description/environment/path.dsv
[0.640s] -- Up-to-date: /home/monster/arduinobot_ws/install/arduinobot_description/share/arduinobot_description/local_setup.bash
[0.641s] -- Up-to-date: /home/monster/arduinobot_ws/install/arduinobot_description/share/arduinobot_description/local_setup.sh
[0.641s] -- Up-to-date: /home/monster/arduinobot_ws/install/arduinobot_description/share/arduinobot_description/local_setup.zsh
[0.641s] -- Installing: /home/monster/arduinobot_ws/install/arduinobot_description/share/arduinobot_description/local_setup.dsv
[0.643s] -- Installing: /home/monster/arduinobot_ws/install/arduinobot_description/share/arduinobot_description/package.dsv
[0.644s] -- Up-to-date: /home/monster/arduinobot_ws/install/arduinobot_description/share/ament_index/resource_index/packages/arduinobot_description
[0.644s] -- Up-to-date: /home/monster/arduinobot_ws/install/arduinobot_description/share/arduinobot_description/cmake/arduinobot_descriptionConfig.cmake
[0.644s] -- Up-to-date: /home/monster/arduinobot_ws/install/arduinobot_description/share/arduinobot_description/cmake/arduinobot_descriptionConfig-version.cmake
[0.644s] -- Up-to-date: /home/monster/arduinobot_ws/install/arduinobot_description/share/arduinobot_description/package.xml
[0.647s] Invoked command in '/home/monster/arduinobot_ws/build/arduinobot_description' returned '0': CMAKE_PREFIX_PATH=${CMAKE_PREFIX_PATH}:/home/monster/arduinobot_ws/install/arduinobot_py_examples:/opt/ros/humble /usr/bin/cmake --install /home/monster/arduinobot_ws/build/arduinobot_description
