[0.033s] Invoking command in '/home/monster/arduinobot_ws/build/arduinobot_cpp_examples': CMAKE_PREFIX_PATH=${CMAKE_PREFIX_PATH}:/home/monster/arduinobot_ws/install/arduinobot_py_examples:/opt/ros/humble /usr/bin/cmake --build /home/monster/arduinobot_ws/build/arduinobot_cpp_examples -- -j6 -l6
[0.133s] [ 33%] Built target simple_subscriber
[0.139s] [ 66%] Built target simple_parameter
[0.146s] [100%] Built target simple_publisher
[0.406s] Invoked command in '/home/monster/arduinobot_ws/build/arduinobot_cpp_examples' returned '0': CMAKE_PREFIX_PATH=${CMAKE_PREFIX_PATH}:/home/monster/arduinobot_ws/install/arduinobot_py_examples:/opt/ros/humble /usr/bin/cmake --build /home/monster/arduinobot_ws/build/arduinobot_cpp_examples -- -j6 -l6
[0.461s] Invoking command in '/home/monster/arduinobot_ws/build/arduinobot_cpp_examples': CMAKE_PREFIX_PATH=${CMAKE_PREFIX_PATH}:/home/monster/arduinobot_ws/install/arduinobot_py_examples:/opt/ros/humble /usr/bin/cmake --install /home/monster/arduinobot_ws/build/arduinobot_cpp_examples
[0.486s] -- Install configuration: ""
[0.486s] -- Up-to-date: /home/monster/arduinobot_ws/install/arduinobot_cpp_examples/lib/arduinobot_cpp_examples/simple_publisher
[0.487s] -- Up-to-date: /home/monster/arduinobot_ws/install/arduinobot_cpp_examples/lib/arduinobot_cpp_examples/simple_subscriber
[0.487s] -- Up-to-date: /home/monster/arduinobot_ws/install/arduinobot_cpp_examples/lib/arduinobot_cpp_examples/simple_parameter
[0.487s] -- Up-to-date: /home/monster/arduinobot_ws/install/arduinobot_cpp_examples/share/ament_index/resource_index/package_run_dependencies/arduinobot_cpp_examples
[0.487s] -- Up-to-date: /home/monster/arduinobot_ws/install/arduinobot_cpp_examples/share/ament_index/resource_index/parent_prefix_path/arduinobot_cpp_examples
[0.487s] -- Up-to-date: /home/monster/arduinobot_ws/install/arduinobot_cpp_examples/share/arduinobot_cpp_examples/environment/ament_prefix_path.sh
[0.487s] -- Up-to-date: /home/monster/arduinobot_ws/install/arduinobot_cpp_examples/share/arduinobot_cpp_examples/environment/ament_prefix_path.dsv
[0.488s] -- Up-to-date: /home/monster/arduinobot_ws/install/arduinobot_cpp_examples/share/arduinobot_cpp_examples/environment/path.sh
[0.488s] -- Up-to-date: /home/monster/arduinobot_ws/install/arduinobot_cpp_examples/share/arduinobot_cpp_examples/environment/path.dsv
[0.488s] -- Up-to-date: /home/monster/arduinobot_ws/install/arduinobot_cpp_examples/share/arduinobot_cpp_examples/local_setup.bash
[0.488s] -- Up-to-date: /home/monster/arduinobot_ws/install/arduinobot_cpp_examples/share/arduinobot_cpp_examples/local_setup.sh
[0.488s] -- Up-to-date: /home/monster/arduinobot_ws/install/arduinobot_cpp_examples/share/arduinobot_cpp_examples/local_setup.zsh
[0.488s] -- Up-to-date: /home/monster/arduinobot_ws/install/arduinobot_cpp_examples/share/arduinobot_cpp_examples/local_setup.dsv
[0.489s] -- Installing: /home/monster/arduinobot_ws/install/arduinobot_cpp_examples/share/arduinobot_cpp_examples/package.dsv
[0.489s] -- Up-to-date: /home/monster/arduinobot_ws/install/arduinobot_cpp_examples/share/ament_index/resource_index/packages/arduinobot_cpp_examples
[0.489s] -- Up-to-date: /home/monster/arduinobot_ws/install/arduinobot_cpp_examples/share/arduinobot_cpp_examples/cmake/arduinobot_cpp_examplesConfig.cmake
[0.489s] -- Up-to-date: /home/monster/arduinobot_ws/install/arduinobot_cpp_examples/share/arduinobot_cpp_examples/cmake/arduinobot_cpp_examplesConfig-version.cmake
[0.489s] -- Up-to-date: /home/monster/arduinobot_ws/install/arduinobot_cpp_examples/share/arduinobot_cpp_examples/package.xml
[0.503s] Invoked command in '/home/monster/arduinobot_ws/build/arduinobot_cpp_examples' returned '0': CMAKE_PREFIX_PATH=${CMAKE_PREFIX_PATH}:/home/monster/arduinobot_ws/install/arduinobot_py_examples:/opt/ros/humble /usr/bin/cmake --install /home/monster/arduinobot_ws/build/arduinobot_cpp_examples
