[0.008s] Invoking command in '/home/monster/arduinobot_ws/src/build/arduinobot_firmware': CMAKE_PREFIX_PATH=/opt/ros/humble /usr/bin/cmake /home/monster/arduinobot_ws/src/arduinobot_firmware -DCMAKE_INSTALL_PREFIX=/home/monster/arduinobot_ws/src/install/arduinobot_firmware
[0.168s] -- The C compiler identification is GNU 11.4.0
[0.278s] -- The CXX compiler identification is GNU 11.4.0
[0.291s] -- Detecting C compiler ABI info
[0.361s] -- Detecting C compiler ABI info - done
[0.368s] -- Check for working C compiler: /usr/bin/cc - skipped
[0.368s] -- Detecting C compile features
[0.370s] -- Detecting C compile features - done
[0.374s] -- Detecting CXX compiler ABI info
[0.449s] -- Detecting CXX compiler ABI info - done
[0.454s] -- Check for working CXX compiler: /usr/bin/c++ - skipped
[0.454s] -- Detecting CXX compile features
[0.455s] -- Detecting CXX compile features - done
[0.466s] -- Found ament_cmake: 1.3.9 (/opt/ros/humble/share/ament_cmake/cmake)
[0.602s] -- Found Python3: /usr/bin/python3 (found version "3.10.12") found components: Interpreter 
[0.702s] -- Found ament_lint_auto: 0.12.11 (/opt/ros/humble/share/ament_lint_auto/cmake)
[0.782s] -- Added test 'lint_cmake' to check CMake code style
[0.783s] -- Added test 'xmllint' to check XML markup files
[0.784s] -- Configuring done
[0.789s] -- Generating done
[0.790s] -- Build files have been written to: /home/monster/arduinobot_ws/src/build/arduinobot_firmware
[0.795s] Invoked command in '/home/monster/arduinobot_ws/src/build/arduinobot_firmware' returned '0': CMAKE_PREFIX_PATH=/opt/ros/humble /usr/bin/cmake /home/monster/arduinobot_ws/src/arduinobot_firmware -DCMAKE_INSTALL_PREFIX=/home/monster/arduinobot_ws/src/install/arduinobot_firmware
[0.795s] Invoking command in '/home/monster/arduinobot_ws/src/build/arduinobot_firmware': CMAKE_PREFIX_PATH=/opt/ros/humble /usr/bin/cmake --build /home/monster/arduinobot_ws/src/build/arduinobot_firmware -- -j3 -l3
[0.840s] Invoked command in '/home/monster/arduinobot_ws/src/build/arduinobot_firmware' returned '0': CMAKE_PREFIX_PATH=/opt/ros/humble /usr/bin/cmake --build /home/monster/arduinobot_ws/src/build/arduinobot_firmware -- -j3 -l3
[0.878s] Invoking command in '/home/monster/arduinobot_ws/src/build/arduinobot_firmware': CMAKE_PREFIX_PATH=/opt/ros/humble /usr/bin/cmake --install /home/monster/arduinobot_ws/src/build/arduinobot_firmware
[0.885s] -- Install configuration: ""
[0.885s] -- Installing: /home/monster/arduinobot_ws/src/install/arduinobot_firmware/share/ament_index/resource_index/package_run_dependencies/arduinobot_firmware
[0.886s] -- Installing: /home/monster/arduinobot_ws/src/install/arduinobot_firmware/share/ament_index/resource_index/parent_prefix_path/arduinobot_firmware
[0.886s] -- Installing: /home/monster/arduinobot_ws/src/install/arduinobot_firmware/share/arduinobot_firmware/environment/ament_prefix_path.sh
[0.886s] -- Installing: /home/monster/arduinobot_ws/src/install/arduinobot_firmware/share/arduinobot_firmware/environment/ament_prefix_path.dsv
[0.886s] -- Installing: /home/monster/arduinobot_ws/src/install/arduinobot_firmware/share/arduinobot_firmware/environment/path.sh
[0.887s] -- Installing: /home/monster/arduinobot_ws/src/install/arduinobot_firmware/share/arduinobot_firmware/environment/path.dsv
[0.887s] -- Installing: /home/monster/arduinobot_ws/src/install/arduinobot_firmware/share/arduinobot_firmware/local_setup.bash
[0.887s] -- Installing: /home/monster/arduinobot_ws/src/install/arduinobot_firmware/share/arduinobot_firmware/local_setup.sh
[0.887s] -- Installing: /home/monster/arduinobot_ws/src/install/arduinobot_firmware/share/arduinobot_firmware/local_setup.zsh
[0.888s] -- Installing: /home/monster/arduinobot_ws/src/install/arduinobot_firmware/share/arduinobot_firmware/local_setup.dsv
[0.888s] -- Installing: /home/monster/arduinobot_ws/src/install/arduinobot_firmware/share/arduinobot_firmware/package.dsv
[0.888s] -- Installing: /home/monster/arduinobot_ws/src/install/arduinobot_firmware/share/ament_index/resource_index/packages/arduinobot_firmware
[0.888s] -- Installing: /home/monster/arduinobot_ws/src/install/arduinobot_firmware/share/arduinobot_firmware/cmake/arduinobot_firmwareConfig.cmake
[0.889s] -- Installing: /home/monster/arduinobot_ws/src/install/arduinobot_firmware/share/arduinobot_firmware/cmake/arduinobot_firmwareConfig-version.cmake
[0.889s] -- Installing: /home/monster/arduinobot_ws/src/install/arduinobot_firmware/share/arduinobot_firmware/package.xml
[0.891s] Invoked command in '/home/monster/arduinobot_ws/src/build/arduinobot_firmware' returned '0': CMAKE_PREFIX_PATH=/opt/ros/humble /usr/bin/cmake --install /home/monster/arduinobot_ws/src/build/arduinobot_firmware
