[0.030s] Invoking command in '/home/monster/arduinobot_ws/build/arduinobot_firmware': CMAKE_PREFIX_PATH=/opt/ros/humble /usr/bin/cmake --build /home/monster/arduinobot_ws/build/arduinobot_firmware -- -j6 -l6
[0.088s] -- Found ament_cmake: 1.3.9 (/opt/ros/humble/share/ament_cmake/cmake)
[0.257s] -- Found rclpy: 3.3.13 (/opt/ros/humble/share/rclpy/cmake)
[0.257s] -- Found rclcpp: 16.0.9 (/opt/ros/humble/share/rclcpp/cmake)
[0.309s] -- Found rosidl_generator_c: 3.1.5 (/opt/ros/humble/share/rosidl_generator_c/cmake)
[0.314s] -- Found rosidl_adapter: 3.1.5 (/opt/ros/humble/share/rosidl_adapter/cmake)
[0.331s] -- Found rosidl_generator_cpp: 3.1.5 (/opt/ros/humble/share/rosidl_generator_cpp/cmake)
[0.349s] -- Using all available rosidl_typesupport_c: rosidl_typesupport_fastrtps_c;rosidl_typesupport_introspection_c
[0.372s] -- Using all available rosidl_typesupport_cpp: rosidl_typesupport_fastrtps_cpp;rosidl_typesupport_introspection_cpp
[0.469s] -- Found rmw_implementation_cmake: 6.1.2 (/opt/ros/humble/share/rmw_implementation_cmake/cmake)
[0.473s] -- Found rmw_fastrtps_cpp: 6.2.6 (/opt/ros/humble/share/rmw_fastrtps_cpp/cmake)
[0.632s] -- Using RMW implementation 'rmw_fastrtps_cpp' as default
[0.886s] -- Found ament_lint_auto: 0.12.11 (/opt/ros/humble/share/ament_lint_auto/cmake)
[0.956s] -- Added test 'cppcheck' to perform static code analysis on C / C++ code
[0.956s] -- Configured cppcheck include dirs: /home/monster/arduinobot_ws/src/arduinobot_firmware/
[0.956s] -- Configured cppcheck exclude dirs and/or files: 
[0.957s] -- Added test 'flake8' to check Python code syntax and style conventions
[0.958s] -- Added test 'lint_cmake' to check CMake code style
[0.958s] -- Added test 'pep257' to check Python code against some of the docstring style conventions in PEP 257
[0.959s] -- Added test 'uncrustify' to check C / C++ code style
[0.959s] -- Configured uncrustify additional arguments: 
[0.959s] -- Added test 'xmllint' to check XML markup files
[0.961s] -- Configuring done
[0.973s] -- Generating done
[0.975s] -- Build files have been written to: /home/monster/arduinobot_ws/build/arduinobot_firmware
[1.022s] [35m[1mConsolidate compiler generated dependencies of target simple_serial_transmitter[0m
[1.051s] [ 50%] [32mBuilding CXX object CMakeFiles/simple_serial_transmitter.dir/src/simple_serial_transmitter.cpp.o[0m
[1.055s] [ 50%] Built target ament_cmake_python_copy_arduinobot_firmware
[1.366s] running egg_info
[1.367s] writing arduinobot_firmware.egg-info/PKG-INFO
[1.367s] writing dependency_links to arduinobot_firmware.egg-info/dependency_links.txt
[1.367s] writing top-level names to arduinobot_firmware.egg-info/top_level.txt
[1.369s] reading manifest file 'arduinobot_firmware.egg-info/SOURCES.txt'
[1.370s] writing manifest file 'arduinobot_firmware.egg-info/SOURCES.txt'
[1.411s] [ 50%] Built target ament_cmake_python_build_arduinobot_firmware_egg
[1.486s] [01m[K/home/monster/arduinobot_ws/src/arduinobot_firmware/src/simple_serial_transmitter.cpp:3:10:[m[K [01;31m[Kfatal error: [m[Klibserial/SerialPort.h: No such file or directory
[1.486s]     3 | #include [01;31m[K<libserial/SerialPort.h>[m[K
[1.487s]       |          [01;31m[K^~~~~~~~~~~~~~~~~~~~~~~~[m[K
[1.487s] compilation terminated.
[1.489s] gmake[2]: *** [CMakeFiles/simple_serial_transmitter.dir/build.make:76: CMakeFiles/simple_serial_transmitter.dir/src/simple_serial_transmitter.cpp.o] Error 1
[1.489s] gmake[1]: *** [CMakeFiles/Makefile2:192: CMakeFiles/simple_serial_transmitter.dir/all] Error 2
[1.489s] gmake: *** [Makefile:146: all] Error 2
[1.492s] Invoked command in '/home/monster/arduinobot_ws/build/arduinobot_firmware' returned '2': CMAKE_PREFIX_PATH=/opt/ros/humble /usr/bin/cmake --build /home/monster/arduinobot_ws/build/arduinobot_firmware -- -j6 -l6
