[0.027s] Invoking command in '/home/monster/arduinobot_ws/build/arduinobot_firmware': CMAKE_PREFIX_PATH=${CMAKE_PREFIX_PATH}:/home/monster/arduinobot_ws/install/arduinobot_py_examples:/opt/ros/humble /usr/bin/cmake --build /home/monster/arduinobot_ws/build/arduinobot_firmware -- -j6 -l6
[0.098s] [  0%] Built target ament_cmake_python_copy_arduinobot_firmware
[0.102s] [100%] Built target simple_serial_transmitter
[0.346s] running egg_info
[0.347s] writing arduinobot_firmware.egg-info/PKG-INFO
[0.347s] writing dependency_links to arduinobot_firmware.egg-info/dependency_links.txt
[0.348s] writing top-level names to arduinobot_firmware.egg-info/top_level.txt
[0.350s] reading manifest file 'arduinobot_firmware.egg-info/SOURCES.txt'
[0.351s] writing manifest file 'arduinobot_firmware.egg-info/SOURCES.txt'
[0.398s] [100%] Built target ament_cmake_python_build_arduinobot_firmware_egg
[0.425s] Invoked command in '/home/monster/arduinobot_ws/build/arduinobot_firmware' returned '0': CMAKE_PREFIX_PATH=${CMAKE_PREFIX_PATH}:/home/monster/arduinobot_ws/install/arduinobot_py_examples:/opt/ros/humble /usr/bin/cmake --build /home/monster/arduinobot_ws/build/arduinobot_firmware -- -j6 -l6
[0.463s] Invoking command in '/home/monster/arduinobot_ws/build/arduinobot_firmware': CMAKE_PREFIX_PATH=${CMAKE_PREFIX_PATH}:/home/monster/arduinobot_ws/install/arduinobot_py_examples:/opt/ros/humble /usr/bin/cmake --install /home/monster/arduinobot_ws/build/arduinobot_firmware
[0.471s] -- Install configuration: ""
[0.471s] -- Up-to-date: /home/monster/arduinobot_ws/install/arduinobot_firmware/share/arduinobot_firmware/environment/pythonpath.sh
[0.471s] -- Up-to-date: /home/monster/arduinobot_ws/install/arduinobot_firmware/share/arduinobot_firmware/environment/pythonpath.dsv
[0.472s] -- Up-to-date: /home/monster/arduinobot_ws/install/arduinobot_firmware/local/lib/python3.10/dist-packages/arduinobot_firmware-0.0.0-py3.10.egg-info
[0.472s] -- Installing: /home/monster/arduinobot_ws/install/arduinobot_firmware/local/lib/python3.10/dist-packages/arduinobot_firmware-0.0.0-py3.10.egg-info/dependency_links.txt
[0.472s] -- Installing: /home/monster/arduinobot_ws/install/arduinobot_firmware/local/lib/python3.10/dist-packages/arduinobot_firmware-0.0.0-py3.10.egg-info/top_level.txt
[0.473s] -- Installing: /home/monster/arduinobot_ws/install/arduinobot_firmware/local/lib/python3.10/dist-packages/arduinobot_firmware-0.0.0-py3.10.egg-info/PKG-INFO
[0.473s] -- Installing: /home/monster/arduinobot_ws/install/arduinobot_firmware/local/lib/python3.10/dist-packages/arduinobot_firmware-0.0.0-py3.10.egg-info/SOURCES.txt
[0.473s] -- Up-to-date: /home/monster/arduinobot_ws/install/arduinobot_firmware/local/lib/python3.10/dist-packages/arduinobot_firmware
[0.473s] -- Up-to-date: /home/monster/arduinobot_ws/install/arduinobot_firmware/local/lib/python3.10/dist-packages/arduinobot_firmware/__init__.py
[0.473s] -- Up-to-date: /home/monster/arduinobot_ws/install/arduinobot_firmware/local/lib/python3.10/dist-packages/arduinobot_firmware/simple_serial_transmitter.py
[0.508s] Listing '/home/monster/arduinobot_ws/install/arduinobot_firmware/local/lib/python3.10/dist-packages/arduinobot_firmware'...
[0.515s] -- Up-to-date: /home/monster/arduinobot_ws/install/arduinobot_firmware/lib/arduinobot_firmware/simple_serial_transmitter
[0.517s] -- Up-to-date: /home/monster/arduinobot_ws/install/arduinobot_firmware/lib/arduinobot_firmware/simple_serial_transmitter.py
[0.517s] -- Up-to-date: /home/monster/arduinobot_ws/install/arduinobot_firmware/share/ament_index/resource_index/package_run_dependencies/arduinobot_firmware
[0.517s] -- Up-to-date: /home/monster/arduinobot_ws/install/arduinobot_firmware/share/ament_index/resource_index/parent_prefix_path/arduinobot_firmware
[0.517s] -- Up-to-date: /home/monster/arduinobot_ws/install/arduinobot_firmware/share/arduinobot_firmware/environment/ament_prefix_path.sh
[0.517s] -- Up-to-date: /home/monster/arduinobot_ws/install/arduinobot_firmware/share/arduinobot_firmware/environment/ament_prefix_path.dsv
[0.518s] -- Up-to-date: /home/monster/arduinobot_ws/install/arduinobot_firmware/share/arduinobot_firmware/environment/path.sh
[0.518s] -- Up-to-date: /home/monster/arduinobot_ws/install/arduinobot_firmware/share/arduinobot_firmware/environment/path.dsv
[0.519s] -- Up-to-date: /home/monster/arduinobot_ws/install/arduinobot_firmware/share/arduinobot_firmware/local_setup.bash
[0.519s] -- Up-to-date: /home/monster/arduinobot_ws/install/arduinobot_firmware/share/arduinobot_firmware/local_setup.sh
[0.519s] -- Up-to-date: /home/monster/arduinobot_ws/install/arduinobot_firmware/share/arduinobot_firmware/local_setup.zsh
[0.520s] -- Up-to-date: /home/monster/arduinobot_ws/install/arduinobot_firmware/share/arduinobot_firmware/local_setup.dsv
[0.520s] -- Installing: /home/monster/arduinobot_ws/install/arduinobot_firmware/share/arduinobot_firmware/package.dsv
[0.520s] -- Up-to-date: /home/monster/arduinobot_ws/install/arduinobot_firmware/share/ament_index/resource_index/packages/arduinobot_firmware
[0.520s] -- Up-to-date: /home/monster/arduinobot_ws/install/arduinobot_firmware/share/arduinobot_firmware/cmake/arduinobot_firmwareConfig.cmake
[0.521s] -- Up-to-date: /home/monster/arduinobot_ws/install/arduinobot_firmware/share/arduinobot_firmware/cmake/arduinobot_firmwareConfig-version.cmake
[0.522s] -- Up-to-date: /home/monster/arduinobot_ws/install/arduinobot_firmware/share/arduinobot_firmware/package.xml
[0.522s] Invoked command in '/home/monster/arduinobot_ws/build/arduinobot_firmware' returned '0': CMAKE_PREFIX_PATH=${CMAKE_PREFIX_PATH}:/home/monster/arduinobot_ws/install/arduinobot_py_examples:/opt/ros/humble /usr/bin/cmake --install /home/monster/arduinobot_ws/build/arduinobot_firmware
