[0.041s] Invoking command in '/home/monster/arduinobot_ws/src/build/arduinobot_cpp_examples': CMAKE_PREFIX_PATH=/opt/ros/humble /usr/bin/cmake --build /home/monster/arduinobot_ws/src/build/arduinobot_cpp_examples -- -j3 -l3
[0.257s] [35m[1mConsolidate compiler generated dependencies of target simple_publisher[0m
[0.261s] [35m[1mConsolidate compiler generated dependencies of target simple_subscriber[0m
[0.341s] [ 50%] Built target simple_publisher
[0.345s] [100%] Built target simple_subscriber
[0.361s] Invoked command in '/home/monster/arduinobot_ws/src/build/arduinobot_cpp_examples' returned '0': CMAKE_PREFIX_PATH=/opt/ros/humble /usr/bin/cmake --build /home/monster/arduinobot_ws/src/build/arduinobot_cpp_examples -- -j3 -l3
[0.412s] Invoking command in '/home/monster/arduinobot_ws/src/build/arduinobot_cpp_examples': CMAKE_PREFIX_PATH=/opt/ros/humble /usr/bin/cmake --install /home/monster/arduinobot_ws/src/build/arduinobot_cpp_examples
[0.422s] -- Install configuration: ""
[0.426s] -- Up-to-date: /home/monster/arduinobot_ws/src/install/arduinobot_cpp_examples/lib/arduinobot_cpp_examples/simple_publisher
[0.430s] -- Up-to-date: /home/monster/arduinobot_ws/src/install/arduinobot_cpp_examples/lib/arduinobot_cpp_examples/simple_subscriber
[0.434s] -- Up-to-date: /home/monster/arduinobot_ws/src/install/arduinobot_cpp_examples/share/ament_index/resource_index/package_run_dependencies/arduinobot_cpp_examples
[0.434s] -- Up-to-date: /home/monster/arduinobot_ws/src/install/arduinobot_cpp_examples/share/ament_index/resource_index/parent_prefix_path/arduinobot_cpp_examples
[0.438s] -- Up-to-date: /home/monster/arduinobot_ws/src/install/arduinobot_cpp_examples/share/arduinobot_cpp_examples/environment/ament_prefix_path.sh
[0.439s] -- Up-to-date: /home/monster/arduinobot_ws/src/install/arduinobot_cpp_examples/share/arduinobot_cpp_examples/environment/ament_prefix_path.dsv
[0.439s] -- Up-to-date: /home/monster/arduinobot_ws/src/install/arduinobot_cpp_examples/share/arduinobot_cpp_examples/environment/path.sh
[0.440s] -- Up-to-date: /home/monster/arduinobot_ws/src/install/arduinobot_cpp_examples/share/arduinobot_cpp_examples/environment/path.dsv
[0.440s] -- Up-to-date: /home/monster/arduinobot_ws/src/install/arduinobot_cpp_examples/share/arduinobot_cpp_examples/local_setup.bash
[0.440s] -- Up-to-date: /home/monster/arduinobot_ws/src/install/arduinobot_cpp_examples/share/arduinobot_cpp_examples/local_setup.sh
[0.441s] -- Up-to-date: /home/monster/arduinobot_ws/src/install/arduinobot_cpp_examples/share/arduinobot_cpp_examples/local_setup.zsh
[0.441s] -- Up-to-date: /home/monster/arduinobot_ws/src/install/arduinobot_cpp_examples/share/arduinobot_cpp_examples/local_setup.dsv
[0.441s] -- Installing: /home/monster/arduinobot_ws/src/install/arduinobot_cpp_examples/share/arduinobot_cpp_examples/package.dsv
[0.443s] -- Up-to-date: /home/monster/arduinobot_ws/src/install/arduinobot_cpp_examples/share/ament_index/resource_index/packages/arduinobot_cpp_examples
[0.446s] -- Up-to-date: /home/monster/arduinobot_ws/src/install/arduinobot_cpp_examples/share/arduinobot_cpp_examples/cmake/arduinobot_cpp_examplesConfig.cmake
[0.446s] -- Up-to-date: /home/monster/arduinobot_ws/src/install/arduinobot_cpp_examples/share/arduinobot_cpp_examples/cmake/arduinobot_cpp_examplesConfig-version.cmake
[0.446s] -- Up-to-date: /home/monster/arduinobot_ws/src/install/arduinobot_cpp_examples/share/arduinobot_cpp_examples/package.xml
[0.450s] Invoked command in '/home/monster/arduinobot_ws/src/build/arduinobot_cpp_examples' returned '0': CMAKE_PREFIX_PATH=/opt/ros/humble /usr/bin/cmake --install /home/monster/arduinobot_ws/src/build/arduinobot_cpp_examples
