[0.024s] Invoking command in '/home/monster/arduinobot_ws/build/arduinobot_description': CMAKE_PREFIX_PATH=/opt/ros/humble /usr/bin/cmake --build /home/monster/arduinobot_ws/build/arduinobot_description -- -j3 -l3
[0.096s] -- Found ament_cmake: 1.3.9 (/opt/ros/humble/share/ament_cmake/cmake)
[0.302s] -- Found ament_lint_auto: 0.12.11 (/opt/ros/humble/share/ament_lint_auto/cmake)
[0.465s] -- Added test 'lint_cmake' to check CMake code style
[0.467s] -- Added test 'xmllint' to check XML markup files
[0.469s] -- Configuring done
[0.475s] -- Generating done
[0.476s] -- Build files have been written to: /home/monster/arduinobot_ws/build/arduinobot_description
[0.693s] Invoked command in '/home/monster/arduinobot_ws/build/arduinobot_description' returned '0': CMAKE_PREFIX_PATH=/opt/ros/humble /usr/bin/cmake --build /home/monster/arduinobot_ws/build/arduinobot_description -- -j3 -l3
[0.716s] Invoking command in '/home/monster/arduinobot_ws/build/arduinobot_description': CMAKE_PREFIX_PATH=/opt/ros/humble /usr/bin/cmake --install /home/monster/arduinobot_ws/build/arduinobot_description
[0.727s] -- Install configuration: ""
[0.729s] -- Installing: /home/monster/arduinobot_ws/install/arduinobot_description/share/arduinobot_description/urdf
[0.729s] -- Installing: /home/monster/arduinobot_ws/install/arduinobot_description/share/arduinobot_description/urdf/arduinobot.urdf.xacro
[0.729s] -- Up-to-date: /home/monster/arduinobot_ws/install/arduinobot_description/share/ament_index/resource_index/package_run_dependencies/arduinobot_description
[0.730s] -- Up-to-date: /home/monster/arduinobot_ws/install/arduinobot_description/share/ament_index/resource_index/parent_prefix_path/arduinobot_description
[0.731s] -- Up-to-date: /home/monster/arduinobot_ws/install/arduinobot_description/share/arduinobot_description/environment/ament_prefix_path.sh
[0.731s] -- Installing: /home/monster/arduinobot_ws/install/arduinobot_description/share/arduinobot_description/environment/ament_prefix_path.dsv
[0.731s] -- Up-to-date: /home/monster/arduinobot_ws/install/arduinobot_description/share/arduinobot_description/environment/path.sh
[0.731s] -- Installing: /home/monster/arduinobot_ws/install/arduinobot_description/share/arduinobot_description/environment/path.dsv
[0.732s] -- Up-to-date: /home/monster/arduinobot_ws/install/arduinobot_description/share/arduinobot_description/local_setup.bash
[0.732s] -- Up-to-date: /home/monster/arduinobot_ws/install/arduinobot_description/share/arduinobot_description/local_setup.sh
[0.732s] -- Up-to-date: /home/monster/arduinobot_ws/install/arduinobot_description/share/arduinobot_description/local_setup.zsh
[0.732s] -- Installing: /home/monster/arduinobot_ws/install/arduinobot_description/share/arduinobot_description/local_setup.dsv
[0.732s] -- Installing: /home/monster/arduinobot_ws/install/arduinobot_description/share/arduinobot_description/package.dsv
[0.732s] -- Up-to-date: /home/monster/arduinobot_ws/install/arduinobot_description/share/ament_index/resource_index/packages/arduinobot_description
[0.733s] -- Up-to-date: /home/monster/arduinobot_ws/install/arduinobot_description/share/arduinobot_description/cmake/arduinobot_descriptionConfig.cmake
[0.733s] -- Up-to-date: /home/monster/arduinobot_ws/install/arduinobot_description/share/arduinobot_description/cmake/arduinobot_descriptionConfig-version.cmake
[0.734s] -- Up-to-date: /home/monster/arduinobot_ws/install/arduinobot_description/share/arduinobot_description/package.xml
[0.741s] Invoked command in '/home/monster/arduinobot_ws/build/arduinobot_description' returned '0': CMAKE_PREFIX_PATH=/opt/ros/humble /usr/bin/cmake --install /home/monster/arduinobot_ws/build/arduinobot_description
