[0.014s] Invoking command in '/home/monster/arduinobot_ws/build/arduinobot_description': /usr/bin/cmake /home/monster/arduinobot_ws/src/arduinobot_description -DCMAKE_INSTALL_PREFIX=/home/monster/arduinobot_ws/install/arduinobot_description
[0.152s] -- The C compiler identification is GNU 11.4.0
[0.221s] -- The CXX compiler identification is GNU 11.4.0
[0.238s] -- Detecting C compiler ABI info
[0.322s] -- Detecting C compiler ABI info - done
[0.331s] -- Check for working C compiler: /usr/bin/cc - skipped
[0.332s] -- Detecting C compile features
[0.332s] -- Detecting C compile features - done
[0.336s] -- Detecting CXX compiler ABI info
[0.446s] -- Detecting CXX compiler ABI info - done
[0.447s] -- Check for working CXX compiler: /usr/bin/c++ - skipped
[0.447s] -- Detecting CXX compile features
[0.448s] -- Detecting CXX compile features - done
[0.462s] [31mCMake Error at CMakeLists.txt:9 (find_package):
[0.462s]   By not providing "Findament_cmake.cmake" in CMAKE_MODULE_PATH this project
[0.462s]   has asked CMake to find a package configuration file provided by
[0.462s]   "ament_cmake", but CMake did not find one.
[0.462s] 
[0.462s]   Could not find a package configuration file provided by "ament_cmake" with
[0.462s]   any of the following names:
[0.463s] 
[0.463s]     ament_cmakeConfig.cmake
[0.463s]     ament_cmake-config.cmake
[0.463s] 
[0.463s]   Add the installation prefix of "ament_cmake" to CMAKE_PREFIX_PATH or set
[0.463s]   "ament_cmake_DIR" to a directory containing one of the above files.  If
[0.463s]   "ament_cmake" provides a separate development package or SDK, be sure it
[0.463s]   has been installed.
[0.463s] 
[0.463s] [0m
[0.464s] -- Configuring incomplete, errors occurred!
[0.464s] See also "/home/monster/arduinobot_ws/build/arduinobot_description/CMakeFiles/CMakeOutput.log".
[0.579s] Invoked command in '/home/monster/arduinobot_ws/build/arduinobot_description' returned '1': /usr/bin/cmake /home/monster/arduinobot_ws/src/arduinobot_description -DCMAKE_INSTALL_PREFIX=/home/monster/arduinobot_ws/install/arduinobot_description
