[0.020s] Invoking command in '/home/monster/arduinobot_ws/src/build/arduinobot_firmware': CMAKE_PREFIX_PATH=/opt/ros/humble /usr/bin/cmake --build /home/monster/arduinobot_ws/src/build/arduinobot_firmware -- -j3 -l3
[0.086s] [100%] Built target simple_serial_transmitter
[0.089s] [100%] Built target ament_cmake_python_copy_arduinobot_firmware
[0.331s] running egg_info
[0.335s] writing arduinobot_firmware.egg-info/PKG-INFO
[0.336s] writing dependency_links to arduinobot_firmware.egg-info/dependency_links.txt
[0.336s] writing top-level names to arduinobot_firmware.egg-info/top_level.txt
[0.338s] reading manifest file 'arduinobot_firmware.egg-info/SOURCES.txt'
[0.340s] writing manifest file 'arduinobot_firmware.egg-info/SOURCES.txt'
[0.378s] [100%] Built target ament_cmake_python_build_arduinobot_firmware_egg
[0.391s] Invoked command in '/home/monster/arduinobot_ws/src/build/arduinobot_firmware' returned '0': CMAKE_PREFIX_PATH=/opt/ros/humble /usr/bin/cmake --build /home/monster/arduinobot_ws/src/build/arduinobot_firmware -- -j3 -l3
[0.428s] Invoking command in '/home/monster/arduinobot_ws/src/build/arduinobot_firmware': CMAKE_PREFIX_PATH=/opt/ros/humble /usr/bin/cmake --install /home/monster/arduinobot_ws/src/build/arduinobot_firmware
[0.438s] -- Install configuration: ""
[0.438s] -- Up-to-date: /home/monster/arduinobot_ws/src/install/arduinobot_firmware/share/arduinobot_firmware/environment/pythonpath.sh
[0.438s] -- Up-to-date: /home/monster/arduinobot_ws/src/install/arduinobot_firmware/share/arduinobot_firmware/environment/pythonpath.dsv
[0.438s] -- Up-to-date: /home/monster/arduinobot_ws/src/install/arduinobot_firmware/local/lib/python3.10/dist-packages/arduinobot_firmware-0.0.0-py3.10.egg-info
[0.438s] -- Installing: /home/monster/arduinobot_ws/src/install/arduinobot_firmware/local/lib/python3.10/dist-packages/arduinobot_firmware-0.0.0-py3.10.egg-info/PKG-INFO
[0.439s] -- Installing: /home/monster/arduinobot_ws/src/install/arduinobot_firmware/local/lib/python3.10/dist-packages/arduinobot_firmware-0.0.0-py3.10.egg-info/SOURCES.txt
[0.439s] -- Installing: /home/monster/arduinobot_ws/src/install/arduinobot_firmware/local/lib/python3.10/dist-packages/arduinobot_firmware-0.0.0-py3.10.egg-info/dependency_links.txt
[0.439s] -- Installing: /home/monster/arduinobot_ws/src/install/arduinobot_firmware/local/lib/python3.10/dist-packages/arduinobot_firmware-0.0.0-py3.10.egg-info/top_level.txt
[0.439s] -- Up-to-date: /home/monster/arduinobot_ws/src/install/arduinobot_firmware/local/lib/python3.10/dist-packages/arduinobot_firmware
[0.439s] -- Up-to-date: /home/monster/arduinobot_ws/src/install/arduinobot_firmware/local/lib/python3.10/dist-packages/arduinobot_firmware/__init__.py
[0.440s] -- Up-to-date: /home/monster/arduinobot_ws/src/install/arduinobot_firmware/local/lib/python3.10/dist-packages/arduinobot_firmware/simple_serial_transmitter.py
[0.470s] Listing '/home/monster/arduinobot_ws/src/install/arduinobot_firmware/local/lib/python3.10/dist-packages/arduinobot_firmware'...
[0.474s] -- Up-to-date: /home/monster/arduinobot_ws/src/install/arduinobot_firmware/lib/arduinobot_firmware/simple_serial_transmitter
[0.474s] -- Up-to-date: /home/monster/arduinobot_ws/src/install/arduinobot_firmware/lib/arduinobot_firmware/simple_serial_transmitter.py
[0.474s] -- Up-to-date: /home/monster/arduinobot_ws/src/install/arduinobot_firmware/share/ament_index/resource_index/package_run_dependencies/arduinobot_firmware
[0.474s] -- Up-to-date: /home/monster/arduinobot_ws/src/install/arduinobot_firmware/share/ament_index/resource_index/parent_prefix_path/arduinobot_firmware
[0.474s] -- Up-to-date: /home/monster/arduinobot_ws/src/install/arduinobot_firmware/share/arduinobot_firmware/environment/ament_prefix_path.sh
[0.475s] -- Up-to-date: /home/monster/arduinobot_ws/src/install/arduinobot_firmware/share/arduinobot_firmware/environment/ament_prefix_path.dsv
[0.475s] -- Up-to-date: /home/monster/arduinobot_ws/src/install/arduinobot_firmware/share/arduinobot_firmware/environment/path.sh
[0.475s] -- Up-to-date: /home/monster/arduinobot_ws/src/install/arduinobot_firmware/share/arduinobot_firmware/environment/path.dsv
[0.475s] -- Up-to-date: /home/monster/arduinobot_ws/src/install/arduinobot_firmware/share/arduinobot_firmware/local_setup.bash
[0.475s] -- Up-to-date: /home/monster/arduinobot_ws/src/install/arduinobot_firmware/share/arduinobot_firmware/local_setup.sh
[0.476s] -- Up-to-date: /home/monster/arduinobot_ws/src/install/arduinobot_firmware/share/arduinobot_firmware/local_setup.zsh
[0.476s] -- Up-to-date: /home/monster/arduinobot_ws/src/install/arduinobot_firmware/share/arduinobot_firmware/local_setup.dsv
[0.476s] -- Installing: /home/monster/arduinobot_ws/src/install/arduinobot_firmware/share/arduinobot_firmware/package.dsv
[0.476s] -- Up-to-date: /home/monster/arduinobot_ws/src/install/arduinobot_firmware/share/ament_index/resource_index/packages/arduinobot_firmware
[0.476s] -- Up-to-date: /home/monster/arduinobot_ws/src/install/arduinobot_firmware/share/arduinobot_firmware/cmake/arduinobot_firmwareConfig.cmake
[0.476s] -- Up-to-date: /home/monster/arduinobot_ws/src/install/arduinobot_firmware/share/arduinobot_firmware/cmake/arduinobot_firmwareConfig-version.cmake
[0.476s] -- Up-to-date: /home/monster/arduinobot_ws/src/install/arduinobot_firmware/share/arduinobot_firmware/package.xml
[0.479s] Invoked command in '/home/monster/arduinobot_ws/src/build/arduinobot_firmware' returned '0': CMAKE_PREFIX_PATH=/opt/ros/humble /usr/bin/cmake --install /home/monster/arduinobot_ws/src/build/arduinobot_firmware
