[0.028s] Invoking command in '/home/monster/arduinobot_ws/build/arduinobot_description': CMAKE_PREFIX_PATH=/opt/ros/humble /usr/bin/cmake --build /home/monster/arduinobot_ws/build/arduinobot_description -- -j6 -l6
[0.338s] Invoked command in '/home/monster/arduinobot_ws/build/arduinobot_description' returned '0': CMAKE_PREFIX_PATH=/opt/ros/humble /usr/bin/cmake --build /home/monster/arduinobot_ws/build/arduinobot_description -- -j6 -l6
[0.381s] Invoking command in '/home/monster/arduinobot_ws/build/arduinobot_description': CMAKE_PREFIX_PATH=/opt/ros/humble /usr/bin/cmake --install /home/monster/arduinobot_ws/build/arduinobot_description
[0.393s] -- Install configuration: ""
[0.395s] -- Up-to-date: /home/monster/arduinobot_ws/install/arduinobot_description/share/arduinobot_description/urdf
[0.395s] -- Up-to-date: /home/monster/arduinobot_ws/install/arduinobot_description/share/arduinobot_description/urdf/robot_core.xacro
[0.395s] -- Up-to-date: /home/monster/arduinobot_ws/install/arduinobot_description/share/arduinobot_description/urdf/inertial_macros.xacro
[0.396s] -- Up-to-date: /home/monster/arduinobot_ws/install/arduinobot_description/share/arduinobot_description/urdf/arduinobot.urdf.xacro
[0.396s] -- Up-to-date: /home/monster/arduinobot_ws/install/arduinobot_description/share/arduinobot_description/urdf/rrbot.xacro
[0.396s] -- Up-to-date: /home/monster/arduinobot_ws/install/arduinobot_description/share/arduinobot_description/launch
[0.396s] -- Up-to-date: /home/monster/arduinobot_ws/install/arduinobot_description/share/arduinobot_description/launch/display.launch.py
[0.397s] -- Up-to-date: /home/monster/arduinobot_ws/install/arduinobot_description/share/arduinobot_description/launch/robot_description_publisher_xacro.launch.py
[0.397s] -- Up-to-date: /home/monster/arduinobot_ws/install/arduinobot_description/share/arduinobot_description/launch/robot_description_publisher.launch.py
[0.397s] -- Up-to-date: /home/monster/arduinobot_ws/install/arduinobot_description/share/arduinobot_description/rviz
[0.397s] -- Up-to-date: /home/monster/arduinobot_ws/install/arduinobot_description/share/arduinobot_description/rviz/joint_states.rviz
[0.398s] -- Up-to-date: /home/monster/arduinobot_ws/install/arduinobot_description/share/arduinobot_description/rviz/robot_description_publisher.rviz
[0.398s] -- Up-to-date: /home/monster/arduinobot_ws/install/arduinobot_description/share/arduinobot_description/rviz/deneme.rviz
[0.399s] -- Up-to-date: /home/monster/arduinobot_ws/install/arduinobot_description/share/arduinobot_description/rviz/display.rviz
[0.399s] -- Up-to-date: /home/monster/arduinobot_ws/install/arduinobot_description/share/ament_index/resource_index/package_run_dependencies/arduinobot_description
[0.399s] -- Up-to-date: /home/monster/arduinobot_ws/install/arduinobot_description/share/ament_index/resource_index/parent_prefix_path/arduinobot_description
[0.400s] -- Up-to-date: /home/monster/arduinobot_ws/install/arduinobot_description/share/arduinobot_description/environment/ament_prefix_path.sh
[0.400s] -- Up-to-date: /home/monster/arduinobot_ws/install/arduinobot_description/share/arduinobot_description/environment/ament_prefix_path.dsv
[0.400s] -- Up-to-date: /home/monster/arduinobot_ws/install/arduinobot_description/share/arduinobot_description/environment/path.sh
[0.400s] -- Up-to-date: /home/monster/arduinobot_ws/install/arduinobot_description/share/arduinobot_description/environment/path.dsv
[0.400s] -- Up-to-date: /home/monster/arduinobot_ws/install/arduinobot_description/share/arduinobot_description/local_setup.bash
[0.400s] -- Up-to-date: /home/monster/arduinobot_ws/install/arduinobot_description/share/arduinobot_description/local_setup.sh
[0.400s] -- Up-to-date: /home/monster/arduinobot_ws/install/arduinobot_description/share/arduinobot_description/local_setup.zsh
[0.401s] -- Up-to-date: /home/monster/arduinobot_ws/install/arduinobot_description/share/arduinobot_description/local_setup.dsv
[0.401s] -- Installing: /home/monster/arduinobot_ws/install/arduinobot_description/share/arduinobot_description/package.dsv
[0.402s] -- Up-to-date: /home/monster/arduinobot_ws/install/arduinobot_description/share/ament_index/resource_index/packages/arduinobot_description
[0.402s] -- Up-to-date: /home/monster/arduinobot_ws/install/arduinobot_description/share/arduinobot_description/cmake/arduinobot_descriptionConfig.cmake
[0.402s] -- Up-to-date: /home/monster/arduinobot_ws/install/arduinobot_description/share/arduinobot_description/cmake/arduinobot_descriptionConfig-version.cmake
[0.402s] -- Up-to-date: /home/monster/arduinobot_ws/install/arduinobot_description/share/arduinobot_description/package.xml
[0.408s] Invoked command in '/home/monster/arduinobot_ws/build/arduinobot_description' returned '0': CMAKE_PREFIX_PATH=/opt/ros/humble /usr/bin/cmake --install /home/monster/arduinobot_ws/build/arduinobot_description
