[0.024s] Invoking command in '/home/monster/arduinobot_ws/build/arduinobot_description': CMAKE_PREFIX_PATH=/opt/ros/humble /usr/bin/cmake --build /home/monster/arduinobot_ws/build/arduinobot_description -- -j6 -l6
[0.088s] -- Found ament_cmake: 1.3.9 (/opt/ros/humble/share/ament_cmake/cmake)
[0.260s] -- Found ament_lint_auto: 0.12.11 (/opt/ros/humble/share/ament_lint_auto/cmake)
[0.365s] -- Added test 'flake8' to check Python code syntax and style conventions
[0.366s] -- Added test 'lint_cmake' to check CMake code style
[0.367s] -- Added test 'pep257' to check Python code against some of the docstring style conventions in PEP 257
[0.368s] -- Added test 'xmllint' to check XML markup files
[0.371s] -- Configuring done
[0.375s] -- Generating done
[0.376s] -- Build files have been written to: /home/monster/arduinobot_ws/build/arduinobot_description
[0.410s] Invoked command in '/home/monster/arduinobot_ws/build/arduinobot_description' returned '0': CMAKE_PREFIX_PATH=/opt/ros/humble /usr/bin/cmake --build /home/monster/arduinobot_ws/build/arduinobot_description -- -j6 -l6
[0.453s] Invoking command in '/home/monster/arduinobot_ws/build/arduinobot_description': CMAKE_PREFIX_PATH=/opt/ros/humble /usr/bin/cmake --install /home/monster/arduinobot_ws/build/arduinobot_description
[0.461s] -- Install configuration: ""
[0.461s] -- Up-to-date: /home/monster/arduinobot_ws/install/arduinobot_description/share/arduinobot_description/urdf
[0.462s] -- Up-to-date: /home/monster/arduinobot_ws/install/arduinobot_description/share/arduinobot_description/urdf/arduinobot.urdf.xacro
[0.462s] -- Up-to-date: /home/monster/arduinobot_ws/install/arduinobot_description/share/arduinobot_description/urdf/inertial_macros.xacro
[0.462s] -- Up-to-date: /home/monster/arduinobot_ws/install/arduinobot_description/share/arduinobot_description/urdf/robot_core.xacro
[0.462s] -- Up-to-date: /home/monster/arduinobot_ws/install/arduinobot_description/share/arduinobot_description/launch
[0.462s] -- Up-to-date: /home/monster/arduinobot_ws/install/arduinobot_description/share/arduinobot_description/launch/display.launch.py
[0.463s] -- Up-to-date: /home/monster/arduinobot_ws/install/arduinobot_description/share/arduinobot_description/rviz
[0.463s] -- Up-to-date: /home/monster/arduinobot_ws/install/arduinobot_description/share/arduinobot_description/rviz/display.rviz
[0.463s] -- Up-to-date: /home/monster/arduinobot_ws/install/arduinobot_description/share/ament_index/resource_index/package_run_dependencies/arduinobot_description
[0.463s] -- Installing: /home/monster/arduinobot_ws/install/arduinobot_description/share/ament_index/resource_index/parent_prefix_path/arduinobot_description
[0.464s] -- Installing: /home/monster/arduinobot_ws/install/arduinobot_description/share/arduinobot_description/environment/ament_prefix_path.sh
[0.464s] -- Installing: /home/monster/arduinobot_ws/install/arduinobot_description/share/arduinobot_description/environment/ament_prefix_path.dsv
[0.464s] -- Installing: /home/monster/arduinobot_ws/install/arduinobot_description/share/arduinobot_description/environment/path.sh
[0.464s] -- Installing: /home/monster/arduinobot_ws/install/arduinobot_description/share/arduinobot_description/environment/path.dsv
[0.464s] -- Up-to-date: /home/monster/arduinobot_ws/install/arduinobot_description/share/arduinobot_description/local_setup.bash
[0.464s] -- Up-to-date: /home/monster/arduinobot_ws/install/arduinobot_description/share/arduinobot_description/local_setup.sh
[0.464s] -- Up-to-date: /home/monster/arduinobot_ws/install/arduinobot_description/share/arduinobot_description/local_setup.zsh
[0.464s] -- Installing: /home/monster/arduinobot_ws/install/arduinobot_description/share/arduinobot_description/local_setup.dsv
[0.464s] -- Installing: /home/monster/arduinobot_ws/install/arduinobot_description/share/arduinobot_description/package.dsv
[0.465s] -- Up-to-date: /home/monster/arduinobot_ws/install/arduinobot_description/share/ament_index/resource_index/packages/arduinobot_description
[0.465s] -- Up-to-date: /home/monster/arduinobot_ws/install/arduinobot_description/share/arduinobot_description/cmake/arduinobot_descriptionConfig.cmake
[0.465s] -- Up-to-date: /home/monster/arduinobot_ws/install/arduinobot_description/share/arduinobot_description/cmake/arduinobot_descriptionConfig-version.cmake
[0.465s] -- Up-to-date: /home/monster/arduinobot_ws/install/arduinobot_description/share/arduinobot_description/package.xml
[0.467s] Invoked command in '/home/monster/arduinobot_ws/build/arduinobot_description' returned '0': CMAKE_PREFIX_PATH=/opt/ros/humble /usr/bin/cmake --install /home/monster/arduinobot_ws/build/arduinobot_description
