[35m[1mConsolidate compiler generated dependencies of target simple_serial_transmitter[0m
[  0%] Built target ament_cmake_python_copy_arduinobot_firmware
[ 50%] [32mBuilding CXX object CMakeFiles/simple_serial_transmitter.dir/src/simple_serial_transmitter.cpp.o[0m
running egg_info
writing arduinobot_firmware.egg-info/PKG-INFO
writing dependency_links to arduinobot_firmware.egg-info/dependency_links.txt
writing top-level names to arduinobot_firmware.egg-info/top_level.txt
reading manifest file 'arduinobot_firmware.egg-info/SOURCES.txt'
writing manifest file 'arduinobot_firmware.egg-info/SOURCES.txt'
[ 50%] Built target ament_cmake_python_build_arduinobot_firmware_egg
[01m[K/home/monster/arduinobot_ws/src/arduinobot_firmware/src/simple_serial_transmitter.cpp:[m[K In constructor ‘[01m[KSimpleSerialTransmitter::SimpleSerialTransmitter()[m[K’:
[01m[K/home/monster/arduinobot_ws/src/arduinobot_firmware/src/simple_serial_transmitter.cpp:15:22:[m[K [01;31m[Kerror: [m[Kexpected ‘[01m[K;[m[K’ before ‘[01m[Kcreate_subscription[m[K’
   15 |                 sub_ [01;31m[Kcreate_subscription[m[K<std_msgs::msg::String>("serial_transmitter",10,std::bind(&SimpleSerialTransmitter::msgCallback, this, _1));
      |                      [01;31m[K^~~~~~~~~~~~~~~~~~~[m[K
[01m[K/home/monster/arduinobot_ws/src/arduinobot_firmware/src/simple_serial_transmitter.cpp:15:17:[m[K [01;35m[Kwarning: [m[Kstatement has no effect [[01;35m[K]8;;https://gcc.gnu.org/onlinedocs/gcc/Warning-Options.html#index-Wunused-value-Wunused-value]8;;[m[K]
   15 |                 [01;35m[Ksub_[m[K create_subscription<std_msgs::msg::String>("serial_transmitter",10,std::bind(&SimpleSerialTransmitter::msgCallback, this, _1));
      |                 [01;35m[K^~~~[m[K
[01m[K/home/monster/arduinobot_ws/src/arduinobot_firmware/src/simple_serial_transmitter.cpp:18:17:[m[K [01;31m[Kerror: [m[Kexpected ‘[01m[K;[m[K’ before ‘[01m[Karduino_[m[K’
   18 |                 [01;31m[Karduino_[m[K.SetBaudRate(LibSerial::BaudRate::BAUD_115200);
      |                 [01;31m[K^~~~~~~~[m[K
gmake[2]: *** [CMakeFiles/simple_serial_transmitter.dir/build.make:76: CMakeFiles/simple_serial_transmitter.dir/src/simple_serial_transmitter.cpp.o] Error 1
gmake[1]: *** [CMakeFiles/Makefile2:192: CMakeFiles/simple_serial_transmitter.dir/all] Error 2
gmake: *** [Makefile:146: all] Error 2
