[0.018s] Invoking command in '/home/monster/arduinobot_ws/build/arduinobot_cpp_examples': CMAKE_PREFIX_PATH=/opt/ros/humble /usr/bin/cmake /home/monster/arduinobot_ws/src/arduinobot_cpp_examples -DCMAKE_INSTALL_PREFIX=/home/monster/arduinobot_ws/install/arduinobot_cpp_examples
[0.088s] -- The C compiler identification is GNU 11.4.0
[0.174s] -- The CXX compiler identification is GNU 11.4.0
[0.186s] -- Detecting C compiler ABI info
[0.283s] -- Detecting C compiler ABI info - done
[0.289s] -- Check for working C compiler: /usr/bin/cc - skipped
[0.289s] -- Detecting C compile features
[0.290s] -- Detecting C compile features - done
[0.292s] -- Detecting CXX compiler ABI info
[0.391s] -- Detecting CXX compiler ABI info - done
[0.392s] -- Check for working CXX compiler: /usr/bin/c++ - skipped
[0.392s] -- Detecting CXX compile features
[0.392s] -- Detecting CXX compile features - done
[0.398s] -- Found ament_cmake: 1.3.9 (/opt/ros/humble/share/ament_cmake/cmake)
[0.570s] -- Found Python3: /usr/bin/python3 (found version "3.10.12") found components: Interpreter 
[0.670s] -- Found ament_lint_auto: 0.12.11 (/opt/ros/humble/share/ament_lint_auto/cmake)
[0.788s] -- Added test 'lint_cmake' to check CMake code style
[0.790s] -- Added test 'xmllint' to check XML markup files
[0.791s] -- Configuring done
[0.794s] -- Generating done
[0.796s] -- Build files have been written to: /home/monster/arduinobot_ws/build/arduinobot_cpp_examples
[0.801s] Invoked command in '/home/monster/arduinobot_ws/build/arduinobot_cpp_examples' returned '0': CMAKE_PREFIX_PATH=/opt/ros/humble /usr/bin/cmake /home/monster/arduinobot_ws/src/arduinobot_cpp_examples -DCMAKE_INSTALL_PREFIX=/home/monster/arduinobot_ws/install/arduinobot_cpp_examples
[0.802s] Invoking command in '/home/monster/arduinobot_ws/build/arduinobot_cpp_examples': CMAKE_PREFIX_PATH=/opt/ros/humble /usr/bin/cmake --build /home/monster/arduinobot_ws/build/arduinobot_cpp_examples -- -j3 -l3
[0.847s] Invoked command in '/home/monster/arduinobot_ws/build/arduinobot_cpp_examples' returned '0': CMAKE_PREFIX_PATH=/opt/ros/humble /usr/bin/cmake --build /home/monster/arduinobot_ws/build/arduinobot_cpp_examples -- -j3 -l3
[0.871s] Invoking command in '/home/monster/arduinobot_ws/build/arduinobot_cpp_examples': CMAKE_PREFIX_PATH=/opt/ros/humble /usr/bin/cmake --install /home/monster/arduinobot_ws/build/arduinobot_cpp_examples
[0.878s] -- Install configuration: ""
[0.879s] -- Installing: /home/monster/arduinobot_ws/install/arduinobot_cpp_examples/share/ament_index/resource_index/package_run_dependencies/arduinobot_cpp_examples
[0.880s] -- Installing: /home/monster/arduinobot_ws/install/arduinobot_cpp_examples/share/ament_index/resource_index/parent_prefix_path/arduinobot_cpp_examples
[0.880s] -- Installing: /home/monster/arduinobot_ws/install/arduinobot_cpp_examples/share/arduinobot_cpp_examples/environment/ament_prefix_path.sh
[0.880s] -- Installing: /home/monster/arduinobot_ws/install/arduinobot_cpp_examples/share/arduinobot_cpp_examples/environment/ament_prefix_path.dsv
[0.880s] -- Installing: /home/monster/arduinobot_ws/install/arduinobot_cpp_examples/share/arduinobot_cpp_examples/environment/path.sh
[0.881s] -- Installing: /home/monster/arduinobot_ws/install/arduinobot_cpp_examples/share/arduinobot_cpp_examples/environment/path.dsv
[0.881s] -- Installing: /home/monster/arduinobot_ws/install/arduinobot_cpp_examples/share/arduinobot_cpp_examples/local_setup.bash
[0.881s] -- Installing: /home/monster/arduinobot_ws/install/arduinobot_cpp_examples/share/arduinobot_cpp_examples/local_setup.sh
[0.881s] -- Installing: /home/monster/arduinobot_ws/install/arduinobot_cpp_examples/share/arduinobot_cpp_examples/local_setup.zsh
[0.882s] -- Installing: /home/monster/arduinobot_ws/install/arduinobot_cpp_examples/share/arduinobot_cpp_examples/local_setup.dsv
[0.882s] -- Installing: /home/monster/arduinobot_ws/install/arduinobot_cpp_examples/share/arduinobot_cpp_examples/package.dsv
[0.882s] -- Installing: /home/monster/arduinobot_ws/install/arduinobot_cpp_examples/share/ament_index/resource_index/packages/arduinobot_cpp_examples
[0.883s] -- Installing: /home/monster/arduinobot_ws/install/arduinobot_cpp_examples/share/arduinobot_cpp_examples/cmake/arduinobot_cpp_examplesConfig.cmake
[0.883s] -- Installing: /home/monster/arduinobot_ws/install/arduinobot_cpp_examples/share/arduinobot_cpp_examples/cmake/arduinobot_cpp_examplesConfig-version.cmake
[0.883s] -- Installing: /home/monster/arduinobot_ws/install/arduinobot_cpp_examples/share/arduinobot_cpp_examples/package.xml
[0.886s] Invoked command in '/home/monster/arduinobot_ws/build/arduinobot_cpp_examples' returned '0': CMAKE_PREFIX_PATH=/opt/ros/humble /usr/bin/cmake --install /home/monster/arduinobot_ws/build/arduinobot_cpp_examples
