[0.720s] Invoking command in '/home/monster/arduinobot_ws/src/arduinobot_py_examples': PYTHONPATH=/home/monster/arduinobot_ws/build/arduinobot_py_examples/prefix_override:/usr/lib/python3/dist-packages/colcon_core/task/python/colcon_distutils_commands:/home/monster/arduinobot_ws/install/arduinobot_py_examples/lib/python3.10/site-packages:${PYTHONPATH} /usr/bin/python3 -W ignore:setup.py install is deprecated setup.py egg_info --egg-base ../../build/arduinobot_py_examples build --build-base /home/monster/arduinobot_ws/build/arduinobot_py_examples/build install --record /home/monster/arduinobot_ws/build/arduinobot_py_examples/install.log --single-version-externally-managed install_data
[0.934s] running egg_info
[0.935s] writing ../../build/arduinobot_py_examples/arduinobot_py_examples.egg-info/PKG-INFO
[0.935s] writing dependency_links to ../../build/arduinobot_py_examples/arduinobot_py_examples.egg-info/dependency_links.txt
[0.935s] writing entry points to ../../build/arduinobot_py_examples/arduinobot_py_examples.egg-info/entry_points.txt
[0.936s] writing requirements to ../../build/arduinobot_py_examples/arduinobot_py_examples.egg-info/requires.txt
[0.936s] writing top-level names to ../../build/arduinobot_py_examples/arduinobot_py_examples.egg-info/top_level.txt
[0.937s] reading manifest file '../../build/arduinobot_py_examples/arduinobot_py_examples.egg-info/SOURCES.txt'
[0.938s] writing manifest file '../../build/arduinobot_py_examples/arduinobot_py_examples.egg-info/SOURCES.txt'
[0.938s] running build
[0.938s] running build_py
[0.938s] running install
[0.939s] running install_lib
[0.940s] running install_data
[0.940s] running install_egg_info
[0.941s] removing '/home/monster/arduinobot_ws/install/arduinobot_py_examples/lib/python3.10/site-packages/arduinobot_py_examples-0.0.0-py3.10.egg-info' (and everything under it)
[0.941s] Copying ../../build/arduinobot_py_examples/arduinobot_py_examples.egg-info to /home/monster/arduinobot_ws/install/arduinobot_py_examples/lib/python3.10/site-packages/arduinobot_py_examples-0.0.0-py3.10.egg-info
[0.942s] running install_scripts
[0.961s] Installing simple_parameter script to /home/monster/arduinobot_ws/install/arduinobot_py_examples/lib/arduinobot_py_examples
[0.961s] Installing simple_publisher script to /home/monster/arduinobot_ws/install/arduinobot_py_examples/lib/arduinobot_py_examples
[0.961s] Installing simple_subscriber script to /home/monster/arduinobot_ws/install/arduinobot_py_examples/lib/arduinobot_py_examples
[0.962s] writing list of installed files to '/home/monster/arduinobot_ws/build/arduinobot_py_examples/install.log'
[0.994s] Invoked command in '/home/monster/arduinobot_ws/src/arduinobot_py_examples' returned '0': PYTHONPATH=/home/monster/arduinobot_ws/build/arduinobot_py_examples/prefix_override:/usr/lib/python3/dist-packages/colcon_core/task/python/colcon_distutils_commands:/home/monster/arduinobot_ws/install/arduinobot_py_examples/lib/python3.10/site-packages:${PYTHONPATH} /usr/bin/python3 -W ignore:setup.py install is deprecated setup.py egg_info --egg-base ../../build/arduinobot_py_examples build --build-base /home/monster/arduinobot_ws/build/arduinobot_py_examples/build install --record /home/monster/arduinobot_ws/build/arduinobot_py_examples/install.log --single-version-externally-managed install_data
