[0.011s] Invoking command in '/home/monster/arduinobot_ws/src/build/aruinobot_description': CMAKE_PREFIX_PATH=${CMAKE_PREFIX_PATH}:/home/monster/arduinobot_ws/install/arduinobot_py_examples:/opt/ros/humble /usr/bin/cmake /home/monster/arduinobot_ws/src/aruinobot_description -DCMAKE_INSTALL_PREFIX=/home/monster/arduinobot_ws/src/install/aruinobot_description
[0.108s] -- The C compiler identification is GNU 11.4.0
[0.170s] -- The CXX compiler identification is GNU 11.4.0
[0.179s] -- Detecting C compiler ABI info
[0.273s] -- Detecting C compiler ABI info - done
[0.280s] -- Check for working C compiler: /usr/bin/cc - skipped
[0.281s] -- Detecting C compile features
[0.282s] -- Detecting C compile features - done
[0.285s] -- Detecting CXX compiler ABI info
[0.375s] -- Detecting CXX compiler ABI info - done
[0.383s] -- Check for working CXX compiler: /usr/bin/c++ - skipped
[0.383s] -- Detecting CXX compile features
[0.383s] -- Detecting CXX compile features - done
[0.391s] -- Found ament_cmake: 1.3.9 (/opt/ros/humble/share/ament_cmake/cmake)
[0.555s] -- Found Python3: /usr/bin/python3 (found version "3.10.12") found components: Interpreter 
[0.644s] -- Found ament_lint_auto: 0.12.11 (/opt/ros/humble/share/ament_lint_auto/cmake)
[0.724s] -- Added test 'lint_cmake' to check CMake code style
[0.725s] -- Added test 'xmllint' to check XML markup files
[0.728s] -- Configuring done
[0.732s] -- Generating done
[0.734s] -- Build files have been written to: /home/monster/arduinobot_ws/src/build/aruinobot_description
[0.740s] Invoked command in '/home/monster/arduinobot_ws/src/build/aruinobot_description' returned '0': CMAKE_PREFIX_PATH=${CMAKE_PREFIX_PATH}:/home/monster/arduinobot_ws/install/arduinobot_py_examples:/opt/ros/humble /usr/bin/cmake /home/monster/arduinobot_ws/src/aruinobot_description -DCMAKE_INSTALL_PREFIX=/home/monster/arduinobot_ws/src/install/aruinobot_description
[0.741s] Invoking command in '/home/monster/arduinobot_ws/src/build/aruinobot_description': CMAKE_PREFIX_PATH=${CMAKE_PREFIX_PATH}:/home/monster/arduinobot_ws/install/arduinobot_py_examples:/opt/ros/humble /usr/bin/cmake --build /home/monster/arduinobot_ws/src/build/aruinobot_description -- -j3 -l3
[0.781s] Invoked command in '/home/monster/arduinobot_ws/src/build/aruinobot_description' returned '0': CMAKE_PREFIX_PATH=${CMAKE_PREFIX_PATH}:/home/monster/arduinobot_ws/install/arduinobot_py_examples:/opt/ros/humble /usr/bin/cmake --build /home/monster/arduinobot_ws/src/build/aruinobot_description -- -j3 -l3
[0.807s] Invoking command in '/home/monster/arduinobot_ws/src/build/aruinobot_description': CMAKE_PREFIX_PATH=${CMAKE_PREFIX_PATH}:/home/monster/arduinobot_ws/install/arduinobot_py_examples:/opt/ros/humble /usr/bin/cmake --install /home/monster/arduinobot_ws/src/build/aruinobot_description
[0.818s] -- Install configuration: ""
[0.819s] -- Installing: /home/monster/arduinobot_ws/src/install/aruinobot_description/share/ament_index/resource_index/package_run_dependencies/aruinobot_description
[0.819s] -- Installing: /home/monster/arduinobot_ws/src/install/aruinobot_description/share/ament_index/resource_index/parent_prefix_path/aruinobot_description
[0.819s] -- Installing: /home/monster/arduinobot_ws/src/install/aruinobot_description/share/aruinobot_description/environment/ament_prefix_path.sh
[0.820s] -- Installing: /home/monster/arduinobot_ws/src/install/aruinobot_description/share/aruinobot_description/environment/ament_prefix_path.dsv
[0.820s] -- Installing: /home/monster/arduinobot_ws/src/install/aruinobot_description/share/aruinobot_description/environment/path.sh
[0.820s] -- Installing: /home/monster/arduinobot_ws/src/install/aruinobot_description/share/aruinobot_description/environment/path.dsv
[0.821s] -- Installing: /home/monster/arduinobot_ws/src/install/aruinobot_description/share/aruinobot_description/local_setup.bash
[0.821s] -- Installing: /home/monster/arduinobot_ws/src/install/aruinobot_description/share/aruinobot_description/local_setup.sh
[0.822s] -- Installing: /home/monster/arduinobot_ws/src/install/aruinobot_description/share/aruinobot_description/local_setup.zsh
[0.822s] -- Installing: /home/monster/arduinobot_ws/src/install/aruinobot_description/share/aruinobot_description/local_setup.dsv
[0.822s] -- Installing: /home/monster/arduinobot_ws/src/install/aruinobot_description/share/aruinobot_description/package.dsv
[0.822s] -- Installing: /home/monster/arduinobot_ws/src/install/aruinobot_description/share/ament_index/resource_index/packages/aruinobot_description
[0.823s] -- Installing: /home/monster/arduinobot_ws/src/install/aruinobot_description/share/aruinobot_description/cmake/aruinobot_descriptionConfig.cmake
[0.823s] -- Installing: /home/monster/arduinobot_ws/src/install/aruinobot_description/share/aruinobot_description/cmake/aruinobot_descriptionConfig-version.cmake
[0.823s] -- Installing: /home/monster/arduinobot_ws/src/install/aruinobot_description/share/aruinobot_description/package.xml
[0.829s] Invoked command in '/home/monster/arduinobot_ws/src/build/aruinobot_description' returned '0': CMAKE_PREFIX_PATH=${CMAKE_PREFIX_PATH}:/home/monster/arduinobot_ws/install/arduinobot_py_examples:/opt/ros/humble /usr/bin/cmake --install /home/monster/arduinobot_ws/src/build/aruinobot_description
