[0.009s] Invoking command in '/home/monster/arduinobot_ws/src/build/aruinobot_description': CMAKE_PREFIX_PATH=/opt/ros/humble /usr/bin/cmake --build /home/monster/arduinobot_ws/src/build/aruinobot_description -- -j3 -l3
[0.087s] Invoked command in '/home/monster/arduinobot_ws/src/build/aruinobot_description' returned '0': CMAKE_PREFIX_PATH=/opt/ros/humble /usr/bin/cmake --build /home/monster/arduinobot_ws/src/build/aruinobot_description -- -j3 -l3
[0.112s] Invoking command in '/home/monster/arduinobot_ws/src/build/aruinobot_description': CMAKE_PREFIX_PATH=/opt/ros/humble /usr/bin/cmake --install /home/monster/arduinobot_ws/src/build/aruinobot_description
[0.122s] -- Install configuration: ""
[0.123s] -- Up-to-date: /home/monster/arduinobot_ws/src/install/aruinobot_description/share/ament_index/resource_index/package_run_dependencies/aruinobot_description
[0.123s] -- Up-to-date: /home/monster/arduinobot_ws/src/install/aruinobot_description/share/ament_index/resource_index/parent_prefix_path/aruinobot_description
[0.124s] -- Up-to-date: /home/monster/arduinobot_ws/src/install/aruinobot_description/share/aruinobot_description/environment/ament_prefix_path.sh
[0.124s] -- Up-to-date: /home/monster/arduinobot_ws/src/install/aruinobot_description/share/aruinobot_description/environment/ament_prefix_path.dsv
[0.124s] -- Up-to-date: /home/monster/arduinobot_ws/src/install/aruinobot_description/share/aruinobot_description/environment/path.sh
[0.124s] -- Up-to-date: /home/monster/arduinobot_ws/src/install/aruinobot_description/share/aruinobot_description/environment/path.dsv
[0.124s] -- Up-to-date: /home/monster/arduinobot_ws/src/install/aruinobot_description/share/aruinobot_description/local_setup.bash
[0.124s] -- Up-to-date: /home/monster/arduinobot_ws/src/install/aruinobot_description/share/aruinobot_description/local_setup.sh
[0.124s] -- Up-to-date: /home/monster/arduinobot_ws/src/install/aruinobot_description/share/aruinobot_description/local_setup.zsh
[0.125s] -- Up-to-date: /home/monster/arduinobot_ws/src/install/aruinobot_description/share/aruinobot_description/local_setup.dsv
[0.125s] -- Up-to-date: /home/monster/arduinobot_ws/src/install/aruinobot_description/share/aruinobot_description/package.dsv
[0.125s] -- Up-to-date: /home/monster/arduinobot_ws/src/install/aruinobot_description/share/ament_index/resource_index/packages/aruinobot_description
[0.125s] -- Up-to-date: /home/monster/arduinobot_ws/src/install/aruinobot_description/share/aruinobot_description/cmake/aruinobot_descriptionConfig.cmake
[0.125s] -- Up-to-date: /home/monster/arduinobot_ws/src/install/aruinobot_description/share/aruinobot_description/cmake/aruinobot_descriptionConfig-version.cmake
[0.125s] -- Up-to-date: /home/monster/arduinobot_ws/src/install/aruinobot_description/share/aruinobot_description/package.xml
[0.127s] Invoked command in '/home/monster/arduinobot_ws/src/build/aruinobot_description' returned '0': CMAKE_PREFIX_PATH=/opt/ros/humble /usr/bin/cmake --install /home/monster/arduinobot_ws/src/build/aruinobot_description
