[0.326s] DEBUG:colcon:Command line arguments: ['/usr/bin/colcon', 'build']
[0.326s] DEBUG:colcon:Parsed command line arguments: Namespace(log_base=None, log_level=None, verb_name='build', build_base='build', install_base='install', merge_install=False, symlink_install=False, test_result_base=None, continue_on_error=False, executor='parallel', parallel_workers=6, event_handlers=None, ignore_user_meta=False, metas=['./colcon.meta'], base_paths=['.'], packages_ignore=None, packages_ignore_regex=None, paths=None, packages_up_to=None, packages_up_to_regex=None, packages_above=None, packages_above_and_dependencies=None, packages_above_depth=None, packages_select_by_dep=None, packages_skip_by_dep=None, packages_skip_up_to=None, packages_select_build_failed=False, packages_skip_build_finished=False, packages_select_test_failures=False, packages_skip_test_passed=False, packages_select=None, packages_skip=None, packages_select_regex=None, packages_skip_regex=None, packages_start=None, packages_end=None, allow_overriding=[], cmake_args=None, cmake_target=None, cmake_target_skip_unavailable=False, cmake_clean_cache=False, cmake_clean_first=False, cmake_force_configure=False, ament_cmake_args=None, catkin_cmake_args=None, catkin_skip_building_tests=False, mixin_files=None, mixin=None, verb_parser=<colcon_mixin.mixin.mixin_argument.MixinArgumentDecorator object at 0x70e79b4499c0>, verb_extension=<colcon_core.verb.build.BuildVerb object at 0x70e79b448fa0>, main=<bound method BuildVerb.main of <colcon_core.verb.build.BuildVerb object at 0x70e79b448fa0>>, mixin_verb=('build',))
[0.729s] Level 1:colcon.colcon_core.package_discovery:discover_packages(colcon_meta) check parameters
[0.729s] Level 1:colcon.colcon_core.package_discovery:discover_packages(recursive) check parameters
[0.729s] Level 1:colcon.colcon_core.package_discovery:discover_packages(ignore) check parameters
[0.729s] Level 1:colcon.colcon_core.package_discovery:discover_packages(path) check parameters
[0.729s] Level 1:colcon.colcon_core.package_discovery:discover_packages(colcon_meta) discover
[0.729s] Level 1:colcon.colcon_core.package_discovery:discover_packages(recursive) discover
[0.729s] INFO:colcon.colcon_core.package_discovery:Crawling recursively for packages in '/home/monster/arduinobot_ws'
[0.730s] Level 1:colcon.colcon_core.package_identification:_identify(.) by extensions ['ignore', 'ignore_ament_install']
[0.730s] Level 1:colcon.colcon_core.package_identification:_identify(.) by extension 'ignore'
[0.730s] Level 1:colcon.colcon_core.package_identification:_identify(.) by extension 'ignore_ament_install'
[0.730s] Level 1:colcon.colcon_core.package_identification:_identify(.) by extensions ['colcon_pkg']
[0.730s] Level 1:colcon.colcon_core.package_identification:_identify(.) by extension 'colcon_pkg'
[0.730s] Level 1:colcon.colcon_core.package_identification:_identify(.) by extensions ['colcon_meta']
[0.730s] Level 1:colcon.colcon_core.package_identification:_identify(.) by extension 'colcon_meta'
[0.730s] Level 1:colcon.colcon_core.package_identification:_identify(.) by extensions ['ros']
[0.730s] Level 1:colcon.colcon_core.package_identification:_identify(.) by extension 'ros'
[0.742s] Level 1:colcon.colcon_core.package_identification:_identify(.) by extensions ['cmake', 'python']
[0.742s] Level 1:colcon.colcon_core.package_identification:_identify(.) by extension 'cmake'
[0.742s] Level 1:colcon.colcon_core.package_identification:_identify(.) by extension 'python'
[0.742s] Level 1:colcon.colcon_core.package_identification:_identify(.) by extensions ['python_setup_py']
[0.742s] Level 1:colcon.colcon_core.package_identification:_identify(.) by extension 'python_setup_py'
[0.742s] Level 1:colcon.colcon_core.package_identification:_identify(build) by extensions ['ignore', 'ignore_ament_install']
[0.742s] Level 1:colcon.colcon_core.package_identification:_identify(build) by extension 'ignore'
[0.742s] Level 1:colcon.colcon_core.package_identification:_identify(build) ignored
[0.742s] Level 1:colcon.colcon_core.package_identification:_identify(install) by extensions ['ignore', 'ignore_ament_install']
[0.742s] Level 1:colcon.colcon_core.package_identification:_identify(install) by extension 'ignore'
[0.742s] Level 1:colcon.colcon_core.package_identification:_identify(install) ignored
[0.743s] Level 1:colcon.colcon_core.package_identification:_identify(log) by extensions ['ignore', 'ignore_ament_install']
[0.743s] Level 1:colcon.colcon_core.package_identification:_identify(log) by extension 'ignore'
[0.743s] Level 1:colcon.colcon_core.package_identification:_identify(log) ignored
[0.743s] Level 1:colcon.colcon_core.package_identification:_identify(src) by extensions ['ignore', 'ignore_ament_install']
[0.743s] Level 1:colcon.colcon_core.package_identification:_identify(src) by extension 'ignore'
[0.743s] Level 1:colcon.colcon_core.package_identification:_identify(src) by extension 'ignore_ament_install'
[0.743s] Level 1:colcon.colcon_core.package_identification:_identify(src) by extensions ['colcon_pkg']
[0.743s] Level 1:colcon.colcon_core.package_identification:_identify(src) by extension 'colcon_pkg'
[0.743s] Level 1:colcon.colcon_core.package_identification:_identify(src) by extensions ['colcon_meta']
[0.743s] Level 1:colcon.colcon_core.package_identification:_identify(src) by extension 'colcon_meta'
[0.743s] Level 1:colcon.colcon_core.package_identification:_identify(src) by extensions ['ros']
[0.743s] Level 1:colcon.colcon_core.package_identification:_identify(src) by extension 'ros'
[0.743s] Level 1:colcon.colcon_core.package_identification:_identify(src) by extensions ['cmake', 'python']
[0.743s] Level 1:colcon.colcon_core.package_identification:_identify(src) by extension 'cmake'
[0.744s] Level 1:colcon.colcon_core.package_identification:_identify(src) by extension 'python'
[0.744s] Level 1:colcon.colcon_core.package_identification:_identify(src) by extensions ['python_setup_py']
[0.744s] Level 1:colcon.colcon_core.package_identification:_identify(src) by extension 'python_setup_py'
[0.744s] Level 1:colcon.colcon_core.package_identification:_identify(src/arduinobot_cpp_examples) by extensions ['ignore', 'ignore_ament_install']
[0.744s] Level 1:colcon.colcon_core.package_identification:_identify(src/arduinobot_cpp_examples) by extension 'ignore'
[0.744s] Level 1:colcon.colcon_core.package_identification:_identify(src/arduinobot_cpp_examples) by extension 'ignore_ament_install'
[0.744s] Level 1:colcon.colcon_core.package_identification:_identify(src/arduinobot_cpp_examples) by extensions ['colcon_pkg']
[0.744s] Level 1:colcon.colcon_core.package_identification:_identify(src/arduinobot_cpp_examples) by extension 'colcon_pkg'
[0.744s] Level 1:colcon.colcon_core.package_identification:_identify(src/arduinobot_cpp_examples) by extensions ['colcon_meta']
[0.744s] Level 1:colcon.colcon_core.package_identification:_identify(src/arduinobot_cpp_examples) by extension 'colcon_meta'
[0.744s] Level 1:colcon.colcon_core.package_identification:_identify(src/arduinobot_cpp_examples) by extensions ['ros']
[0.744s] Level 1:colcon.colcon_core.package_identification:_identify(src/arduinobot_cpp_examples) by extension 'ros'
[0.747s] DEBUG:colcon.colcon_core.package_identification:Package 'src/arduinobot_cpp_examples' with type 'ros.ament_cmake' and name 'arduinobot_cpp_examples'
[0.748s] Level 1:colcon.colcon_core.package_identification:_identify(src/arduinobot_description) by extensions ['ignore', 'ignore_ament_install']
[0.748s] Level 1:colcon.colcon_core.package_identification:_identify(src/arduinobot_description) by extension 'ignore'
[0.748s] Level 1:colcon.colcon_core.package_identification:_identify(src/arduinobot_description) by extension 'ignore_ament_install'
[0.748s] Level 1:colcon.colcon_core.package_identification:_identify(src/arduinobot_description) by extensions ['colcon_pkg']
[0.748s] Level 1:colcon.colcon_core.package_identification:_identify(src/arduinobot_description) by extension 'colcon_pkg'
[0.748s] Level 1:colcon.colcon_core.package_identification:_identify(src/arduinobot_description) by extensions ['colcon_meta']
[0.748s] Level 1:colcon.colcon_core.package_identification:_identify(src/arduinobot_description) by extension 'colcon_meta'
[0.748s] Level 1:colcon.colcon_core.package_identification:_identify(src/arduinobot_description) by extensions ['ros']
[0.748s] Level 1:colcon.colcon_core.package_identification:_identify(src/arduinobot_description) by extension 'ros'
[0.749s] DEBUG:colcon.colcon_core.package_identification:Package 'src/arduinobot_description' with type 'ros.ament_cmake' and name 'arduinobot_description'
[0.749s] Level 1:colcon.colcon_core.package_identification:_identify(src/arduinobot_firmware) by extensions ['ignore', 'ignore_ament_install']
[0.749s] Level 1:colcon.colcon_core.package_identification:_identify(src/arduinobot_firmware) by extension 'ignore'
[0.749s] Level 1:colcon.colcon_core.package_identification:_identify(src/arduinobot_firmware) by extension 'ignore_ament_install'
[0.749s] Level 1:colcon.colcon_core.package_identification:_identify(src/arduinobot_firmware) by extensions ['colcon_pkg']
[0.749s] Level 1:colcon.colcon_core.package_identification:_identify(src/arduinobot_firmware) by extension 'colcon_pkg'
[0.750s] Level 1:colcon.colcon_core.package_identification:_identify(src/arduinobot_firmware) by extensions ['colcon_meta']
[0.750s] Level 1:colcon.colcon_core.package_identification:_identify(src/arduinobot_firmware) by extension 'colcon_meta'
[0.750s] Level 1:colcon.colcon_core.package_identification:_identify(src/arduinobot_firmware) by extensions ['ros']
[0.750s] Level 1:colcon.colcon_core.package_identification:_identify(src/arduinobot_firmware) by extension 'ros'
[0.751s] DEBUG:colcon.colcon_core.package_identification:Package 'src/arduinobot_firmware' with type 'ros.ament_cmake' and name 'arduinobot_firmware'
[0.751s] Level 1:colcon.colcon_core.package_identification:_identify(src/arduinobot_py_examples) by extensions ['ignore', 'ignore_ament_install']
[0.751s] Level 1:colcon.colcon_core.package_identification:_identify(src/arduinobot_py_examples) by extension 'ignore'
[0.751s] Level 1:colcon.colcon_core.package_identification:_identify(src/arduinobot_py_examples) by extension 'ignore_ament_install'
[0.751s] Level 1:colcon.colcon_core.package_identification:_identify(src/arduinobot_py_examples) by extensions ['colcon_pkg']
[0.751s] Level 1:colcon.colcon_core.package_identification:_identify(src/arduinobot_py_examples) by extension 'colcon_pkg'
[0.751s] Level 1:colcon.colcon_core.package_identification:_identify(src/arduinobot_py_examples) by extensions ['colcon_meta']
[0.751s] Level 1:colcon.colcon_core.package_identification:_identify(src/arduinobot_py_examples) by extension 'colcon_meta'
[0.751s] Level 1:colcon.colcon_core.package_identification:_identify(src/arduinobot_py_examples) by extensions ['ros']
[0.751s] Level 1:colcon.colcon_core.package_identification:_identify(src/arduinobot_py_examples) by extension 'ros'
[0.752s] DEBUG:colcon.colcon_core.package_identification:Package 'src/arduinobot_py_examples' with type 'ros.ament_python' and name 'arduinobot_py_examples'
[0.752s] Level 1:colcon.colcon_core.package_identification:_identify(src/build) by extensions ['ignore', 'ignore_ament_install']
[0.752s] Level 1:colcon.colcon_core.package_identification:_identify(src/build) by extension 'ignore'
[0.752s] Level 1:colcon.colcon_core.package_identification:_identify(src/build) ignored
[0.753s] Level 1:colcon.colcon_core.package_identification:_identify(src/install) by extensions ['ignore', 'ignore_ament_install']
[0.753s] Level 1:colcon.colcon_core.package_identification:_identify(src/install) by extension 'ignore'
[0.753s] Level 1:colcon.colcon_core.package_identification:_identify(src/install) ignored
[0.754s] Level 1:colcon.colcon_core.package_identification:_identify(src/log) by extensions ['ignore', 'ignore_ament_install']
[0.754s] Level 1:colcon.colcon_core.package_identification:_identify(src/log) by extension 'ignore'
[0.754s] Level 1:colcon.colcon_core.package_identification:_identify(src/log) ignored
[0.754s] Level 1:colcon.colcon_core.package_discovery:discover_packages(recursive) using defaults
[0.754s] Level 1:colcon.colcon_core.package_discovery:discover_packages(ignore) discover
[0.754s] Level 1:colcon.colcon_core.package_discovery:discover_packages(ignore) using defaults
[0.754s] Level 1:colcon.colcon_core.package_discovery:discover_packages(path) discover
[0.754s] Level 1:colcon.colcon_core.package_discovery:discover_packages(path) using defaults
[0.782s] Level 1:colcon.colcon_core.package_discovery:discover_packages(prefix_path) check parameters
[0.782s] Level 1:colcon.colcon_core.package_discovery:discover_packages(prefix_path) discover
[0.786s] DEBUG:colcon.colcon_installed_package_information.package_discovery:Found 284 installed packages in /opt/ros/humble
[0.795s] Level 1:colcon.colcon_core.package_discovery:discover_packages(prefix_path) using defaults
[0.828s] Level 5:colcon.colcon_core.verb:set package 'arduinobot_cpp_examples' build argument 'cmake_args' from command line to 'None'
[0.829s] Level 5:colcon.colcon_core.verb:set package 'arduinobot_cpp_examples' build argument 'cmake_target' from command line to 'None'
[0.829s] Level 5:colcon.colcon_core.verb:set package 'arduinobot_cpp_examples' build argument 'cmake_target_skip_unavailable' from command line to 'False'
[0.829s] Level 5:colcon.colcon_core.verb:set package 'arduinobot_cpp_examples' build argument 'cmake_clean_cache' from command line to 'False'
[0.829s] Level 5:colcon.colcon_core.verb:set package 'arduinobot_cpp_examples' build argument 'cmake_clean_first' from command line to 'False'
[0.829s] Level 5:colcon.colcon_core.verb:set package 'arduinobot_cpp_examples' build argument 'cmake_force_configure' from command line to 'False'
[0.829s] Level 5:colcon.colcon_core.verb:set package 'arduinobot_cpp_examples' build argument 'ament_cmake_args' from command line to 'None'
[0.829s] Level 5:colcon.colcon_core.verb:set package 'arduinobot_cpp_examples' build argument 'catkin_cmake_args' from command line to 'None'
[0.829s] Level 5:colcon.colcon_core.verb:set package 'arduinobot_cpp_examples' build argument 'catkin_skip_building_tests' from command line to 'False'
[0.829s] DEBUG:colcon.colcon_core.verb:Building package 'arduinobot_cpp_examples' with the following arguments: {'ament_cmake_args': None, 'build_base': '/home/monster/arduinobot_ws/build/arduinobot_cpp_examples', 'catkin_cmake_args': None, 'catkin_skip_building_tests': False, 'cmake_args': None, 'cmake_clean_cache': False, 'cmake_clean_first': False, 'cmake_force_configure': False, 'cmake_target': None, 'cmake_target_skip_unavailable': False, 'install_base': '/home/monster/arduinobot_ws/install/arduinobot_cpp_examples', 'merge_install': False, 'path': '/home/monster/arduinobot_ws/src/arduinobot_cpp_examples', 'symlink_install': False, 'test_result_base': None}
[0.829s] Level 5:colcon.colcon_core.verb:set package 'arduinobot_description' build argument 'cmake_args' from command line to 'None'
[0.829s] Level 5:colcon.colcon_core.verb:set package 'arduinobot_description' build argument 'cmake_target' from command line to 'None'
[0.829s] Level 5:colcon.colcon_core.verb:set package 'arduinobot_description' build argument 'cmake_target_skip_unavailable' from command line to 'False'
[0.829s] Level 5:colcon.colcon_core.verb:set package 'arduinobot_description' build argument 'cmake_clean_cache' from command line to 'False'
[0.829s] Level 5:colcon.colcon_core.verb:set package 'arduinobot_description' build argument 'cmake_clean_first' from command line to 'False'
[0.829s] Level 5:colcon.colcon_core.verb:set package 'arduinobot_description' build argument 'cmake_force_configure' from command line to 'False'
[0.829s] Level 5:colcon.colcon_core.verb:set package 'arduinobot_description' build argument 'ament_cmake_args' from command line to 'None'
[0.829s] Level 5:colcon.colcon_core.verb:set package 'arduinobot_description' build argument 'catkin_cmake_args' from command line to 'None'
[0.829s] Level 5:colcon.colcon_core.verb:set package 'arduinobot_description' build argument 'catkin_skip_building_tests' from command line to 'False'
[0.829s] DEBUG:colcon.colcon_core.verb:Building package 'arduinobot_description' with the following arguments: {'ament_cmake_args': None, 'build_base': '/home/monster/arduinobot_ws/build/arduinobot_description', 'catkin_cmake_args': None, 'catkin_skip_building_tests': False, 'cmake_args': None, 'cmake_clean_cache': False, 'cmake_clean_first': False, 'cmake_force_configure': False, 'cmake_target': None, 'cmake_target_skip_unavailable': False, 'install_base': '/home/monster/arduinobot_ws/install/arduinobot_description', 'merge_install': False, 'path': '/home/monster/arduinobot_ws/src/arduinobot_description', 'symlink_install': False, 'test_result_base': None}
[0.830s] Level 5:colcon.colcon_core.verb:set package 'arduinobot_firmware' build argument 'cmake_args' from command line to 'None'
[0.830s] Level 5:colcon.colcon_core.verb:set package 'arduinobot_firmware' build argument 'cmake_target' from command line to 'None'
[0.830s] Level 5:colcon.colcon_core.verb:set package 'arduinobot_firmware' build argument 'cmake_target_skip_unavailable' from command line to 'False'
[0.830s] Level 5:colcon.colcon_core.verb:set package 'arduinobot_firmware' build argument 'cmake_clean_cache' from command line to 'False'
[0.830s] Level 5:colcon.colcon_core.verb:set package 'arduinobot_firmware' build argument 'cmake_clean_first' from command line to 'False'
[0.830s] Level 5:colcon.colcon_core.verb:set package 'arduinobot_firmware' build argument 'cmake_force_configure' from command line to 'False'
[0.830s] Level 5:colcon.colcon_core.verb:set package 'arduinobot_firmware' build argument 'ament_cmake_args' from command line to 'None'
[0.830s] Level 5:colcon.colcon_core.verb:set package 'arduinobot_firmware' build argument 'catkin_cmake_args' from command line to 'None'
[0.830s] Level 5:colcon.colcon_core.verb:set package 'arduinobot_firmware' build argument 'catkin_skip_building_tests' from command line to 'False'
[0.830s] DEBUG:colcon.colcon_core.verb:Building package 'arduinobot_firmware' with the following arguments: {'ament_cmake_args': None, 'build_base': '/home/monster/arduinobot_ws/build/arduinobot_firmware', 'catkin_cmake_args': None, 'catkin_skip_building_tests': False, 'cmake_args': None, 'cmake_clean_cache': False, 'cmake_clean_first': False, 'cmake_force_configure': False, 'cmake_target': None, 'cmake_target_skip_unavailable': False, 'install_base': '/home/monster/arduinobot_ws/install/arduinobot_firmware', 'merge_install': False, 'path': '/home/monster/arduinobot_ws/src/arduinobot_firmware', 'symlink_install': False, 'test_result_base': None}
[0.830s] Level 5:colcon.colcon_core.verb:set package 'arduinobot_py_examples' build argument 'cmake_args' from command line to 'None'
[0.830s] Level 5:colcon.colcon_core.verb:set package 'arduinobot_py_examples' build argument 'cmake_target' from command line to 'None'
[0.830s] Level 5:colcon.colcon_core.verb:set package 'arduinobot_py_examples' build argument 'cmake_target_skip_unavailable' from command line to 'False'
[0.830s] Level 5:colcon.colcon_core.verb:set package 'arduinobot_py_examples' build argument 'cmake_clean_cache' from command line to 'False'
[0.830s] Level 5:colcon.colcon_core.verb:set package 'arduinobot_py_examples' build argument 'cmake_clean_first' from command line to 'False'
[0.830s] Level 5:colcon.colcon_core.verb:set package 'arduinobot_py_examples' build argument 'cmake_force_configure' from command line to 'False'
[0.830s] Level 5:colcon.colcon_core.verb:set package 'arduinobot_py_examples' build argument 'ament_cmake_args' from command line to 'None'
[0.830s] Level 5:colcon.colcon_core.verb:set package 'arduinobot_py_examples' build argument 'catkin_cmake_args' from command line to 'None'
[0.830s] Level 5:colcon.colcon_core.verb:set package 'arduinobot_py_examples' build argument 'catkin_skip_building_tests' from command line to 'False'
[0.830s] DEBUG:colcon.colcon_core.verb:Building package 'arduinobot_py_examples' with the following arguments: {'ament_cmake_args': None, 'build_base': '/home/monster/arduinobot_ws/build/arduinobot_py_examples', 'catkin_cmake_args': None, 'catkin_skip_building_tests': False, 'cmake_args': None, 'cmake_clean_cache': False, 'cmake_clean_first': False, 'cmake_force_configure': False, 'cmake_target': None, 'cmake_target_skip_unavailable': False, 'install_base': '/home/monster/arduinobot_ws/install/arduinobot_py_examples', 'merge_install': False, 'path': '/home/monster/arduinobot_ws/src/arduinobot_py_examples', 'symlink_install': False, 'test_result_base': None}
[0.830s] INFO:colcon.colcon_core.executor:Executing jobs using 'parallel' executor
[0.831s] DEBUG:colcon.colcon_parallel_executor.executor.parallel:run_until_complete
[0.831s] INFO:colcon.colcon_ros.task.ament_cmake.build:Building ROS package in '/home/monster/arduinobot_ws/src/arduinobot_cpp_examples' with build type 'ament_cmake'
[0.831s] INFO:colcon.colcon_cmake.task.cmake.build:Building CMake package in '/home/monster/arduinobot_ws/src/arduinobot_cpp_examples'
[0.837s] INFO:colcon.colcon_core.plugin_system:Skipping extension 'colcon_core.shell.bat': Not used on non-Windows systems
[0.838s] INFO:colcon.colcon_core.shell:Skip shell extension 'powershell' for command environment: Not usable outside of PowerShell
[0.838s] DEBUG:colcon.colcon_core.shell:Skip shell extension 'dsv' for command environment
[0.841s] INFO:colcon.colcon_ros.task.ament_cmake.build:Building ROS package in '/home/monster/arduinobot_ws/src/arduinobot_description' with build type 'ament_cmake'
[0.841s] INFO:colcon.colcon_cmake.task.cmake.build:Building CMake package in '/home/monster/arduinobot_ws/src/arduinobot_description'
[0.841s] INFO:colcon.colcon_core.shell:Skip shell extension 'powershell' for command environment: Not usable outside of PowerShell
[0.841s] DEBUG:colcon.colcon_core.shell:Skip shell extension 'dsv' for command environment
[0.844s] INFO:colcon.colcon_ros.task.ament_cmake.build:Building ROS package in '/home/monster/arduinobot_ws/src/arduinobot_firmware' with build type 'ament_cmake'
[0.844s] INFO:colcon.colcon_cmake.task.cmake.build:Building CMake package in '/home/monster/arduinobot_ws/src/arduinobot_firmware'
[0.845s] INFO:colcon.colcon_core.shell:Skip shell extension 'powershell' for command environment: Not usable outside of PowerShell
[0.845s] DEBUG:colcon.colcon_core.shell:Skip shell extension 'dsv' for command environment
[0.848s] INFO:colcon.colcon_ros.task.ament_python.build:Building ROS package in '/home/monster/arduinobot_ws/src/arduinobot_py_examples' with build type 'ament_python'
[0.848s] Level 1:colcon.colcon_core.shell:create_environment_hook('arduinobot_py_examples', 'ament_prefix_path')
[0.849s] INFO:colcon.colcon_core.shell:Creating environment hook '/home/monster/arduinobot_ws/install/arduinobot_py_examples/share/arduinobot_py_examples/hook/ament_prefix_path.ps1'
[0.851s] INFO:colcon.colcon_core.shell:Creating environment descriptor '/home/monster/arduinobot_ws/install/arduinobot_py_examples/share/arduinobot_py_examples/hook/ament_prefix_path.dsv'
[0.852s] INFO:colcon.colcon_core.shell:Creating environment hook '/home/monster/arduinobot_ws/install/arduinobot_py_examples/share/arduinobot_py_examples/hook/ament_prefix_path.sh'
[0.853s] INFO:colcon.colcon_core.shell:Skip shell extension 'powershell' for command environment: Not usable outside of PowerShell
[0.853s] DEBUG:colcon.colcon_core.shell:Skip shell extension 'dsv' for command environment
[0.861s] DEBUG:colcon.colcon_core.event_handler.log_command:Invoking command in '/home/monster/arduinobot_ws/build/arduinobot_cpp_examples': CMAKE_PREFIX_PATH=/opt/ros/humble /usr/bin/cmake --build /home/monster/arduinobot_ws/build/arduinobot_cpp_examples -- -j6 -l6
[0.868s] DEBUG:colcon.colcon_core.event_handler.log_command:Invoking command in '/home/monster/arduinobot_ws/build/arduinobot_description': CMAKE_PREFIX_PATH=/opt/ros/humble /usr/bin/cmake --build /home/monster/arduinobot_ws/build/arduinobot_description -- -j6 -l6
[0.871s] DEBUG:colcon.colcon_core.event_handler.log_command:Invoking command in '/home/monster/arduinobot_ws/build/arduinobot_firmware': CMAKE_PREFIX_PATH=/opt/ros/humble /usr/bin/cmake --build /home/monster/arduinobot_ws/build/arduinobot_firmware -- -j6 -l6
[1.153s] INFO:colcon.colcon_core.task.python.build:Building Python package in '/home/monster/arduinobot_ws/src/arduinobot_py_examples'
[1.153s] INFO:colcon.colcon_core.shell:Skip shell extension 'powershell' for command environment: Not usable outside of PowerShell
[1.153s] DEBUG:colcon.colcon_core.shell:Skip shell extension 'dsv' for command environment
[1.158s] DEBUG:colcon.colcon_core.event_handler.log_command:Invoked command in '/home/monster/arduinobot_ws/build/arduinobot_description' returned '0': CMAKE_PREFIX_PATH=/opt/ros/humble /usr/bin/cmake --build /home/monster/arduinobot_ws/build/arduinobot_description -- -j6 -l6
[1.162s] DEBUG:colcon.colcon_core.event_handler.log_command:Invoked command in '/home/monster/arduinobot_ws/build/arduinobot_cpp_examples' returned '0': CMAKE_PREFIX_PATH=/opt/ros/humble /usr/bin/cmake --build /home/monster/arduinobot_ws/build/arduinobot_cpp_examples -- -j6 -l6
[1.196s] DEBUG:colcon.colcon_core.event_handler.log_command:Invoking command in '/home/monster/arduinobot_ws/build/arduinobot_description': CMAKE_PREFIX_PATH=/opt/ros/humble /usr/bin/cmake --install /home/monster/arduinobot_ws/build/arduinobot_description
[1.201s] DEBUG:colcon.colcon_core.event_handler.log_command:Invoking command in '/home/monster/arduinobot_ws/build/arduinobot_cpp_examples': CMAKE_PREFIX_PATH=/opt/ros/humble /usr/bin/cmake --install /home/monster/arduinobot_ws/build/arduinobot_cpp_examples
[1.217s] Level 1:colcon.colcon_core.environment:create_environment_scripts_only(arduinobot_description)
[1.219s] DEBUG:colcon.colcon_core.event_handler.log_command:Invoked command in '/home/monster/arduinobot_ws/build/arduinobot_description' returned '0': CMAKE_PREFIX_PATH=/opt/ros/humble /usr/bin/cmake --install /home/monster/arduinobot_ws/build/arduinobot_description
[1.234s] Level 1:colcon.colcon_core.environment:checking '/home/monster/arduinobot_ws/install/arduinobot_description' for CMake module files
[1.235s] Level 1:colcon.colcon_core.environment:checking '/home/monster/arduinobot_ws/install/arduinobot_description' for CMake config files
[1.235s] Level 1:colcon.colcon_core.shell:create_environment_hook('arduinobot_description', 'cmake_prefix_path')
[1.236s] INFO:colcon.colcon_core.shell:Creating environment hook '/home/monster/arduinobot_ws/install/arduinobot_description/share/arduinobot_description/hook/cmake_prefix_path.ps1'
[1.236s] INFO:colcon.colcon_core.shell:Creating environment descriptor '/home/monster/arduinobot_ws/install/arduinobot_description/share/arduinobot_description/hook/cmake_prefix_path.dsv'
[1.236s] INFO:colcon.colcon_core.shell:Creating environment hook '/home/monster/arduinobot_ws/install/arduinobot_description/share/arduinobot_description/hook/cmake_prefix_path.sh'
[1.237s] Level 1:colcon.colcon_core.environment:checking '/home/monster/arduinobot_ws/install/arduinobot_description/bin'
[1.237s] Level 1:colcon.colcon_core.environment:checking '/home/monster/arduinobot_ws/install/arduinobot_description/lib/pkgconfig/arduinobot_description.pc'
[1.237s] Level 1:colcon.colcon_core.environment:checking '/home/monster/arduinobot_ws/install/arduinobot_description/lib/python3.10/site-packages'
[1.238s] Level 1:colcon.colcon_core.environment:checking '/home/monster/arduinobot_ws/install/arduinobot_description/bin'
[1.238s] INFO:colcon.colcon_core.shell:Creating package script '/home/monster/arduinobot_ws/install/arduinobot_description/share/arduinobot_description/package.ps1'
[1.239s] INFO:colcon.colcon_core.shell:Creating package descriptor '/home/monster/arduinobot_ws/install/arduinobot_description/share/arduinobot_description/package.dsv'
[1.241s] INFO:colcon.colcon_core.shell:Creating package script '/home/monster/arduinobot_ws/install/arduinobot_description/share/arduinobot_description/package.sh'
[1.242s] INFO:colcon.colcon_core.shell:Creating package script '/home/monster/arduinobot_ws/install/arduinobot_description/share/arduinobot_description/package.bash'
[1.243s] INFO:colcon.colcon_core.shell:Creating package script '/home/monster/arduinobot_ws/install/arduinobot_description/share/arduinobot_description/package.zsh'
[1.245s] Level 1:colcon.colcon_core.environment:create_file_with_runtime_dependencies(/home/monster/arduinobot_ws/install/arduinobot_description/share/colcon-core/packages/arduinobot_description)
[1.247s] Level 1:colcon.colcon_core.environment:create_environment_scripts_only(arduinobot_cpp_examples)
[1.248s] Level 1:colcon.colcon_core.environment:checking '/home/monster/arduinobot_ws/install/arduinobot_cpp_examples' for CMake module files
[1.248s] DEBUG:colcon.colcon_core.event_handler.log_command:Invoked command in '/home/monster/arduinobot_ws/build/arduinobot_cpp_examples' returned '0': CMAKE_PREFIX_PATH=/opt/ros/humble /usr/bin/cmake --install /home/monster/arduinobot_ws/build/arduinobot_cpp_examples
[1.249s] Level 1:colcon.colcon_core.environment:checking '/home/monster/arduinobot_ws/install/arduinobot_cpp_examples' for CMake config files
[1.250s] Level 1:colcon.colcon_core.shell:create_environment_hook('arduinobot_cpp_examples', 'cmake_prefix_path')
[1.250s] INFO:colcon.colcon_core.shell:Creating environment hook '/home/monster/arduinobot_ws/install/arduinobot_cpp_examples/share/arduinobot_cpp_examples/hook/cmake_prefix_path.ps1'
[1.250s] INFO:colcon.colcon_core.shell:Creating environment descriptor '/home/monster/arduinobot_ws/install/arduinobot_cpp_examples/share/arduinobot_cpp_examples/hook/cmake_prefix_path.dsv'
[1.251s] INFO:colcon.colcon_core.shell:Creating environment hook '/home/monster/arduinobot_ws/install/arduinobot_cpp_examples/share/arduinobot_cpp_examples/hook/cmake_prefix_path.sh'
[1.251s] Level 1:colcon.colcon_core.environment:checking '/home/monster/arduinobot_ws/install/arduinobot_cpp_examples/lib'
[1.251s] Level 1:colcon.colcon_core.environment:checking '/home/monster/arduinobot_ws/install/arduinobot_cpp_examples/bin'
[1.252s] Level 1:colcon.colcon_core.environment:checking '/home/monster/arduinobot_ws/install/arduinobot_cpp_examples/lib/pkgconfig/arduinobot_cpp_examples.pc'
[1.252s] Level 1:colcon.colcon_core.environment:checking '/home/monster/arduinobot_ws/install/arduinobot_cpp_examples/lib/python3.10/site-packages'
[1.252s] Level 1:colcon.colcon_core.environment:checking '/home/monster/arduinobot_ws/install/arduinobot_cpp_examples/bin'
[1.252s] INFO:colcon.colcon_core.shell:Creating package script '/home/monster/arduinobot_ws/install/arduinobot_cpp_examples/share/arduinobot_cpp_examples/package.ps1'
[1.253s] INFO:colcon.colcon_core.shell:Creating package descriptor '/home/monster/arduinobot_ws/install/arduinobot_cpp_examples/share/arduinobot_cpp_examples/package.dsv'
[1.253s] INFO:colcon.colcon_core.shell:Creating package script '/home/monster/arduinobot_ws/install/arduinobot_cpp_examples/share/arduinobot_cpp_examples/package.sh'
[1.254s] INFO:colcon.colcon_core.shell:Creating package script '/home/monster/arduinobot_ws/install/arduinobot_cpp_examples/share/arduinobot_cpp_examples/package.bash'
[1.254s] INFO:colcon.colcon_core.shell:Creating package script '/home/monster/arduinobot_ws/install/arduinobot_cpp_examples/share/arduinobot_cpp_examples/package.zsh'
[1.254s] Level 1:colcon.colcon_core.environment:create_file_with_runtime_dependencies(/home/monster/arduinobot_ws/install/arduinobot_cpp_examples/share/colcon-core/packages/arduinobot_cpp_examples)
[1.271s] Level 1:colcon.colcon_core.environment:create_environment_scripts_only(arduinobot_description)
[1.272s] Level 1:colcon.colcon_core.environment:checking '/home/monster/arduinobot_ws/install/arduinobot_description' for CMake module files
[1.273s] Level 1:colcon.colcon_core.environment:checking '/home/monster/arduinobot_ws/install/arduinobot_description' for CMake config files
[1.273s] Level 1:colcon.colcon_core.shell:create_environment_hook('arduinobot_description', 'cmake_prefix_path')
[1.273s] INFO:colcon.colcon_core.shell:Creating environment hook '/home/monster/arduinobot_ws/install/arduinobot_description/share/arduinobot_description/hook/cmake_prefix_path.ps1'
[1.274s] INFO:colcon.colcon_core.shell:Creating environment descriptor '/home/monster/arduinobot_ws/install/arduinobot_description/share/arduinobot_description/hook/cmake_prefix_path.dsv'
[1.274s] INFO:colcon.colcon_core.shell:Creating environment hook '/home/monster/arduinobot_ws/install/arduinobot_description/share/arduinobot_description/hook/cmake_prefix_path.sh'
[1.276s] Level 1:colcon.colcon_core.environment:checking '/home/monster/arduinobot_ws/install/arduinobot_description/bin'
[1.276s] Level 1:colcon.colcon_core.environment:checking '/home/monster/arduinobot_ws/install/arduinobot_description/lib/pkgconfig/arduinobot_description.pc'
[1.276s] Level 1:colcon.colcon_core.environment:checking '/home/monster/arduinobot_ws/install/arduinobot_description/lib/python3.10/site-packages'
[1.277s] Level 1:colcon.colcon_core.environment:checking '/home/monster/arduinobot_ws/install/arduinobot_description/bin'
[1.278s] INFO:colcon.colcon_core.shell:Creating package script '/home/monster/arduinobot_ws/install/arduinobot_description/share/arduinobot_description/package.ps1'
[1.278s] INFO:colcon.colcon_core.shell:Creating package descriptor '/home/monster/arduinobot_ws/install/arduinobot_description/share/arduinobot_description/package.dsv'
[1.279s] INFO:colcon.colcon_core.shell:Creating package script '/home/monster/arduinobot_ws/install/arduinobot_description/share/arduinobot_description/package.sh'
[1.279s] INFO:colcon.colcon_core.shell:Creating package script '/home/monster/arduinobot_ws/install/arduinobot_description/share/arduinobot_description/package.bash'
[1.280s] INFO:colcon.colcon_core.shell:Creating package script '/home/monster/arduinobot_ws/install/arduinobot_description/share/arduinobot_description/package.zsh'
[1.281s] Level 1:colcon.colcon_core.environment:create_file_with_runtime_dependencies(/home/monster/arduinobot_ws/install/arduinobot_description/share/colcon-core/packages/arduinobot_description)
[1.292s] Level 1:colcon.colcon_core.environment:create_environment_scripts_only(arduinobot_cpp_examples)
[1.293s] Level 1:colcon.colcon_core.environment:checking '/home/monster/arduinobot_ws/install/arduinobot_cpp_examples' for CMake module files
[1.293s] Level 1:colcon.colcon_core.environment:checking '/home/monster/arduinobot_ws/install/arduinobot_cpp_examples' for CMake config files
[1.293s] Level 1:colcon.colcon_core.shell:create_environment_hook('arduinobot_cpp_examples', 'cmake_prefix_path')
[1.293s] INFO:colcon.colcon_core.shell:Creating environment hook '/home/monster/arduinobot_ws/install/arduinobot_cpp_examples/share/arduinobot_cpp_examples/hook/cmake_prefix_path.ps1'
[1.294s] INFO:colcon.colcon_core.shell:Creating environment descriptor '/home/monster/arduinobot_ws/install/arduinobot_cpp_examples/share/arduinobot_cpp_examples/hook/cmake_prefix_path.dsv'
[1.294s] INFO:colcon.colcon_core.shell:Creating environment hook '/home/monster/arduinobot_ws/install/arduinobot_cpp_examples/share/arduinobot_cpp_examples/hook/cmake_prefix_path.sh'
[1.295s] Level 1:colcon.colcon_core.environment:checking '/home/monster/arduinobot_ws/install/arduinobot_cpp_examples/lib'
[1.295s] Level 1:colcon.colcon_core.environment:checking '/home/monster/arduinobot_ws/install/arduinobot_cpp_examples/bin'
[1.295s] Level 1:colcon.colcon_core.environment:checking '/home/monster/arduinobot_ws/install/arduinobot_cpp_examples/lib/pkgconfig/arduinobot_cpp_examples.pc'
[1.295s] Level 1:colcon.colcon_core.environment:checking '/home/monster/arduinobot_ws/install/arduinobot_cpp_examples/lib/python3.10/site-packages'
[1.295s] Level 1:colcon.colcon_core.environment:checking '/home/monster/arduinobot_ws/install/arduinobot_cpp_examples/bin'
[1.296s] INFO:colcon.colcon_core.shell:Creating package script '/home/monster/arduinobot_ws/install/arduinobot_cpp_examples/share/arduinobot_cpp_examples/package.ps1'
[1.296s] INFO:colcon.colcon_core.shell:Creating package descriptor '/home/monster/arduinobot_ws/install/arduinobot_cpp_examples/share/arduinobot_cpp_examples/package.dsv'
[1.297s] INFO:colcon.colcon_core.shell:Creating package script '/home/monster/arduinobot_ws/install/arduinobot_cpp_examples/share/arduinobot_cpp_examples/package.sh'
[1.297s] INFO:colcon.colcon_core.shell:Creating package script '/home/monster/arduinobot_ws/install/arduinobot_cpp_examples/share/arduinobot_cpp_examples/package.bash'
[1.297s] INFO:colcon.colcon_core.shell:Creating package script '/home/monster/arduinobot_ws/install/arduinobot_cpp_examples/share/arduinobot_cpp_examples/package.zsh'
[1.298s] Level 1:colcon.colcon_core.environment:create_file_with_runtime_dependencies(/home/monster/arduinobot_ws/install/arduinobot_cpp_examples/share/colcon-core/packages/arduinobot_cpp_examples)
[1.339s] DEBUG:colcon.colcon_core.event_handler.log_command:Invoked command in '/home/monster/arduinobot_ws/build/arduinobot_firmware' returned '0': CMAKE_PREFIX_PATH=/opt/ros/humble /usr/bin/cmake --build /home/monster/arduinobot_ws/build/arduinobot_firmware -- -j6 -l6
[1.367s] DEBUG:colcon.colcon_core.event_handler.log_command:Invoking command in '/home/monster/arduinobot_ws/build/arduinobot_firmware': CMAKE_PREFIX_PATH=/opt/ros/humble /usr/bin/cmake --install /home/monster/arduinobot_ws/build/arduinobot_firmware
[1.430s] Level 1:colcon.colcon_core.environment:create_environment_scripts_only(arduinobot_firmware)
[1.430s] Level 1:colcon.colcon_core.environment:checking '/home/monster/arduinobot_ws/install/arduinobot_firmware' for CMake module files
[1.431s] DEBUG:colcon.colcon_core.event_handler.log_command:Invoked command in '/home/monster/arduinobot_ws/build/arduinobot_firmware' returned '0': CMAKE_PREFIX_PATH=/opt/ros/humble /usr/bin/cmake --install /home/monster/arduinobot_ws/build/arduinobot_firmware
[1.431s] Level 1:colcon.colcon_core.environment:checking '/home/monster/arduinobot_ws/install/arduinobot_firmware' for CMake config files
[1.433s] Level 1:colcon.colcon_core.shell:create_environment_hook('arduinobot_firmware', 'cmake_prefix_path')
[1.433s] INFO:colcon.colcon_core.shell:Creating environment hook '/home/monster/arduinobot_ws/install/arduinobot_firmware/share/arduinobot_firmware/hook/cmake_prefix_path.ps1'
[1.433s] INFO:colcon.colcon_core.shell:Creating environment descriptor '/home/monster/arduinobot_ws/install/arduinobot_firmware/share/arduinobot_firmware/hook/cmake_prefix_path.dsv'
[1.434s] INFO:colcon.colcon_core.shell:Creating environment hook '/home/monster/arduinobot_ws/install/arduinobot_firmware/share/arduinobot_firmware/hook/cmake_prefix_path.sh'
[1.434s] Level 1:colcon.colcon_core.environment:checking '/home/monster/arduinobot_ws/install/arduinobot_firmware/lib'
[1.434s] Level 1:colcon.colcon_core.environment:checking '/home/monster/arduinobot_ws/install/arduinobot_firmware/bin'
[1.434s] Level 1:colcon.colcon_core.environment:checking '/home/monster/arduinobot_ws/install/arduinobot_firmware/lib/pkgconfig/arduinobot_firmware.pc'
[1.435s] Level 1:colcon.colcon_core.environment:checking '/home/monster/arduinobot_ws/install/arduinobot_firmware/lib/python3.10/site-packages'
[1.435s] Level 1:colcon.colcon_core.environment:checking '/home/monster/arduinobot_ws/install/arduinobot_firmware/bin'
[1.435s] INFO:colcon.colcon_core.shell:Creating package script '/home/monster/arduinobot_ws/install/arduinobot_firmware/share/arduinobot_firmware/package.ps1'
[1.436s] INFO:colcon.colcon_core.shell:Creating package descriptor '/home/monster/arduinobot_ws/install/arduinobot_firmware/share/arduinobot_firmware/package.dsv'
[1.436s] INFO:colcon.colcon_core.shell:Creating package script '/home/monster/arduinobot_ws/install/arduinobot_firmware/share/arduinobot_firmware/package.sh'
[1.436s] INFO:colcon.colcon_core.shell:Creating package script '/home/monster/arduinobot_ws/install/arduinobot_firmware/share/arduinobot_firmware/package.bash'
[1.437s] INFO:colcon.colcon_core.shell:Creating package script '/home/monster/arduinobot_ws/install/arduinobot_firmware/share/arduinobot_firmware/package.zsh'
[1.437s] Level 1:colcon.colcon_core.environment:create_file_with_runtime_dependencies(/home/monster/arduinobot_ws/install/arduinobot_firmware/share/colcon-core/packages/arduinobot_firmware)
[1.470s] Level 1:colcon.colcon_core.environment:create_environment_scripts_only(arduinobot_firmware)
[1.471s] Level 1:colcon.colcon_core.environment:checking '/home/monster/arduinobot_ws/install/arduinobot_firmware' for CMake module files
[1.471s] Level 1:colcon.colcon_core.environment:checking '/home/monster/arduinobot_ws/install/arduinobot_firmware' for CMake config files
[1.471s] Level 1:colcon.colcon_core.shell:create_environment_hook('arduinobot_firmware', 'cmake_prefix_path')
[1.472s] INFO:colcon.colcon_core.shell:Creating environment hook '/home/monster/arduinobot_ws/install/arduinobot_firmware/share/arduinobot_firmware/hook/cmake_prefix_path.ps1'
[1.472s] INFO:colcon.colcon_core.shell:Creating environment descriptor '/home/monster/arduinobot_ws/install/arduinobot_firmware/share/arduinobot_firmware/hook/cmake_prefix_path.dsv'
[1.473s] INFO:colcon.colcon_core.shell:Creating environment hook '/home/monster/arduinobot_ws/install/arduinobot_firmware/share/arduinobot_firmware/hook/cmake_prefix_path.sh'
[1.473s] Level 1:colcon.colcon_core.environment:checking '/home/monster/arduinobot_ws/install/arduinobot_firmware/lib'
[1.473s] Level 1:colcon.colcon_core.environment:checking '/home/monster/arduinobot_ws/install/arduinobot_firmware/bin'
[1.473s] Level 1:colcon.colcon_core.environment:checking '/home/monster/arduinobot_ws/install/arduinobot_firmware/lib/pkgconfig/arduinobot_firmware.pc'
[1.473s] Level 1:colcon.colcon_core.environment:checking '/home/monster/arduinobot_ws/install/arduinobot_firmware/lib/python3.10/site-packages'
[1.474s] Level 1:colcon.colcon_core.environment:checking '/home/monster/arduinobot_ws/install/arduinobot_firmware/bin'
[1.474s] INFO:colcon.colcon_core.shell:Creating package script '/home/monster/arduinobot_ws/install/arduinobot_firmware/share/arduinobot_firmware/package.ps1'
[1.474s] INFO:colcon.colcon_core.shell:Creating package descriptor '/home/monster/arduinobot_ws/install/arduinobot_firmware/share/arduinobot_firmware/package.dsv'
[1.475s] INFO:colcon.colcon_core.shell:Creating package script '/home/monster/arduinobot_ws/install/arduinobot_firmware/share/arduinobot_firmware/package.sh'
[1.475s] INFO:colcon.colcon_core.shell:Creating package script '/home/monster/arduinobot_ws/install/arduinobot_firmware/share/arduinobot_firmware/package.bash'
[1.476s] INFO:colcon.colcon_core.shell:Creating package script '/home/monster/arduinobot_ws/install/arduinobot_firmware/share/arduinobot_firmware/package.zsh'
[1.476s] Level 1:colcon.colcon_core.environment:create_file_with_runtime_dependencies(/home/monster/arduinobot_ws/install/arduinobot_firmware/share/colcon-core/packages/arduinobot_firmware)
[1.691s] DEBUG:colcon.colcon_core.event_handler.log_command:Invoking command in '/home/monster/arduinobot_ws/src/arduinobot_py_examples': PYTHONPATH=/home/monster/arduinobot_ws/build/arduinobot_py_examples/prefix_override:/usr/lib/python3/dist-packages/colcon_core/task/python/colcon_distutils_commands:/home/monster/arduinobot_ws/install/arduinobot_py_examples/lib/python3.10/site-packages:${PYTHONPATH} /usr/bin/python3 -W ignore:setup.py install is deprecated setup.py egg_info --egg-base ../../build/arduinobot_py_examples build --build-base /home/monster/arduinobot_ws/build/arduinobot_py_examples/build install --record /home/monster/arduinobot_ws/build/arduinobot_py_examples/install.log --single-version-externally-managed install_data
[1.990s] Level 1:colcon.colcon_core.environment:checking '/home/monster/arduinobot_ws/install/arduinobot_py_examples' for CMake module files
[1.991s] DEBUG:colcon.colcon_core.event_handler.log_command:Invoked command in '/home/monster/arduinobot_ws/src/arduinobot_py_examples' returned '0': PYTHONPATH=/home/monster/arduinobot_ws/build/arduinobot_py_examples/prefix_override:/usr/lib/python3/dist-packages/colcon_core/task/python/colcon_distutils_commands:/home/monster/arduinobot_ws/install/arduinobot_py_examples/lib/python3.10/site-packages:${PYTHONPATH} /usr/bin/python3 -W ignore:setup.py install is deprecated setup.py egg_info --egg-base ../../build/arduinobot_py_examples build --build-base /home/monster/arduinobot_ws/build/arduinobot_py_examples/build install --record /home/monster/arduinobot_ws/build/arduinobot_py_examples/install.log --single-version-externally-managed install_data
[1.991s] Level 1:colcon.colcon_core.environment:checking '/home/monster/arduinobot_ws/install/arduinobot_py_examples' for CMake config files
[1.992s] Level 1:colcon.colcon_core.environment:checking '/home/monster/arduinobot_ws/install/arduinobot_py_examples/lib'
[1.993s] Level 1:colcon.colcon_core.environment:checking '/home/monster/arduinobot_ws/install/arduinobot_py_examples/bin'
[1.993s] Level 1:colcon.colcon_core.environment:checking '/home/monster/arduinobot_ws/install/arduinobot_py_examples/lib/pkgconfig/arduinobot_py_examples.pc'
[1.993s] Level 1:colcon.colcon_core.environment:checking '/home/monster/arduinobot_ws/install/arduinobot_py_examples/lib/python3.10/site-packages'
[1.993s] Level 1:colcon.colcon_core.shell:create_environment_hook('arduinobot_py_examples', 'pythonpath')
[1.993s] INFO:colcon.colcon_core.shell:Creating environment hook '/home/monster/arduinobot_ws/install/arduinobot_py_examples/share/arduinobot_py_examples/hook/pythonpath.ps1'
[1.993s] INFO:colcon.colcon_core.shell:Creating environment descriptor '/home/monster/arduinobot_ws/install/arduinobot_py_examples/share/arduinobot_py_examples/hook/pythonpath.dsv'
[1.994s] INFO:colcon.colcon_core.shell:Creating environment hook '/home/monster/arduinobot_ws/install/arduinobot_py_examples/share/arduinobot_py_examples/hook/pythonpath.sh'
[1.994s] Level 1:colcon.colcon_core.environment:checking '/home/monster/arduinobot_ws/install/arduinobot_py_examples/bin'
[1.994s] Level 1:colcon.colcon_core.environment:create_environment_scripts_only(arduinobot_py_examples)
[1.994s] INFO:colcon.colcon_core.shell:Creating package script '/home/monster/arduinobot_ws/install/arduinobot_py_examples/share/arduinobot_py_examples/package.ps1'
[1.995s] INFO:colcon.colcon_core.shell:Creating package descriptor '/home/monster/arduinobot_ws/install/arduinobot_py_examples/share/arduinobot_py_examples/package.dsv'
[1.995s] INFO:colcon.colcon_core.shell:Creating package script '/home/monster/arduinobot_ws/install/arduinobot_py_examples/share/arduinobot_py_examples/package.sh'
[1.995s] INFO:colcon.colcon_core.shell:Creating package script '/home/monster/arduinobot_ws/install/arduinobot_py_examples/share/arduinobot_py_examples/package.bash'
[1.995s] INFO:colcon.colcon_core.shell:Creating package script '/home/monster/arduinobot_ws/install/arduinobot_py_examples/share/arduinobot_py_examples/package.zsh'
[1.996s] Level 1:colcon.colcon_core.environment:create_file_with_runtime_dependencies(/home/monster/arduinobot_ws/install/arduinobot_py_examples/share/colcon-core/packages/arduinobot_py_examples)
[1.996s] DEBUG:colcon.colcon_parallel_executor.executor.parallel:closing loop
[1.997s] DEBUG:colcon.colcon_parallel_executor.executor.parallel:loop closed
[1.997s] DEBUG:colcon.colcon_parallel_executor.executor.parallel:run_until_complete finished with '0'
[1.997s] DEBUG:colcon.colcon_core.event_reactor:joining thread
[2.006s] INFO:colcon.colcon_core.plugin_system:Skipping extension 'colcon_notification.desktop_notification.terminal_notifier': Not used on non-Darwin systems
[2.006s] INFO:colcon.colcon_core.plugin_system:Skipping extension 'colcon_notification.desktop_notification.win32': Not used on non-Windows systems
[2.006s] INFO:colcon.colcon_notification.desktop_notification:Sending desktop notification using 'notify2'
[2.036s] DEBUG:colcon.colcon_core.event_reactor:joined thread
[2.036s] INFO:colcon.colcon_core.shell:Creating prefix script '/home/monster/arduinobot_ws/install/local_setup.ps1'
[2.037s] INFO:colcon.colcon_core.shell:Creating prefix util module '/home/monster/arduinobot_ws/install/_local_setup_util_ps1.py'
[2.039s] INFO:colcon.colcon_core.shell:Creating prefix chain script '/home/monster/arduinobot_ws/install/setup.ps1'
[2.041s] INFO:colcon.colcon_core.shell:Creating prefix script '/home/monster/arduinobot_ws/install/local_setup.sh'
[2.045s] INFO:colcon.colcon_core.shell:Creating prefix util module '/home/monster/arduinobot_ws/install/_local_setup_util_sh.py'
[2.045s] INFO:colcon.colcon_core.shell:Creating prefix chain script '/home/monster/arduinobot_ws/install/setup.sh'
[2.048s] INFO:colcon.colcon_core.shell:Creating prefix script '/home/monster/arduinobot_ws/install/local_setup.bash'
[2.049s] INFO:colcon.colcon_core.shell:Creating prefix chain script '/home/monster/arduinobot_ws/install/setup.bash'
[2.051s] INFO:colcon.colcon_core.shell:Creating prefix script '/home/monster/arduinobot_ws/install/local_setup.zsh'
[2.052s] INFO:colcon.colcon_core.shell:Creating prefix chain script '/home/monster/arduinobot_ws/install/setup.zsh'
