[0.653s] Invoking command in '/home/monster/arduinobot_ws/src/arduinobot_py_examples': PYTHONPATH=/home/monster/arduinobot_ws/build/arduinobot_py_examples/prefix_override:/usr/lib/python3/dist-packages/colcon_core/task/python/colcon_distutils_commands:/home/monster/arduinobot_ws/install/arduinobot_py_examples/lib/python3.10/site-packages:${PYTHONPATH} /usr/bin/python3 -W ignore:setup.py install is deprecated setup.py egg_info --egg-base ../../build/arduinobot_py_examples build --build-base /home/monster/arduinobot_ws/build/arduinobot_py_examples/build install --record /home/monster/arduinobot_ws/build/arduinobot_py_examples/install.log --single-version-externally-managed install_data
[0.864s] running egg_info
[0.865s] writing ../../build/arduinobot_py_examples/arduinobot_py_examples.egg-info/PKG-INFO
[0.865s] writing dependency_links to ../../build/arduinobot_py_examples/arduinobot_py_examples.egg-info/dependency_links.txt
[0.866s] writing entry points to ../../build/arduinobot_py_examples/arduinobot_py_examples.egg-info/entry_points.txt
[0.866s] writing requirements to ../../build/arduinobot_py_examples/arduinobot_py_examples.egg-info/requires.txt
[0.866s] writing top-level names to ../../build/arduinobot_py_examples/arduinobot_py_examples.egg-info/top_level.txt
[0.867s] reading manifest file '../../build/arduinobot_py_examples/arduinobot_py_examples.egg-info/SOURCES.txt'
[0.870s] writing manifest file '../../build/arduinobot_py_examples/arduinobot_py_examples.egg-info/SOURCES.txt'
[0.870s] running build
[0.870s] running build_py
[0.870s] copying arduinobot_py_examples/simple_parameter.py -> /home/monster/arduinobot_ws/build/arduinobot_py_examples/build/lib/arduinobot_py_examples
[0.871s] running install
[0.871s] running install_lib
[0.872s] copying /home/monster/arduinobot_ws/build/arduinobot_py_examples/build/lib/arduinobot_py_examples/simple_parameter.py -> /home/monster/arduinobot_ws/install/arduinobot_py_examples/lib/python3.10/site-packages/arduinobot_py_examples
[0.872s] byte-compiling /home/monster/arduinobot_ws/install/arduinobot_py_examples/lib/python3.10/site-packages/arduinobot_py_examples/simple_parameter.py to simple_parameter.cpython-310.pyc
[0.873s] running install_data
[0.873s]   File "/home/monster/arduinobot_ws/install/arduinobot_py_examples/lib/python3.10/site-packages/arduinobot_py_examples/simple_parameter.py", line 14
[0.873s]     	def paramChangeCallback(selfi params)
[0.873s]     	                              ^^^^^^
[0.873s] SyntaxError: invalid syntax
[0.873s] 
[0.873s] copying package.xml -> /home/monster/arduinobot_ws/install/arduinobot_py_examples/share/arduinobot_py_examples
[0.873s] running install_egg_info
[0.875s] removing '/home/monster/arduinobot_ws/install/arduinobot_py_examples/lib/python3.10/site-packages/arduinobot_py_examples-0.0.0-py3.10.egg-info' (and everything under it)
[0.875s] Copying ../../build/arduinobot_py_examples/arduinobot_py_examples.egg-info to /home/monster/arduinobot_ws/install/arduinobot_py_examples/lib/python3.10/site-packages/arduinobot_py_examples-0.0.0-py3.10.egg-info
[0.876s] running install_scripts
[0.895s] Installing simple_parameter script to /home/monster/arduinobot_ws/install/arduinobot_py_examples/lib/arduinobot_py_examples
[0.895s] Installing simple_publisher script to /home/monster/arduinobot_ws/install/arduinobot_py_examples/lib/arduinobot_py_examples
[0.895s] Installing simple_subscriber script to /home/monster/arduinobot_ws/install/arduinobot_py_examples/lib/arduinobot_py_examples
[0.896s] writing list of installed files to '/home/monster/arduinobot_ws/build/arduinobot_py_examples/install.log'
[0.918s] Invoked command in '/home/monster/arduinobot_ws/src/arduinobot_py_examples' returned '0': PYTHONPATH=/home/monster/arduinobot_ws/build/arduinobot_py_examples/prefix_override:/usr/lib/python3/dist-packages/colcon_core/task/python/colcon_distutils_commands:/home/monster/arduinobot_ws/install/arduinobot_py_examples/lib/python3.10/site-packages:${PYTHONPATH} /usr/bin/python3 -W ignore:setup.py install is deprecated setup.py egg_info --egg-base ../../build/arduinobot_py_examples build --build-base /home/monster/arduinobot_ws/build/arduinobot_py_examples/build install --record /home/monster/arduinobot_ws/build/arduinobot_py_examples/install.log --single-version-externally-managed install_data
