[0.033s] Invoking command in '/home/monster/arduinobot_ws/build/arduinobot_description': CMAKE_PREFIX_PATH=${CMAKE_PREFIX_PATH}:/home/monster/arduinobot_ws/install/arduinobot_py_examples:/opt/ros/humble /usr/bin/cmake --build /home/monster/arduinobot_ws/build/arduinobot_description -- -j6 -l6
[0.072s] -- Found ament_cmake: 1.3.9 (/opt/ros/humble/share/ament_cmake/cmake)
[0.274s] -- Found ament_lint_auto: 0.12.11 (/opt/ros/humble/share/ament_lint_auto/cmake)
[0.375s] -- Added test 'flake8' to check Python code syntax and style conventions
[0.376s] -- Added test 'lint_cmake' to check CMake code style
[0.377s] -- Added test 'pep257' to check Python code against some of the docstring style conventions in PEP 257
[0.379s] -- Added test 'xmllint' to check XML markup files
[0.382s] -- Configuring done
[0.391s] -- Generating done
[0.392s] -- Build files have been written to: /home/monster/arduinobot_ws/build/arduinobot_description
[0.416s] Invoked command in '/home/monster/arduinobot_ws/build/arduinobot_description' returned '0': CMAKE_PREFIX_PATH=${CMAKE_PREFIX_PATH}:/home/monster/arduinobot_ws/install/arduinobot_py_examples:/opt/ros/humble /usr/bin/cmake --build /home/monster/arduinobot_ws/build/arduinobot_description -- -j6 -l6
[0.456s] Invoking command in '/home/monster/arduinobot_ws/build/arduinobot_description': CMAKE_PREFIX_PATH=${CMAKE_PREFIX_PATH}:/home/monster/arduinobot_ws/install/arduinobot_py_examples:/opt/ros/humble /usr/bin/cmake --install /home/monster/arduinobot_ws/build/arduinobot_description
[0.465s] -- Install configuration: ""
[0.465s] -- Up-to-date: /home/monster/arduinobot_ws/install/arduinobot_description/share/arduinobot_description/urdf
[0.466s] -- Up-to-date: /home/monster/arduinobot_ws/install/arduinobot_description/share/arduinobot_description/urdf/arduinobot.urdf.xacro
[0.466s] -- Up-to-date: /home/monster/arduinobot_ws/install/arduinobot_description/share/arduinobot_description/urdf/inertial_macros.xacro
[0.466s] -- Up-to-date: /home/monster/arduinobot_ws/install/arduinobot_description/share/arduinobot_description/urdf/robot_core.xacro
[0.466s] -- Up-to-date: /home/monster/arduinobot_ws/install/arduinobot_description/share/arduinobot_description/launch
[0.466s] -- Up-to-date: /home/monster/arduinobot_ws/install/arduinobot_description/share/arduinobot_description/launch/robot_description_publisher.launch.py
[0.467s] -- Up-to-date: /home/monster/arduinobot_ws/install/arduinobot_description/share/arduinobot_description/launch/display.launch.py
[0.467s] -- Up-to-date: /home/monster/arduinobot_ws/install/arduinobot_description/share/arduinobot_description/rviz
[0.467s] -- Up-to-date: /home/monster/arduinobot_ws/install/arduinobot_description/share/arduinobot_description/rviz/display.rviz
[0.467s] -- Up-to-date: /home/monster/arduinobot_ws/install/arduinobot_description/share/arduinobot_description/rviz/robot_description_publisher.rviz
[0.468s] -- Installing: /home/monster/arduinobot_ws/install/arduinobot_description/share/ament_index/resource_index/package_run_dependencies/arduinobot_description
[0.468s] -- Installing: /home/monster/arduinobot_ws/install/arduinobot_description/share/ament_index/resource_index/parent_prefix_path/arduinobot_description
[0.469s] -- Up-to-date: /home/monster/arduinobot_ws/install/arduinobot_description/share/arduinobot_description/environment/ament_prefix_path.sh
[0.469s] -- Installing: /home/monster/arduinobot_ws/install/arduinobot_description/share/arduinobot_description/environment/ament_prefix_path.dsv
[0.470s] -- Up-to-date: /home/monster/arduinobot_ws/install/arduinobot_description/share/arduinobot_description/environment/path.sh
[0.470s] -- Installing: /home/monster/arduinobot_ws/install/arduinobot_description/share/arduinobot_description/environment/path.dsv
[0.470s] -- Up-to-date: /home/monster/arduinobot_ws/install/arduinobot_description/share/arduinobot_description/local_setup.bash
[0.471s] -- Up-to-date: /home/monster/arduinobot_ws/install/arduinobot_description/share/arduinobot_description/local_setup.sh
[0.471s] -- Up-to-date: /home/monster/arduinobot_ws/install/arduinobot_description/share/arduinobot_description/local_setup.zsh
[0.472s] -- Installing: /home/monster/arduinobot_ws/install/arduinobot_description/share/arduinobot_description/local_setup.dsv
[0.472s] -- Installing: /home/monster/arduinobot_ws/install/arduinobot_description/share/arduinobot_description/package.dsv
[0.472s] -- Up-to-date: /home/monster/arduinobot_ws/install/arduinobot_description/share/ament_index/resource_index/packages/arduinobot_description
[0.472s] -- Up-to-date: /home/monster/arduinobot_ws/install/arduinobot_description/share/arduinobot_description/cmake/arduinobot_descriptionConfig.cmake
[0.472s] -- Up-to-date: /home/monster/arduinobot_ws/install/arduinobot_description/share/arduinobot_description/cmake/arduinobot_descriptionConfig-version.cmake
[0.473s] -- Installing: /home/monster/arduinobot_ws/install/arduinobot_description/share/arduinobot_description/package.xml
[0.491s] Invoked command in '/home/monster/arduinobot_ws/build/arduinobot_description' returned '0': CMAKE_PREFIX_PATH=${CMAKE_PREFIX_PATH}:/home/monster/arduinobot_ws/install/arduinobot_py_examples:/opt/ros/humble /usr/bin/cmake --install /home/monster/arduinobot_ws/build/arduinobot_description
