[0.021s] Invoking command in '/home/monster/arduinobot_ws/build/arduinobot_cpp_examples': CMAKE_PREFIX_PATH=${CMAKE_PREFIX_PATH}:/home/monster/arduinobot_ws/install/arduinobot_py_examples:/opt/ros/humble /usr/bin/cmake --build /home/monster/arduinobot_ws/build/arduinobot_cpp_examples -- -j3 -l3
[0.063s] -- Found ament_cmake: 1.3.9 (/opt/ros/humble/share/ament_cmake/cmake)
[0.255s] -- Found rclcpp: 16.0.9 (/opt/ros/humble/share/rclcpp/cmake)
[0.331s] -- Found rosidl_generator_c: 3.1.5 (/opt/ros/humble/share/rosidl_generator_c/cmake)
[0.341s] -- Found rosidl_adapter: 3.1.5 (/opt/ros/humble/share/rosidl_adapter/cmake)
[0.358s] -- Found rosidl_generator_cpp: 3.1.5 (/opt/ros/humble/share/rosidl_generator_cpp/cmake)
[0.383s] -- Using all available rosidl_typesupport_c: rosidl_typesupport_fastrtps_c;rosidl_typesupport_introspection_c
[0.423s] -- Using all available rosidl_typesupport_cpp: rosidl_typesupport_fastrtps_cpp;rosidl_typesupport_introspection_cpp
[0.530s] -- Found rmw_implementation_cmake: 6.1.2 (/opt/ros/humble/share/rmw_implementation_cmake/cmake)
[0.538s] -- Found rmw_fastrtps_cpp: 6.2.6 (/opt/ros/humble/share/rmw_fastrtps_cpp/cmake)
[0.677s] -- Found OpenSSL: /usr/lib/x86_64-linux-gnu/libcrypto.so (found version "3.0.2")  
[0.706s] -- Found FastRTPS: /opt/ros/humble/include  
[0.764s] -- Using RMW implementation 'rmw_fastrtps_cpp' as default
[0.780s] -- Looking for pthread.h
[0.944s] -- Looking for pthread.h - found
[0.945s] -- Performing Test CMAKE_HAVE_LIBC_PTHREAD
[1.021s] -- Performing Test CMAKE_HAVE_LIBC_PTHREAD - Success
[1.023s] -- Found Threads: TRUE  
[1.214s] [31mCMake Error at CMakeLists.txt:16 (install):
[1.214s]   install does not recognize sub-command TARGET
[1.215s] 
[1.215s] [0m
[1.216s] -- Found ament_lint_auto: 0.12.11 (/opt/ros/humble/share/ament_lint_auto/cmake)
[1.314s] -- Added test 'cppcheck' to perform static code analysis on C / C++ code
[1.315s] -- Configured cppcheck include dirs: 
[1.315s] -- Configured cppcheck exclude dirs and/or files: 
[1.317s] -- Added test 'lint_cmake' to check CMake code style
[1.318s] -- Added test 'uncrustify' to check C / C++ code style
[1.318s] -- Configured uncrustify additional arguments: 
[1.320s] -- Added test 'xmllint' to check XML markup files
[1.322s] -- Configuring incomplete, errors occurred!
[1.322s] See also "/home/monster/arduinobot_ws/build/arduinobot_cpp_examples/CMakeFiles/CMakeOutput.log".
[1.330s] gmake: *** [Makefile:226: cmake_check_build_system] Error 1
[1.332s] Invoked command in '/home/monster/arduinobot_ws/build/arduinobot_cpp_examples' returned '2': CMAKE_PREFIX_PATH=${CMAKE_PREFIX_PATH}:/home/monster/arduinobot_ws/install/arduinobot_py_examples:/opt/ros/humble /usr/bin/cmake --build /home/monster/arduinobot_ws/build/arduinobot_cpp_examples -- -j3 -l3
