[0.032s] Invoking command in '/home/monster/arduinobot_ws/src/build/arduinobot_description': CMAKE_PREFIX_PATH=/opt/ros/humble /usr/bin/cmake /home/monster/arduinobot_ws/src/arduinobot_description -DCMAKE_INSTALL_PREFIX=/home/monster/arduinobot_ws/src/install/arduinobot_description
[0.322s] -- The C compiler identification is GNU 11.4.0
[0.522s] -- The CXX compiler identification is GNU 11.4.0
[0.540s] -- Detecting C compiler ABI info
[0.659s] -- Detecting C compiler ABI info - done
[0.663s] -- Check for working C compiler: /usr/bin/cc - skipped
[0.665s] -- Detecting C compile features
[0.666s] -- Detecting C compile features - done
[0.672s] -- Detecting CXX compiler ABI info
[0.772s] -- Detecting CXX compiler ABI info - done
[0.781s] -- Check for working CXX compiler: /usr/bin/c++ - skipped
[0.784s] -- Detecting CXX compile features
[0.784s] -- Detecting CXX compile features - done
[0.792s] -- Found ament_cmake: 1.3.9 (/opt/ros/humble/share/ament_cmake/cmake)
[0.994s] -- Found Python3: /usr/bin/python3 (found version "3.10.12") found components: Interpreter 
[1.133s] -- Found ament_lint_auto: 0.12.11 (/opt/ros/humble/share/ament_lint_auto/cmake)
[1.241s] -- Added test 'lint_cmake' to check CMake code style
[1.244s] -- Added test 'xmllint' to check XML markup files
[1.246s] -- Configuring done
[1.250s] -- Generating done
[1.251s] -- Build files have been written to: /home/monster/arduinobot_ws/src/build/arduinobot_description
[1.259s] Invoked command in '/home/monster/arduinobot_ws/src/build/arduinobot_description' returned '0': CMAKE_PREFIX_PATH=/opt/ros/humble /usr/bin/cmake /home/monster/arduinobot_ws/src/arduinobot_description -DCMAKE_INSTALL_PREFIX=/home/monster/arduinobot_ws/src/install/arduinobot_description
[1.261s] Invoking command in '/home/monster/arduinobot_ws/src/build/arduinobot_description': CMAKE_PREFIX_PATH=/opt/ros/humble /usr/bin/cmake --build /home/monster/arduinobot_ws/src/build/arduinobot_description -- -j3 -l3
[1.306s] Invoked command in '/home/monster/arduinobot_ws/src/build/arduinobot_description' returned '0': CMAKE_PREFIX_PATH=/opt/ros/humble /usr/bin/cmake --build /home/monster/arduinobot_ws/src/build/arduinobot_description -- -j3 -l3
[1.338s] Invoking command in '/home/monster/arduinobot_ws/src/build/arduinobot_description': CMAKE_PREFIX_PATH=/opt/ros/humble /usr/bin/cmake --install /home/monster/arduinobot_ws/src/build/arduinobot_description
[1.348s] -- Install configuration: ""
[1.348s] -- Installing: /home/monster/arduinobot_ws/src/install/arduinobot_description/share/ament_index/resource_index/package_run_dependencies/arduinobot_description
[1.349s] -- Installing: /home/monster/arduinobot_ws/src/install/arduinobot_description/share/ament_index/resource_index/parent_prefix_path/arduinobot_description
[1.349s] -- Installing: /home/monster/arduinobot_ws/src/install/arduinobot_description/share/arduinobot_description/environment/ament_prefix_path.sh
[1.349s] -- Installing: /home/monster/arduinobot_ws/src/install/arduinobot_description/share/arduinobot_description/environment/ament_prefix_path.dsv
[1.350s] -- Installing: /home/monster/arduinobot_ws/src/install/arduinobot_description/share/arduinobot_description/environment/path.sh
[1.350s] -- Installing: /home/monster/arduinobot_ws/src/install/arduinobot_description/share/arduinobot_description/environment/path.dsv
[1.350s] -- Installing: /home/monster/arduinobot_ws/src/install/arduinobot_description/share/arduinobot_description/local_setup.bash
[1.351s] -- Installing: /home/monster/arduinobot_ws/src/install/arduinobot_description/share/arduinobot_description/local_setup.sh
[1.351s] -- Installing: /home/monster/arduinobot_ws/src/install/arduinobot_description/share/arduinobot_description/local_setup.zsh
[1.352s] -- Installing: /home/monster/arduinobot_ws/src/install/arduinobot_description/share/arduinobot_description/local_setup.dsv
[1.352s] -- Installing: /home/monster/arduinobot_ws/src/install/arduinobot_description/share/arduinobot_description/package.dsv
[1.352s] -- Installing: /home/monster/arduinobot_ws/src/install/arduinobot_description/share/ament_index/resource_index/packages/arduinobot_description
[1.353s] -- Installing: /home/monster/arduinobot_ws/src/install/arduinobot_description/share/arduinobot_description/cmake/arduinobot_descriptionConfig.cmake
[1.353s] -- Installing: /home/monster/arduinobot_ws/src/install/arduinobot_description/share/arduinobot_description/cmake/arduinobot_descriptionConfig-version.cmake
[1.353s] -- Installing: /home/monster/arduinobot_ws/src/install/arduinobot_description/share/arduinobot_description/package.xml
[1.356s] Invoked command in '/home/monster/arduinobot_ws/src/build/arduinobot_description' returned '0': CMAKE_PREFIX_PATH=/opt/ros/humble /usr/bin/cmake --install /home/monster/arduinobot_ws/src/build/arduinobot_description
