[0.021s] Invoking command in '/home/monster/arduinobot_ws/build/arduinobot_firmware': CMAKE_PREFIX_PATH=${CMAKE_PREFIX_PATH}:/home/monster/arduinobot_ws/install/arduinobot_py_examples:/opt/ros/humble /usr/bin/cmake --build /home/monster/arduinobot_ws/build/arduinobot_firmware -- -j3 -l3
[0.117s] [  0%] Built target ament_cmake_python_copy_arduinobot_firmware
[0.129s] [100%] Built target simple_serial_transmitter
[0.399s] running egg_info
[0.400s] writing arduinobot_firmware.egg-info/PKG-INFO
[0.401s] writing dependency_links to arduinobot_firmware.egg-info/dependency_links.txt
[0.401s] writing top-level names to arduinobot_firmware.egg-info/top_level.txt
[0.404s] reading manifest file 'arduinobot_firmware.egg-info/SOURCES.txt'
[0.404s] writing manifest file 'arduinobot_firmware.egg-info/SOURCES.txt'
[0.445s] [100%] Built target ament_cmake_python_build_arduinobot_firmware_egg
[0.457s] Invoked command in '/home/monster/arduinobot_ws/build/arduinobot_firmware' returned '0': CMAKE_PREFIX_PATH=${CMAKE_PREFIX_PATH}:/home/monster/arduinobot_ws/install/arduinobot_py_examples:/opt/ros/humble /usr/bin/cmake --build /home/monster/arduinobot_ws/build/arduinobot_firmware -- -j3 -l3
[0.491s] Invoking command in '/home/monster/arduinobot_ws/build/arduinobot_firmware': CMAKE_PREFIX_PATH=${CMAKE_PREFIX_PATH}:/home/monster/arduinobot_ws/install/arduinobot_py_examples:/opt/ros/humble /usr/bin/cmake --install /home/monster/arduinobot_ws/build/arduinobot_firmware
[0.499s] -- Install configuration: ""
[0.499s] -- Up-to-date: /home/monster/arduinobot_ws/install/arduinobot_firmware/share/arduinobot_firmware/environment/pythonpath.sh
[0.499s] -- Up-to-date: /home/monster/arduinobot_ws/install/arduinobot_firmware/share/arduinobot_firmware/environment/pythonpath.dsv
[0.499s] -- Up-to-date: /home/monster/arduinobot_ws/install/arduinobot_firmware/local/lib/python3.10/dist-packages/arduinobot_firmware-0.0.0-py3.10.egg-info
[0.499s] -- Installing: /home/monster/arduinobot_ws/install/arduinobot_firmware/local/lib/python3.10/dist-packages/arduinobot_firmware-0.0.0-py3.10.egg-info/PKG-INFO
[0.499s] -- Installing: /home/monster/arduinobot_ws/install/arduinobot_firmware/local/lib/python3.10/dist-packages/arduinobot_firmware-0.0.0-py3.10.egg-info/SOURCES.txt
[0.499s] -- Installing: /home/monster/arduinobot_ws/install/arduinobot_firmware/local/lib/python3.10/dist-packages/arduinobot_firmware-0.0.0-py3.10.egg-info/dependency_links.txt
[0.500s] -- Installing: /home/monster/arduinobot_ws/install/arduinobot_firmware/local/lib/python3.10/dist-packages/arduinobot_firmware-0.0.0-py3.10.egg-info/top_level.txt
[0.500s] -- Up-to-date: /home/monster/arduinobot_ws/install/arduinobot_firmware/local/lib/python3.10/dist-packages/arduinobot_firmware
[0.500s] -- Up-to-date: /home/monster/arduinobot_ws/install/arduinobot_firmware/local/lib/python3.10/dist-packages/arduinobot_firmware/__init__.py
[0.500s] -- Up-to-date: /home/monster/arduinobot_ws/install/arduinobot_firmware/local/lib/python3.10/dist-packages/arduinobot_firmware/simple_serial_transmitter.py
[0.536s] Listing '/home/monster/arduinobot_ws/install/arduinobot_firmware/local/lib/python3.10/dist-packages/arduinobot_firmware'...
[0.542s] -- Up-to-date: /home/monster/arduinobot_ws/install/arduinobot_firmware/lib/arduinobot_firmware/simple_serial_transmitter
[0.542s] -- Up-to-date: /home/monster/arduinobot_ws/install/arduinobot_firmware/lib/arduinobot_firmware/simple_serial_transmitter.py
[0.542s] -- Up-to-date: /home/monster/arduinobot_ws/install/arduinobot_firmware/share/ament_index/resource_index/package_run_dependencies/arduinobot_firmware
[0.544s] -- Up-to-date: /home/monster/arduinobot_ws/install/arduinobot_firmware/share/ament_index/resource_index/parent_prefix_path/arduinobot_firmware
[0.544s] -- Up-to-date: /home/monster/arduinobot_ws/install/arduinobot_firmware/share/arduinobot_firmware/environment/ament_prefix_path.sh
[0.544s] -- Up-to-date: /home/monster/arduinobot_ws/install/arduinobot_firmware/share/arduinobot_firmware/environment/ament_prefix_path.dsv
[0.544s] -- Up-to-date: /home/monster/arduinobot_ws/install/arduinobot_firmware/share/arduinobot_firmware/environment/path.sh
[0.545s] -- Up-to-date: /home/monster/arduinobot_ws/install/arduinobot_firmware/share/arduinobot_firmware/environment/path.dsv
[0.545s] -- Up-to-date: /home/monster/arduinobot_ws/install/arduinobot_firmware/share/arduinobot_firmware/local_setup.bash
[0.545s] -- Up-to-date: /home/monster/arduinobot_ws/install/arduinobot_firmware/share/arduinobot_firmware/local_setup.sh
[0.545s] -- Up-to-date: /home/monster/arduinobot_ws/install/arduinobot_firmware/share/arduinobot_firmware/local_setup.zsh
[0.545s] -- Up-to-date: /home/monster/arduinobot_ws/install/arduinobot_firmware/share/arduinobot_firmware/local_setup.dsv
[0.546s] -- Installing: /home/monster/arduinobot_ws/install/arduinobot_firmware/share/arduinobot_firmware/package.dsv
[0.546s] -- Up-to-date: /home/monster/arduinobot_ws/install/arduinobot_firmware/share/ament_index/resource_index/packages/arduinobot_firmware
[0.546s] -- Up-to-date: /home/monster/arduinobot_ws/install/arduinobot_firmware/share/arduinobot_firmware/cmake/arduinobot_firmwareConfig.cmake
[0.546s] -- Up-to-date: /home/monster/arduinobot_ws/install/arduinobot_firmware/share/arduinobot_firmware/cmake/arduinobot_firmwareConfig-version.cmake
[0.546s] -- Up-to-date: /home/monster/arduinobot_ws/install/arduinobot_firmware/share/arduinobot_firmware/package.xml
[0.546s] Invoked command in '/home/monster/arduinobot_ws/build/arduinobot_firmware' returned '0': CMAKE_PREFIX_PATH=${CMAKE_PREFIX_PATH}:/home/monster/arduinobot_ws/install/arduinobot_py_examples:/opt/ros/humble /usr/bin/cmake --install /home/monster/arduinobot_ws/build/arduinobot_firmware
