[0.039s] Invoking command in '/home/monster/arduinobot_ws/src/build/arduinobot_firmware': CMAKE_PREFIX_PATH=/opt/ros/humble /usr/bin/cmake --build /home/monster/arduinobot_ws/src/build/arduinobot_firmware -- -j3 -l3
[0.179s] -- Found ament_cmake: 1.3.9 (/opt/ros/humble/share/ament_cmake/cmake)
[0.353s] -- Found rclpy: 3.3.13 (/opt/ros/humble/share/rclpy/cmake)
[0.356s] -- Found rclcpp: 16.0.9 (/opt/ros/humble/share/rclcpp/cmake)
[0.434s] -- Found rosidl_generator_c: 3.1.5 (/opt/ros/humble/share/rosidl_generator_c/cmake)
[0.444s] -- Found rosidl_adapter: 3.1.5 (/opt/ros/humble/share/rosidl_adapter/cmake)
[0.460s] -- Found rosidl_generator_cpp: 3.1.5 (/opt/ros/humble/share/rosidl_generator_cpp/cmake)
[0.489s] -- Using all available rosidl_typesupport_c: rosidl_typesupport_fastrtps_c;rosidl_typesupport_introspection_c
[0.518s] -- Using all available rosidl_typesupport_cpp: rosidl_typesupport_fastrtps_cpp;rosidl_typesupport_introspection_cpp
[0.623s] -- Found rmw_implementation_cmake: 6.1.2 (/opt/ros/humble/share/rmw_implementation_cmake/cmake)
[0.629s] -- Found rmw_fastrtps_cpp: 6.2.6 (/opt/ros/humble/share/rmw_fastrtps_cpp/cmake)
[0.771s] -- Found OpenSSL: /usr/lib/x86_64-linux-gnu/libcrypto.so (found version "3.0.2")  
[0.804s] -- Found FastRTPS: /opt/ros/humble/include  
[0.853s] -- Using RMW implementation 'rmw_fastrtps_cpp' as default
[0.872s] -- Looking for pthread.h
[1.052s] -- Looking for pthread.h - found
[1.053s] -- Performing Test CMAKE_HAVE_LIBC_PTHREAD
[1.135s] -- Performing Test CMAKE_HAVE_LIBC_PTHREAD - Success
[1.136s] -- Found Threads: TRUE  
[1.404s] -- Found PkgConfig: /usr/bin/pkg-config (found version "0.29.2") 
[1.405s] -- Checking for module 'libserial'
[1.422s] --   Found libserial, version 1.0.0
[1.604s] -- Found ament_lint_auto: 0.12.11 (/opt/ros/humble/share/ament_lint_auto/cmake)
[1.748s] -- Added test 'cppcheck' to perform static code analysis on C / C++ code
[1.748s] -- Configured cppcheck include dirs: /home/monster/arduinobot_ws/src/arduinobot_firmware/
[1.748s] -- Configured cppcheck exclude dirs and/or files: 
[1.749s] -- Added test 'flake8' to check Python code syntax and style conventions
[1.751s] -- Added test 'lint_cmake' to check CMake code style
[1.752s] -- Added test 'pep257' to check Python code against some of the docstring style conventions in PEP 257
[1.754s] -- Added test 'uncrustify' to check C / C++ code style
[1.754s] -- Configured uncrustify additional arguments: 
[1.755s] -- Added test 'xmllint' to check XML markup files
[1.758s] -- Configuring done
[1.779s] -- Generating done
[1.783s] -- Build files have been written to: /home/monster/arduinobot_ws/src/build/arduinobot_firmware
[1.894s] [ 50%] [32mBuilding CXX object CMakeFiles/simple_serial_transmitter.dir/src/simple_serial_transmitter.cpp.o[0m
[1.928s] [ 50%] Built target ament_cmake_python_copy_arduinobot_firmware
[2.321s] running egg_info
[2.322s] creating arduinobot_firmware.egg-info
[2.323s] writing arduinobot_firmware.egg-info/PKG-INFO
[2.323s] writing dependency_links to arduinobot_firmware.egg-info/dependency_links.txt
[2.324s] writing top-level names to arduinobot_firmware.egg-info/top_level.txt
[2.324s] writing manifest file 'arduinobot_firmware.egg-info/SOURCES.txt'
[2.326s] reading manifest file 'arduinobot_firmware.egg-info/SOURCES.txt'
[2.327s] writing manifest file 'arduinobot_firmware.egg-info/SOURCES.txt'
[2.363s] [ 50%] Built target ament_cmake_python_build_arduinobot_firmware_egg
[11.388s] [100%] [32m[1mLinking CXX executable simple_serial_transmitter[0m
[11.972s] [100%] Built target simple_serial_transmitter
[11.985s] Invoked command in '/home/monster/arduinobot_ws/src/build/arduinobot_firmware' returned '0': CMAKE_PREFIX_PATH=/opt/ros/humble /usr/bin/cmake --build /home/monster/arduinobot_ws/src/build/arduinobot_firmware -- -j3 -l3
[12.029s] Invoking command in '/home/monster/arduinobot_ws/src/build/arduinobot_firmware': CMAKE_PREFIX_PATH=/opt/ros/humble /usr/bin/cmake --install /home/monster/arduinobot_ws/src/build/arduinobot_firmware
[12.045s] -- Install configuration: ""
[12.046s] -- Installing: /home/monster/arduinobot_ws/src/install/arduinobot_firmware/share/arduinobot_firmware/environment/pythonpath.sh
[12.046s] -- Installing: /home/monster/arduinobot_ws/src/install/arduinobot_firmware/share/arduinobot_firmware/environment/pythonpath.dsv
[12.047s] -- Installing: /home/monster/arduinobot_ws/src/install/arduinobot_firmware/local/lib/python3.10/dist-packages/arduinobot_firmware-0.0.0-py3.10.egg-info
[12.047s] -- Installing: /home/monster/arduinobot_ws/src/install/arduinobot_firmware/local/lib/python3.10/dist-packages/arduinobot_firmware-0.0.0-py3.10.egg-info/PKG-INFO
[12.047s] -- Installing: /home/monster/arduinobot_ws/src/install/arduinobot_firmware/local/lib/python3.10/dist-packages/arduinobot_firmware-0.0.0-py3.10.egg-info/SOURCES.txt
[12.047s] -- Installing: /home/monster/arduinobot_ws/src/install/arduinobot_firmware/local/lib/python3.10/dist-packages/arduinobot_firmware-0.0.0-py3.10.egg-info/dependency_links.txt
[12.047s] -- Installing: /home/monster/arduinobot_ws/src/install/arduinobot_firmware/local/lib/python3.10/dist-packages/arduinobot_firmware-0.0.0-py3.10.egg-info/top_level.txt
[12.050s] -- Installing: /home/monster/arduinobot_ws/src/install/arduinobot_firmware/local/lib/python3.10/dist-packages/arduinobot_firmware
[12.051s] -- Installing: /home/monster/arduinobot_ws/src/install/arduinobot_firmware/local/lib/python3.10/dist-packages/arduinobot_firmware/__init__.py
[12.051s] -- Installing: /home/monster/arduinobot_ws/src/install/arduinobot_firmware/local/lib/python3.10/dist-packages/arduinobot_firmware/simple_serial_transmitter.py
[12.116s] Listing '/home/monster/arduinobot_ws/src/install/arduinobot_firmware/local/lib/python3.10/dist-packages/arduinobot_firmware'...
[12.116s] Compiling '/home/monster/arduinobot_ws/src/install/arduinobot_firmware/local/lib/python3.10/dist-packages/arduinobot_firmware/__init__.py'...
[12.116s] Compiling '/home/monster/arduinobot_ws/src/install/arduinobot_firmware/local/lib/python3.10/dist-packages/arduinobot_firmware/simple_serial_transmitter.py'...
[12.123s] -- Installing: /home/monster/arduinobot_ws/src/install/arduinobot_firmware/lib/arduinobot_firmware/simple_serial_transmitter
[12.127s] -- Set runtime path of "/home/monster/arduinobot_ws/src/install/arduinobot_firmware/lib/arduinobot_firmware/simple_serial_transmitter" to ""
[12.127s] -- Installing: /home/monster/arduinobot_ws/src/install/arduinobot_firmware/lib/arduinobot_firmware/simple_serial_transmitter.py
[12.127s] -- Installing: /home/monster/arduinobot_ws/src/install/arduinobot_firmware/share/ament_index/resource_index/package_run_dependencies/arduinobot_firmware
[12.128s] -- Up-to-date: /home/monster/arduinobot_ws/src/install/arduinobot_firmware/share/ament_index/resource_index/parent_prefix_path/arduinobot_firmware
[12.128s] -- Up-to-date: /home/monster/arduinobot_ws/src/install/arduinobot_firmware/share/arduinobot_firmware/environment/ament_prefix_path.sh
[12.128s] -- Installing: /home/monster/arduinobot_ws/src/install/arduinobot_firmware/share/arduinobot_firmware/environment/ament_prefix_path.dsv
[12.128s] -- Up-to-date: /home/monster/arduinobot_ws/src/install/arduinobot_firmware/share/arduinobot_firmware/environment/path.sh
[12.129s] -- Installing: /home/monster/arduinobot_ws/src/install/arduinobot_firmware/share/arduinobot_firmware/environment/path.dsv
[12.129s] -- Up-to-date: /home/monster/arduinobot_ws/src/install/arduinobot_firmware/share/arduinobot_firmware/local_setup.bash
[12.129s] -- Installing: /home/monster/arduinobot_ws/src/install/arduinobot_firmware/share/arduinobot_firmware/local_setup.sh
[12.129s] -- Up-to-date: /home/monster/arduinobot_ws/src/install/arduinobot_firmware/share/arduinobot_firmware/local_setup.zsh
[12.129s] -- Installing: /home/monster/arduinobot_ws/src/install/arduinobot_firmware/share/arduinobot_firmware/local_setup.dsv
[12.130s] -- Installing: /home/monster/arduinobot_ws/src/install/arduinobot_firmware/share/arduinobot_firmware/package.dsv
[12.130s] -- Up-to-date: /home/monster/arduinobot_ws/src/install/arduinobot_firmware/share/ament_index/resource_index/packages/arduinobot_firmware
[12.130s] -- Up-to-date: /home/monster/arduinobot_ws/src/install/arduinobot_firmware/share/arduinobot_firmware/cmake/arduinobot_firmwareConfig.cmake
[12.130s] -- Up-to-date: /home/monster/arduinobot_ws/src/install/arduinobot_firmware/share/arduinobot_firmware/cmake/arduinobot_firmwareConfig-version.cmake
[12.130s] -- Installing: /home/monster/arduinobot_ws/src/install/arduinobot_firmware/share/arduinobot_firmware/package.xml
[12.134s] Invoked command in '/home/monster/arduinobot_ws/src/build/arduinobot_firmware' returned '0': CMAKE_PREFIX_PATH=/opt/ros/humble /usr/bin/cmake --install /home/monster/arduinobot_ws/src/build/arduinobot_firmware
